<?xml version="1.0" encoding="utf-8"?>
<coverage line-rate="0.4636" branch-rate="0.6083" version="1.9" timestamp="1783869157" lines-covered="683" lines-valid="1473" branches-covered="219" branches-valid="360">
  <sources>
    <source>e:\Leno\src\</source>
  </sources>
  <packages>
    <package name="Leno.SellerShop.Domain" line-rate="0.8863" branch-rate="0.9333" complexity="288">
      <classes>
        <class name="Leno.SellerShop.Domain.ValueObjects.BusinessLicense" filename="Services\SellerShop\Leno.SellerShop.Domain\ValueObjects\BusinessLicense.cs" line-rate="0" branch-rate="0" complexity="14">
          <methods>
            <method name="get_LicenseNo" signature="()" line-rate="0" branch-rate="1" complexity="1">
              <lines>
                <line number="13" hits="0" branch="False" />
              </lines>
            </method>
            <method name="get_ImageUrl" signature="()" line-rate="0" branch-rate="1" complexity="1">
              <lines>
                <line number="16" hits="0" branch="False" />
              </lines>
            </method>
            <method name="get_ExpireDate" signature="()" line-rate="0" branch-rate="1" complexity="1">
              <lines>
                <line number="19" hits="0" branch="False" />
              </lines>
            </method>
            <method name="IsValidAt" signature="(System.DateTime)" line-rate="0" branch-rate="0" complexity="2">
              <lines>
                <line number="55" hits="0" branch="True" condition-coverage="0% (0/2)">
                  <conditions>
                    <condition number="14" type="jump" coverage="0%" />
                  </conditions>
                </line>
              </lines>
            </method>
            <method name=".ctor" signature="()" line-rate="0" branch-rate="1" complexity="1">
              <lines>
                <line number="21" hits="0" branch="False" />
                <line number="22" hits="0" branch="False" />
                <line number="23" hits="0" branch="False" />
                <line number="24" hits="0" branch="False" />
                <line number="25" hits="0" branch="False" />
              </lines>
            </method>
            <method name=".ctor" signature="(System.String,System.String,System.Nullable`1&lt;System.DateTime&gt;)" line-rate="0" branch-rate="0" complexity="8">
              <lines>
                <line number="27" hits="0" branch="False" />
                <line number="28" hits="0" branch="False" />
                <line number="29" hits="0" branch="True" condition-coverage="0% (0/2)">
                  <conditions>
                    <condition number="16" type="jump" coverage="0%" />
                  </conditions>
                </line>
                <line number="30" hits="0" branch="False" />
                <line number="31" hits="0" branch="False" />
                <line number="34" hits="0" branch="True" condition-coverage="0% (0/2)">
                  <conditions>
                    <condition number="43" type="jump" coverage="0%" />
                  </conditions>
                </line>
                <line number="35" hits="0" branch="False" />
                <line number="36" hits="0" branch="False" />
                <line number="39" hits="0" branch="True" condition-coverage="0% (0/2)">
                  <conditions>
                    <condition number="79" type="jump" coverage="0%" />
                  </conditions>
                </line>
                <line number="40" hits="0" branch="False" />
                <line number="41" hits="0" branch="False" />
                <line number="44" hits="0" branch="True" condition-coverage="0% (0/2)">
                  <conditions>
                    <condition number="168" type="jump" coverage="0%" />
                  </conditions>
                </line>
                <line number="45" hits="0" branch="False" />
                <line number="46" hits="0" branch="False" />
                <line number="49" hits="0" branch="False" />
                <line number="50" hits="0" branch="False" />
                <line number="51" hits="0" branch="False" />
                <line number="52" hits="0" branch="False" />
              </lines>
            </method>
          </methods>
          <lines>
            <line number="13" hits="0" branch="False" />
            <line number="16" hits="0" branch="False" />
            <line number="19" hits="0" branch="False" />
            <line number="55" hits="0" branch="True" condition-coverage="0% (0/2)">
              <conditions>
                <condition number="14" type="jump" coverage="0%" />
              </conditions>
            </line>
            <line number="21" hits="0" branch="False" />
            <line number="22" hits="0" branch="False" />
            <line number="23" hits="0" branch="False" />
            <line number="24" hits="0" branch="False" />
            <line number="25" hits="0" branch="False" />
            <line number="27" hits="0" branch="False" />
            <line number="28" hits="0" branch="False" />
            <line number="29" hits="0" branch="True" condition-coverage="0% (0/2)">
              <conditions>
                <condition number="16" type="jump" coverage="0%" />
              </conditions>
            </line>
            <line number="30" hits="0" branch="False" />
            <line number="31" hits="0" branch="False" />
            <line number="34" hits="0" branch="True" condition-coverage="0% (0/2)">
              <conditions>
                <condition number="43" type="jump" coverage="0%" />
              </conditions>
            </line>
            <line number="35" hits="0" branch="False" />
            <line number="36" hits="0" branch="False" />
            <line number="39" hits="0" branch="True" condition-coverage="0% (0/2)">
              <conditions>
                <condition number="79" type="jump" coverage="0%" />
              </conditions>
            </line>
            <line number="40" hits="0" branch="False" />
            <line number="41" hits="0" branch="False" />
            <line number="44" hits="0" branch="True" condition-coverage="0% (0/2)">
              <conditions>
                <condition number="168" type="jump" coverage="0%" />
              </conditions>
            </line>
            <line number="45" hits="0" branch="False" />
            <line number="46" hits="0" branch="False" />
            <line number="49" hits="0" branch="False" />
            <line number="50" hits="0" branch="False" />
            <line number="51" hits="0" branch="False" />
            <line number="52" hits="0" branch="False" />
          </lines>
        </class>
        <class name="Leno.SellerShop.Domain.Exceptions.SellerShopDomainException" filename="Services\SellerShop\Leno.SellerShop.Domain\Exceptions\SellerShopDomainException.cs" line-rate="0.5" branch-rate="1" complexity="2">
          <methods>
            <method name=".ctor" signature="(System.String,System.String,System.Int32)" line-rate="1" branch-rate="1" complexity="1">
              <lines>
                <line number="12" hits="123" branch="False" />
                <line number="13" hits="123" branch="False" />
                <line number="14" hits="123" branch="False" />
              </lines>
            </method>
            <method name=".ctor" signature="(System.String,System.Exception,System.String,System.Int32)" line-rate="0" branch-rate="1" complexity="1">
              <lines>
                <line number="17" hits="0" branch="False" />
                <line number="18" hits="0" branch="False" />
                <line number="19" hits="0" branch="False" />
              </lines>
            </method>
          </methods>
          <lines>
            <line number="12" hits="123" branch="False" />
            <line number="13" hits="123" branch="False" />
            <line number="14" hits="123" branch="False" />
            <line number="17" hits="0" branch="False" />
            <line number="18" hits="0" branch="False" />
            <line number="19" hits="0" branch="False" />
          </lines>
        </class>
        <class name="Leno.SellerShop.Domain.Events.QualificationExpiringEvent" filename="Services\SellerShop\Leno.SellerShop.Domain\Events\QualificationExpiringEvent.cs" line-rate="0" branch-rate="1" complexity="10">
          <methods>
            <method name="get_QualificationId" signature="()" line-rate="0" branch-rate="1" complexity="1">
              <lines>
                <line number="14" hits="0" branch="False" />
              </lines>
            </method>
            <method name="get_ShopId" signature="()" line-rate="0" branch-rate="1" complexity="1">
              <lines>
                <line number="17" hits="0" branch="False" />
              </lines>
            </method>
            <method name="get_SellerId" signature="()" line-rate="0" branch-rate="1" complexity="1">
              <lines>
                <line number="20" hits="0" branch="False" />
              </lines>
            </method>
            <method name="get_QualificationType" signature="()" line-rate="0" branch-rate="1" complexity="1">
              <lines>
                <line number="23" hits="0" branch="False" />
              </lines>
            </method>
            <method name="get_Number" signature="()" line-rate="0" branch-rate="1" complexity="1">
              <lines>
                <line number="26" hits="0" branch="False" />
              </lines>
            </method>
            <method name="get_ExpiryDate" signature="()" line-rate="0" branch-rate="1" complexity="1">
              <lines>
                <line number="29" hits="0" branch="False" />
              </lines>
            </method>
            <method name="get_DaysRemaining" signature="()" line-rate="0" branch-rate="1" complexity="1">
              <lines>
                <line number="32" hits="0" branch="False" />
              </lines>
            </method>
            <method name="get_AggregateId" signature="()" line-rate="0" branch-rate="1" complexity="1">
              <lines>
                <line number="35" hits="0" branch="False" />
              </lines>
            </method>
            <method name=".ctor" signature="()" line-rate="0" branch-rate="1" complexity="1">
              <lines>
                <line number="38" hits="0" branch="False" />
                <line number="39" hits="0" branch="False" />
                <line number="40" hits="0" branch="False" />
              </lines>
            </method>
            <method name=".ctor" signature="(System.Guid,System.Guid,System.Guid,System.String,System.String,System.DateTime,System.Int32)" line-rate="0" branch-rate="1" complexity="1">
              <lines>
                <line number="49" hits="0" branch="False" />
                <line number="50" hits="0" branch="False" />
                <line number="51" hits="0" branch="False" />
                <line number="52" hits="0" branch="False" />
                <line number="53" hits="0" branch="False" />
                <line number="54" hits="0" branch="False" />
                <line number="55" hits="0" branch="False" />
                <line number="56" hits="0" branch="False" />
                <line number="57" hits="0" branch="False" />
                <line number="58" hits="0" branch="False" />
              </lines>
            </method>
          </methods>
          <lines>
            <line number="14" hits="0" branch="False" />
            <line number="17" hits="0" branch="False" />
            <line number="20" hits="0" branch="False" />
            <line number="23" hits="0" branch="False" />
            <line number="26" hits="0" branch="False" />
            <line number="29" hits="0" branch="False" />
            <line number="32" hits="0" branch="False" />
            <line number="35" hits="0" branch="False" />
            <line number="38" hits="0" branch="False" />
            <line number="39" hits="0" branch="False" />
            <line number="40" hits="0" branch="False" />
            <line number="49" hits="0" branch="False" />
            <line number="50" hits="0" branch="False" />
            <line number="51" hits="0" branch="False" />
            <line number="52" hits="0" branch="False" />
            <line number="53" hits="0" branch="False" />
            <line number="54" hits="0" branch="False" />
            <line number="55" hits="0" branch="False" />
            <line number="56" hits="0" branch="False" />
            <line number="57" hits="0" branch="False" />
            <line number="58" hits="0" branch="False" />
          </lines>
        </class>
        <class name="Leno.SellerShop.Domain.Entities.ShopQualification" filename="Services\SellerShop\Leno.SellerShop.Domain\Entities\ShopQualification.cs" line-rate="0.8556" branch-rate="0.8823000000000001" complexity="45">
          <methods>
            <method name="get_ShopId" signature="()" line-rate="1" branch-rate="1" complexity="1">
              <lines>
                <line number="18" hits="52" branch="False" />
              </lines>
            </method>
            <method name="get_Type" signature="()" line-rate="1" branch-rate="1" complexity="1">
              <lines>
                <line number="21" hits="42" branch="False" />
              </lines>
            </method>
            <method name="get_Number" signature="()" line-rate="1" branch-rate="1" complexity="1">
              <lines>
                <line number="24" hits="81" branch="False" />
              </lines>
            </method>
            <method name="get_ImageUrl" signature="()" line-rate="1" branch-rate="1" complexity="1">
              <lines>
                <line number="27" hits="81" branch="False" />
              </lines>
            </method>
            <method name="get_ValidFrom" signature="()" line-rate="1" branch-rate="1" complexity="1">
              <lines>
                <line number="30" hits="40" branch="False" />
              </lines>
            </method>
            <method name="get_ValidTo" signature="()" line-rate="1" branch-rate="1" complexity="1">
              <lines>
                <line number="33" hits="45" branch="False" />
              </lines>
            </method>
            <method name="get_Status" signature="()" line-rate="1" branch-rate="1" complexity="1">
              <lines>
                <line number="36" hits="100" branch="False" />
              </lines>
            </method>
            <method name="get_RejectReason" signature="()" line-rate="1" branch-rate="1" complexity="1">
              <lines>
                <line number="39" hits="23" branch="False" />
              </lines>
            </method>
            <method name="get_ReviewedBy" signature="()" line-rate="1" branch-rate="1" complexity="1">
              <lines>
                <line number="42" hits="22" branch="False" />
              </lines>
            </method>
            <method name="Create" signature="(System.Guid,System.Guid,Leno.SellerShop.Domain.ValueObjects.QualificationType,System.String,System.String,System.DateTime,System.DateTime)" line-rate="1" branch-rate="1" complexity="14">
              <lines>
                <line number="67" hits="48" branch="False" />
                <line number="68" hits="48" branch="True" condition-coverage="100% (2/2)">
                  <conditions>
                    <condition number="14" type="jump" coverage="100%" />
                  </conditions>
                </line>
                <line number="69" hits="1" branch="False" />
                <line number="70" hits="1" branch="False" />
                <line number="73" hits="47" branch="True" condition-coverage="100% (2/2)">
                  <conditions>
                    <condition number="51" type="jump" coverage="100%" />
                  </conditions>
                </line>
                <line number="74" hits="1" branch="False" />
                <line number="75" hits="1" branch="False" />
                <line number="78" hits="46" branch="True" condition-coverage="100% (2/2)">
                  <conditions>
                    <condition number="83" type="jump" coverage="100%" />
                  </conditions>
                </line>
                <line number="79" hits="2" branch="False" />
                <line number="80" hits="2" branch="False" />
                <line number="83" hits="44" branch="True" condition-coverage="100% (2/2)">
                  <conditions>
                    <condition number="116" type="jump" coverage="100%" />
                  </conditions>
                </line>
                <line number="84" hits="1" branch="False" />
                <line number="85" hits="1" branch="False" />
                <line number="88" hits="43" branch="True" condition-coverage="100% (2/2)">
                  <conditions>
                    <condition number="159" type="jump" coverage="100%" />
                  </conditions>
                </line>
                <line number="89" hits="1" branch="False" />
                <line number="90" hits="1" branch="False" />
                <line number="91" hits="1" branch="False" />
                <line number="94" hits="42" branch="True" condition-coverage="100% (2/2)">
                  <conditions>
                    <condition number="254" type="jump" coverage="100%" />
                  </conditions>
                </line>
                <line number="95" hits="1" branch="False" />
                <line number="96" hits="1" branch="False" />
                <line number="97" hits="1" branch="False" />
                <line number="100" hits="41" branch="True" condition-coverage="100% (2/2)">
                  <conditions>
                    <condition number="342" type="jump" coverage="100%" />
                  </conditions>
                </line>
                <line number="101" hits="2" branch="False" />
                <line number="102" hits="2" branch="False" />
                <line number="105" hits="39" branch="False" />
                <line number="106" hits="39" branch="False" />
                <line number="107" hits="39" branch="False" />
                <line number="108" hits="39" branch="False" />
                <line number="109" hits="39" branch="False" />
                <line number="110" hits="39" branch="False" />
                <line number="111" hits="39" branch="False" />
                <line number="112" hits="39" branch="False" />
                <line number="113" hits="39" branch="False" />
                <line number="114" hits="39" branch="False" />
                <line number="115" hits="39" branch="False" />
              </lines>
            </method>
            <method name="Approve" signature="(System.Guid)" line-rate="1" branch-rate="1" complexity="4">
              <lines>
                <line number="122" hits="13" branch="False" />
                <line number="123" hits="13" branch="True" condition-coverage="100% (2/2)">
                  <conditions>
                    <condition number="12" type="jump" coverage="100%" />
                  </conditions>
                </line>
                <line number="124" hits="2" branch="False" />
                <line number="125" hits="2" branch="False" />
                <line number="126" hits="2" branch="False" />
                <line number="129" hits="11" branch="True" condition-coverage="100% (2/2)">
                  <conditions>
                    <condition number="101" type="jump" coverage="100%" />
                  </conditions>
                </line>
                <line number="130" hits="1" branch="False" />
                <line number="131" hits="1" branch="False" />
                <line number="134" hits="10" branch="False" />
                <line number="135" hits="10" branch="False" />
                <line number="136" hits="10" branch="False" />
                <line number="137" hits="10" branch="False" />
              </lines>
            </method>
            <method name="Reject" signature="(System.Guid,System.String)" line-rate="1" branch-rate="1" complexity="8">
              <lines>
                <line number="145" hits="13" branch="False" />
                <line number="146" hits="13" branch="True" condition-coverage="100% (2/2)">
                  <conditions>
                    <condition number="12" type="jump" coverage="100%" />
                  </conditions>
                </line>
                <line number="147" hits="2" branch="False" />
                <line number="148" hits="2" branch="False" />
                <line number="149" hits="2" branch="False" />
                <line number="152" hits="11" branch="True" condition-coverage="100% (2/2)">
                  <conditions>
                    <condition number="101" type="jump" coverage="100%" />
                  </conditions>
                </line>
                <line number="153" hits="1" branch="False" />
                <line number="154" hits="1" branch="False" />
                <line number="157" hits="10" branch="True" condition-coverage="100% (2/2)">
                  <conditions>
                    <condition number="133" type="jump" coverage="100%" />
                  </conditions>
                </line>
                <line number="158" hits="2" branch="False" />
                <line number="159" hits="2" branch="False" />
                <line number="162" hits="8" branch="True" condition-coverage="100% (2/2)">
                  <conditions>
                    <condition number="179" type="jump" coverage="100%" />
                  </conditions>
                </line>
                <line number="163" hits="1" branch="False" />
                <line number="164" hits="1" branch="False" />
                <line number="165" hits="1" branch="False" />
                <line number="168" hits="7" branch="False" />
                <line number="169" hits="7" branch="False" />
                <line number="170" hits="7" branch="False" />
                <line number="171" hits="7" branch="False" />
              </lines>
            </method>
            <method name="MarkExpired" signature="()" line-rate="0" branch-rate="0" complexity="2">
              <lines>
                <line number="177" hits="0" branch="False" />
                <line number="178" hits="0" branch="True" condition-coverage="0% (0/2)">
                  <conditions>
                    <condition number="15" type="jump" coverage="0%" />
                  </conditions>
                </line>
                <line number="179" hits="0" branch="False" />
                <line number="180" hits="0" branch="False" />
                <line number="181" hits="0" branch="False" />
                <line number="184" hits="0" branch="False" />
                <line number="185" hits="0" branch="False" />
              </lines>
            </method>
            <method name="IsValidAt" signature="(System.DateTime)" line-rate="0" branch-rate="0" complexity="2">
              <lines>
                <line number="191" hits="0" branch="False" />
                <line number="192" hits="0" branch="True" condition-coverage="0% (0/2)">
                  <conditions>
                    <condition number="15" type="jump" coverage="0%" />
                  </conditions>
                </line>
                <line number="193" hits="0" branch="False" />
                <line number="194" hits="0" branch="False" />
                <line number="197" hits="0" branch="False" />
                <line number="198" hits="0" branch="False" />
              </lines>
            </method>
            <method name="IsExpiringWithin" signature="(System.Int32,System.DateTime)" line-rate="1" branch-rate="1" complexity="4">
              <lines>
                <line number="204" hits="7" branch="False" />
                <line number="205" hits="7" branch="True" condition-coverage="100% (2/2)">
                  <conditions>
                    <condition number="15" type="jump" coverage="100%" />
                  </conditions>
                </line>
                <line number="206" hits="2" branch="False" />
                <line number="207" hits="2" branch="False" />
                <line number="210" hits="5" branch="False" />
                <line number="211" hits="5" branch="True" condition-coverage="100% (2/2)">
                  <conditions>
                    <condition number="44" type="jump" coverage="100%" />
                  </conditions>
                </line>
                <line number="212" hits="7" branch="False" />
              </lines>
            </method>
            <method name=".ctor" signature="()" line-rate="0" branch-rate="1" complexity="1">
              <lines>
                <line number="45" hits="0" branch="False" />
              </lines>
            </method>
            <method name=".ctor" signature="(System.Guid)" line-rate="1" branch-rate="1" complexity="1">
              <lines>
                <line number="47" hits="117" branch="False" />
              </lines>
            </method>
          </methods>
          <lines>
            <line number="18" hits="52" branch="False" />
            <line number="21" hits="42" branch="False" />
            <line number="24" hits="81" branch="False" />
            <line number="27" hits="81" branch="False" />
            <line number="30" hits="40" branch="False" />
            <line number="33" hits="45" branch="False" />
            <line number="36" hits="100" branch="False" />
            <line number="39" hits="23" branch="False" />
            <line number="42" hits="22" branch="False" />
            <line number="67" hits="48" branch="False" />
            <line number="68" hits="48" branch="True" condition-coverage="100% (2/2)">
              <conditions>
                <condition number="14" type="jump" coverage="100%" />
              </conditions>
            </line>
            <line number="69" hits="1" branch="False" />
            <line number="70" hits="1" branch="False" />
            <line number="73" hits="47" branch="True" condition-coverage="100% (2/2)">
              <conditions>
                <condition number="51" type="jump" coverage="100%" />
              </conditions>
            </line>
            <line number="74" hits="1" branch="False" />
            <line number="75" hits="1" branch="False" />
            <line number="78" hits="46" branch="True" condition-coverage="100% (2/2)">
              <conditions>
                <condition number="83" type="jump" coverage="100%" />
              </conditions>
            </line>
            <line number="79" hits="2" branch="False" />
            <line number="80" hits="2" branch="False" />
            <line number="83" hits="44" branch="True" condition-coverage="100% (2/2)">
              <conditions>
                <condition number="116" type="jump" coverage="100%" />
              </conditions>
            </line>
            <line number="84" hits="1" branch="False" />
            <line number="85" hits="1" branch="False" />
            <line number="88" hits="43" branch="True" condition-coverage="100% (2/2)">
              <conditions>
                <condition number="159" type="jump" coverage="100%" />
              </conditions>
            </line>
            <line number="89" hits="1" branch="False" />
            <line number="90" hits="1" branch="False" />
            <line number="91" hits="1" branch="False" />
            <line number="94" hits="42" branch="True" condition-coverage="100% (2/2)">
              <conditions>
                <condition number="254" type="jump" coverage="100%" />
              </conditions>
            </line>
            <line number="95" hits="1" branch="False" />
            <line number="96" hits="1" branch="False" />
            <line number="97" hits="1" branch="False" />
            <line number="100" hits="41" branch="True" condition-coverage="100% (2/2)">
              <conditions>
                <condition number="342" type="jump" coverage="100%" />
              </conditions>
            </line>
            <line number="101" hits="2" branch="False" />
            <line number="102" hits="2" branch="False" />
            <line number="105" hits="39" branch="False" />
            <line number="106" hits="39" branch="False" />
            <line number="107" hits="39" branch="False" />
            <line number="108" hits="39" branch="False" />
            <line number="109" hits="39" branch="False" />
            <line number="110" hits="39" branch="False" />
            <line number="111" hits="39" branch="False" />
            <line number="112" hits="39" branch="False" />
            <line number="113" hits="39" branch="False" />
            <line number="114" hits="39" branch="False" />
            <line number="115" hits="39" branch="False" />
            <line number="122" hits="13" branch="False" />
            <line number="123" hits="13" branch="True" condition-coverage="100% (2/2)">
              <conditions>
                <condition number="12" type="jump" coverage="100%" />
              </conditions>
            </line>
            <line number="124" hits="2" branch="False" />
            <line number="125" hits="2" branch="False" />
            <line number="126" hits="2" branch="False" />
            <line number="129" hits="11" branch="True" condition-coverage="100% (2/2)">
              <conditions>
                <condition number="101" type="jump" coverage="100%" />
              </conditions>
            </line>
            <line number="130" hits="1" branch="False" />
            <line number="131" hits="1" branch="False" />
            <line number="134" hits="10" branch="False" />
            <line number="135" hits="10" branch="False" />
            <line number="136" hits="10" branch="False" />
            <line number="137" hits="10" branch="False" />
            <line number="145" hits="13" branch="False" />
            <line number="146" hits="13" branch="True" condition-coverage="100% (2/2)">
              <conditions>
                <condition number="12" type="jump" coverage="100%" />
              </conditions>
            </line>
            <line number="147" hits="2" branch="False" />
            <line number="148" hits="2" branch="False" />
            <line number="149" hits="2" branch="False" />
            <line number="152" hits="11" branch="True" condition-coverage="100% (2/2)">
              <conditions>
                <condition number="101" type="jump" coverage="100%" />
              </conditions>
            </line>
            <line number="153" hits="1" branch="False" />
            <line number="154" hits="1" branch="False" />
            <line number="157" hits="10" branch="True" condition-coverage="100% (2/2)">
              <conditions>
                <condition number="133" type="jump" coverage="100%" />
              </conditions>
            </line>
            <line number="158" hits="2" branch="False" />
            <line number="159" hits="2" branch="False" />
            <line number="162" hits="8" branch="True" condition-coverage="100% (2/2)">
              <conditions>
                <condition number="179" type="jump" coverage="100%" />
              </conditions>
            </line>
            <line number="163" hits="1" branch="False" />
            <line number="164" hits="1" branch="False" />
            <line number="165" hits="1" branch="False" />
            <line number="168" hits="7" branch="False" />
            <line number="169" hits="7" branch="False" />
            <line number="170" hits="7" branch="False" />
            <line number="171" hits="7" branch="False" />
            <line number="177" hits="0" branch="False" />
            <line number="178" hits="0" branch="True" condition-coverage="0% (0/2)">
              <conditions>
                <condition number="15" type="jump" coverage="0%" />
              </conditions>
            </line>
            <line number="179" hits="0" branch="False" />
            <line number="180" hits="0" branch="False" />
            <line number="181" hits="0" branch="False" />
            <line number="184" hits="0" branch="False" />
            <line number="185" hits="0" branch="False" />
            <line number="191" hits="0" branch="False" />
            <line number="192" hits="0" branch="True" condition-coverage="0% (0/2)">
              <conditions>
                <condition number="15" type="jump" coverage="0%" />
              </conditions>
            </line>
            <line number="193" hits="0" branch="False" />
            <line number="194" hits="0" branch="False" />
            <line number="197" hits="0" branch="False" />
            <line number="198" hits="0" branch="False" />
            <line number="204" hits="7" branch="False" />
            <line number="205" hits="7" branch="True" condition-coverage="100% (2/2)">
              <conditions>
                <condition number="15" type="jump" coverage="100%" />
              </conditions>
            </line>
            <line number="206" hits="2" branch="False" />
            <line number="207" hits="2" branch="False" />
            <line number="210" hits="5" branch="False" />
            <line number="211" hits="5" branch="True" condition-coverage="100% (2/2)">
              <conditions>
                <condition number="44" type="jump" coverage="100%" />
              </conditions>
            </line>
            <line number="212" hits="7" branch="False" />
            <line number="45" hits="0" branch="False" />
            <line number="47" hits="117" branch="False" />
          </lines>
        </class>
        <class name="Leno.SellerShop.Domain.Aggregates.SellerProfile" filename="Services\SellerShop\Leno.SellerShop.Domain\Aggregates\SellerProfile.cs" line-rate="0.9908" branch-rate="1" complexity="62">
          <methods>
            <method name="get_UserId" signature="()" line-rate="1" branch-rate="1" complexity="1">
              <lines>
                <line number="19" hits="44" branch="False" />
              </lines>
            </method>
            <method name="get_RealName" signature="()" line-rate="1" branch-rate="1" complexity="1">
              <lines>
                <line number="22" hits="97" branch="False" />
              </lines>
            </method>
            <method name="get_IdCard" signature="()" line-rate="1" branch-rate="1" complexity="1">
              <lines>
                <line number="25" hits="82" branch="False" />
              </lines>
            </method>
            <method name="get_BusinessLicenseNo" signature="()" line-rate="1" branch-rate="1" complexity="1">
              <lines>
                <line number="28" hits="83" branch="False" />
              </lines>
            </method>
            <method name="get_BankAccount" signature="()" line-rate="1" branch-rate="1" complexity="1">
              <lines>
                <line number="31" hits="55" branch="False" />
              </lines>
            </method>
            <method name="get_Status" signature="()" line-rate="1" branch-rate="1" complexity="1">
              <lines>
                <line number="34" hits="174" branch="False" />
              </lines>
            </method>
            <method name="get_ReviewedBy" signature="()" line-rate="1" branch-rate="1" complexity="1">
              <lines>
                <line number="37" hits="17" branch="False" />
              </lines>
            </method>
            <method name="get_StatusReason" signature="()" line-rate="1" branch-rate="1" complexity="1">
              <lines>
                <line number="40" hits="44" branch="False" />
              </lines>
            </method>
            <method name="Create" signature="(System.Guid,System.Guid,System.String,System.String,System.String,System.String)" line-rate="1" branch-rate="1" complexity="10">
              <lines>
                <line number="63" hits="51" branch="False" />
                <line number="64" hits="51" branch="True" condition-coverage="100% (2/2)">
                  <conditions>
                    <condition number="14" type="jump" coverage="100%" />
                  </conditions>
                </line>
                <line number="65" hits="1" branch="False" />
                <line number="66" hits="1" branch="False" />
                <line number="69" hits="50" branch="True" condition-coverage="100% (2/2)">
                  <conditions>
                    <condition number="51" type="jump" coverage="100%" />
                  </conditions>
                </line>
                <line number="70" hits="1" branch="False" />
                <line number="71" hits="1" branch="False" />
                <line number="74" hits="49" branch="False" />
                <line number="75" hits="46" branch="False" />
                <line number="76" hits="45" branch="False" />
                <line number="77" hits="44" branch="False" />
                <line number="79" hits="43" branch="True" condition-coverage="100% (6/6)">
                  <conditions>
                    <condition number="139" type="jump" coverage="100%" />
                    <condition number="164" type="jump" coverage="100%" />
                    <condition number="190" type="jump" coverage="100%" />
                  </conditions>
                </line>
                <line number="80" hits="43" branch="False" />
                <line number="81" hits="43" branch="False" />
                <line number="82" hits="43" branch="False" />
                <line number="83" hits="43" branch="False" />
                <line number="84" hits="43" branch="False" />
                <line number="85" hits="43" branch="False" />
                <line number="86" hits="43" branch="False" />
                <line number="87" hits="43" branch="False" />
                <line number="88" hits="43" branch="False" />
              </lines>
            </method>
            <method name="Update" signature="(System.String,System.String,System.String,System.String)" line-rate="1" branch-rate="1" complexity="8">
              <lines>
                <line number="98" hits="12" branch="False" />
                <line number="99" hits="12" branch="True" condition-coverage="100% (2/2)">
                  <conditions>
                    <condition number="12" type="jump" coverage="100%" />
                  </conditions>
                </line>
                <line number="100" hits="2" branch="False" />
                <line number="101" hits="2" branch="False" />
                <line number="104" hits="10" branch="False" />
                <line number="105" hits="8" branch="False" />
                <line number="106" hits="7" branch="False" />
                <line number="107" hits="6" branch="False" />
                <line number="109" hits="5" branch="False" />
                <line number="110" hits="5" branch="True" condition-coverage="100% (2/2)">
                  <conditions>
                    <condition number="85" type="jump" coverage="100%" />
                  </conditions>
                </line>
                <line number="111" hits="5" branch="True" condition-coverage="100% (2/2)">
                  <conditions>
                    <condition number="109" type="jump" coverage="100%" />
                  </conditions>
                </line>
                <line number="112" hits="5" branch="True" condition-coverage="100% (2/2)">
                  <conditions>
                    <condition number="134" type="jump" coverage="100%" />
                  </conditions>
                </line>
                <line number="113" hits="5" branch="False" />
              </lines>
            </method>
            <method name="SubmitForVerification" signature="()" line-rate="1" branch-rate="1" complexity="8">
              <lines>
                <line number="119" hits="29" branch="False" />
                <line number="120" hits="29" branch="True" condition-coverage="100% (4/4)">
                  <conditions>
                    <condition number="7" type="jump" coverage="100%" />
                    <condition number="26" type="jump" coverage="100%" />
                  </conditions>
                </line>
                <line number="121" hits="2" branch="False" />
                <line number="122" hits="2" branch="False" />
                <line number="123" hits="2" branch="False" />
                <line number="126" hits="27" branch="True" condition-coverage="100% (4/4)">
                  <conditions>
                    <condition number="113" type="jump" coverage="100%" />
                    <condition number="131" type="jump" coverage="100%" />
                  </conditions>
                </line>
                <line number="127" hits="2" branch="False" />
                <line number="128" hits="2" branch="False" />
                <line number="131" hits="25" branch="False" />
                <line number="132" hits="25" branch="False" />
                <line number="133" hits="25" branch="False" />
              </lines>
            </method>
            <method name="Approve" signature="(System.Guid)" line-rate="1" branch-rate="1" complexity="4">
              <lines>
                <line number="139" hits="12" branch="False" />
                <line number="140" hits="12" branch="True" condition-coverage="100% (2/2)">
                  <conditions>
                    <condition number="15" type="jump" coverage="100%" />
                  </conditions>
                </line>
                <line number="141" hits="3" branch="False" />
                <line number="142" hits="3" branch="False" />
                <line number="143" hits="3" branch="False" />
                <line number="146" hits="9" branch="True" condition-coverage="100% (2/2)">
                  <conditions>
                    <condition number="104" type="jump" coverage="100%" />
                  </conditions>
                </line>
                <line number="147" hits="1" branch="False" />
                <line number="148" hits="1" branch="False" />
                <line number="151" hits="8" branch="False" />
                <line number="152" hits="8" branch="False" />
                <line number="153" hits="8" branch="False" />
                <line number="154" hits="8" branch="False" />
              </lines>
            </method>
            <method name="Reject" signature="(System.Guid,System.String)" line-rate="1" branch-rate="1" complexity="6">
              <lines>
                <line number="160" hits="13" branch="False" />
                <line number="161" hits="13" branch="True" condition-coverage="100% (2/2)">
                  <conditions>
                    <condition number="15" type="jump" coverage="100%" />
                  </conditions>
                </line>
                <line number="162" hits="3" branch="False" />
                <line number="163" hits="3" branch="False" />
                <line number="164" hits="3" branch="False" />
                <line number="167" hits="10" branch="True" condition-coverage="100% (2/2)">
                  <conditions>
                    <condition number="104" type="jump" coverage="100%" />
                  </conditions>
                </line>
                <line number="168" hits="1" branch="False" />
                <line number="169" hits="1" branch="False" />
                <line number="172" hits="9" branch="True" condition-coverage="100% (2/2)">
                  <conditions>
                    <condition number="136" type="jump" coverage="100%" />
                  </conditions>
                </line>
                <line number="173" hits="2" branch="False" />
                <line number="174" hits="2" branch="False" />
                <line number="177" hits="7" branch="False" />
                <line number="178" hits="7" branch="False" />
                <line number="179" hits="7" branch="False" />
                <line number="180" hits="7" branch="False" />
              </lines>
            </method>
            <method name="ValidateRealName" signature="(System.String)" line-rate="1" branch-rate="1" complexity="4">
              <lines>
                <line number="183" hits="59" branch="False" />
                <line number="184" hits="59" branch="True" condition-coverage="100% (2/2)">
                  <conditions>
                    <condition number="9" type="jump" coverage="100%" />
                  </conditions>
                </line>
                <line number="185" hits="3" branch="False" />
                <line number="186" hits="3" branch="False" />
                <line number="189" hits="56" branch="True" condition-coverage="100% (2/2)">
                  <conditions>
                    <condition number="50" type="jump" coverage="100%" />
                  </conditions>
                </line>
                <line number="190" hits="2" branch="False" />
                <line number="191" hits="2" branch="False" />
                <line number="192" hits="2" branch="False" />
                <line number="194" hits="54" branch="False" />
              </lines>
            </method>
            <method name="ValidateIdCard" signature="(System.String)" line-rate="1" branch-rate="1" complexity="4">
              <lines>
                <line number="197" hits="54" branch="False" />
                <line number="198" hits="54" branch="True" condition-coverage="100% (4/4)">
                  <conditions>
                    <condition number="7" type="jump" coverage="100%" />
                    <condition number="29" type="jump" coverage="100%" />
                  </conditions>
                </line>
                <line number="199" hits="2" branch="False" />
                <line number="200" hits="2" branch="False" />
                <line number="201" hits="2" branch="False" />
                <line number="203" hits="52" branch="False" />
              </lines>
            </method>
            <method name="ValidateBusinessLicenseNo" signature="(System.String)" line-rate="1" branch-rate="1" complexity="4">
              <lines>
                <line number="206" hits="52" branch="False" />
                <line number="207" hits="52" branch="True" condition-coverage="100% (4/4)">
                  <conditions>
                    <condition number="7" type="jump" coverage="100%" />
                    <condition number="29" type="jump" coverage="100%" />
                  </conditions>
                </line>
                <line number="208" hits="2" branch="False" />
                <line number="209" hits="2" branch="False" />
                <line number="210" hits="2" branch="False" />
                <line number="212" hits="50" branch="False" />
              </lines>
            </method>
            <method name="ValidateBankAccount" signature="(System.String)" line-rate="1" branch-rate="1" complexity="4">
              <lines>
                <line number="215" hits="50" branch="False" />
                <line number="216" hits="50" branch="True" condition-coverage="100% (4/4)">
                  <conditions>
                    <condition number="7" type="jump" coverage="100%" />
                    <condition number="29" type="jump" coverage="100%" />
                  </conditions>
                </line>
                <line number="217" hits="2" branch="False" />
                <line number="218" hits="2" branch="False" />
                <line number="219" hits="2" branch="False" />
                <line number="221" hits="48" branch="False" />
              </lines>
            </method>
            <method name=".ctor" signature="()" line-rate="0" branch-rate="1" complexity="1">
              <lines>
                <line number="43" hits="0" branch="False" />
              </lines>
            </method>
            <method name=".ctor" signature="(System.Guid)" line-rate="1" branch-rate="1" complexity="1">
              <lines>
                <line number="45" hits="129" branch="False" />
              </lines>
            </method>
          </methods>
          <lines>
            <line number="19" hits="44" branch="False" />
            <line number="22" hits="97" branch="False" />
            <line number="25" hits="82" branch="False" />
            <line number="28" hits="83" branch="False" />
            <line number="31" hits="55" branch="False" />
            <line number="34" hits="174" branch="False" />
            <line number="37" hits="17" branch="False" />
            <line number="40" hits="44" branch="False" />
            <line number="63" hits="51" branch="False" />
            <line number="64" hits="51" branch="True" condition-coverage="100% (2/2)">
              <conditions>
                <condition number="14" type="jump" coverage="100%" />
              </conditions>
            </line>
            <line number="65" hits="1" branch="False" />
            <line number="66" hits="1" branch="False" />
            <line number="69" hits="50" branch="True" condition-coverage="100% (2/2)">
              <conditions>
                <condition number="51" type="jump" coverage="100%" />
              </conditions>
            </line>
            <line number="70" hits="1" branch="False" />
            <line number="71" hits="1" branch="False" />
            <line number="74" hits="49" branch="False" />
            <line number="75" hits="46" branch="False" />
            <line number="76" hits="45" branch="False" />
            <line number="77" hits="44" branch="False" />
            <line number="79" hits="43" branch="True" condition-coverage="100% (6/6)">
              <conditions>
                <condition number="139" type="jump" coverage="100%" />
                <condition number="164" type="jump" coverage="100%" />
                <condition number="190" type="jump" coverage="100%" />
              </conditions>
            </line>
            <line number="80" hits="43" branch="False" />
            <line number="81" hits="43" branch="False" />
            <line number="82" hits="43" branch="False" />
            <line number="83" hits="43" branch="False" />
            <line number="84" hits="43" branch="False" />
            <line number="85" hits="43" branch="False" />
            <line number="86" hits="43" branch="False" />
            <line number="87" hits="43" branch="False" />
            <line number="88" hits="43" branch="False" />
            <line number="98" hits="12" branch="False" />
            <line number="99" hits="12" branch="True" condition-coverage="100% (2/2)">
              <conditions>
                <condition number="12" type="jump" coverage="100%" />
              </conditions>
            </line>
            <line number="100" hits="2" branch="False" />
            <line number="101" hits="2" branch="False" />
            <line number="104" hits="10" branch="False" />
            <line number="105" hits="8" branch="False" />
            <line number="106" hits="7" branch="False" />
            <line number="107" hits="6" branch="False" />
            <line number="109" hits="5" branch="False" />
            <line number="110" hits="5" branch="True" condition-coverage="100% (2/2)">
              <conditions>
                <condition number="85" type="jump" coverage="100%" />
              </conditions>
            </line>
            <line number="111" hits="5" branch="True" condition-coverage="100% (2/2)">
              <conditions>
                <condition number="109" type="jump" coverage="100%" />
              </conditions>
            </line>
            <line number="112" hits="5" branch="True" condition-coverage="100% (2/2)">
              <conditions>
                <condition number="134" type="jump" coverage="100%" />
              </conditions>
            </line>
            <line number="113" hits="5" branch="False" />
            <line number="119" hits="29" branch="False" />
            <line number="120" hits="29" branch="True" condition-coverage="100% (4/4)">
              <conditions>
                <condition number="7" type="jump" coverage="100%" />
                <condition number="26" type="jump" coverage="100%" />
              </conditions>
            </line>
            <line number="121" hits="2" branch="False" />
            <line number="122" hits="2" branch="False" />
            <line number="123" hits="2" branch="False" />
            <line number="126" hits="27" branch="True" condition-coverage="100% (4/4)">
              <conditions>
                <condition number="113" type="jump" coverage="100%" />
                <condition number="131" type="jump" coverage="100%" />
              </conditions>
            </line>
            <line number="127" hits="2" branch="False" />
            <line number="128" hits="2" branch="False" />
            <line number="131" hits="25" branch="False" />
            <line number="132" hits="25" branch="False" />
            <line number="133" hits="25" branch="False" />
            <line number="139" hits="12" branch="False" />
            <line number="140" hits="12" branch="True" condition-coverage="100% (2/2)">
              <conditions>
                <condition number="15" type="jump" coverage="100%" />
              </conditions>
            </line>
            <line number="141" hits="3" branch="False" />
            <line number="142" hits="3" branch="False" />
            <line number="143" hits="3" branch="False" />
            <line number="146" hits="9" branch="True" condition-coverage="100% (2/2)">
              <conditions>
                <condition number="104" type="jump" coverage="100%" />
              </conditions>
            </line>
            <line number="147" hits="1" branch="False" />
            <line number="148" hits="1" branch="False" />
            <line number="151" hits="8" branch="False" />
            <line number="152" hits="8" branch="False" />
            <line number="153" hits="8" branch="False" />
            <line number="154" hits="8" branch="False" />
            <line number="160" hits="13" branch="False" />
            <line number="161" hits="13" branch="True" condition-coverage="100% (2/2)">
              <conditions>
                <condition number="15" type="jump" coverage="100%" />
              </conditions>
            </line>
            <line number="162" hits="3" branch="False" />
            <line number="163" hits="3" branch="False" />
            <line number="164" hits="3" branch="False" />
            <line number="167" hits="10" branch="True" condition-coverage="100% (2/2)">
              <conditions>
                <condition number="104" type="jump" coverage="100%" />
              </conditions>
            </line>
            <line number="168" hits="1" branch="False" />
            <line number="169" hits="1" branch="False" />
            <line number="172" hits="9" branch="True" condition-coverage="100% (2/2)">
              <conditions>
                <condition number="136" type="jump" coverage="100%" />
              </conditions>
            </line>
            <line number="173" hits="2" branch="False" />
            <line number="174" hits="2" branch="False" />
            <line number="177" hits="7" branch="False" />
            <line number="178" hits="7" branch="False" />
            <line number="179" hits="7" branch="False" />
            <line number="180" hits="7" branch="False" />
            <line number="183" hits="59" branch="False" />
            <line number="184" hits="59" branch="True" condition-coverage="100% (2/2)">
              <conditions>
                <condition number="9" type="jump" coverage="100%" />
              </conditions>
            </line>
            <line number="185" hits="3" branch="False" />
            <line number="186" hits="3" branch="False" />
            <line number="189" hits="56" branch="True" condition-coverage="100% (2/2)">
              <conditions>
                <condition number="50" type="jump" coverage="100%" />
              </conditions>
            </line>
            <line number="190" hits="2" branch="False" />
            <line number="191" hits="2" branch="False" />
            <line number="192" hits="2" branch="False" />
            <line number="194" hits="54" branch="False" />
            <line number="197" hits="54" branch="False" />
            <line number="198" hits="54" branch="True" condition-coverage="100% (4/4)">
              <conditions>
                <condition number="7" type="jump" coverage="100%" />
                <condition number="29" type="jump" coverage="100%" />
              </conditions>
            </line>
            <line number="199" hits="2" branch="False" />
            <line number="200" hits="2" branch="False" />
            <line number="201" hits="2" branch="False" />
            <line number="203" hits="52" branch="False" />
            <line number="206" hits="52" branch="False" />
            <line number="207" hits="52" branch="True" condition-coverage="100% (4/4)">
              <conditions>
                <condition number="7" type="jump" coverage="100%" />
                <condition number="29" type="jump" coverage="100%" />
              </conditions>
            </line>
            <line number="208" hits="2" branch="False" />
            <line number="209" hits="2" branch="False" />
            <line number="210" hits="2" branch="False" />
            <line number="212" hits="50" branch="False" />
            <line number="215" hits="50" branch="False" />
            <line number="216" hits="50" branch="True" condition-coverage="100% (4/4)">
              <conditions>
                <condition number="7" type="jump" coverage="100%" />
                <condition number="29" type="jump" coverage="100%" />
              </conditions>
            </line>
            <line number="217" hits="2" branch="False" />
            <line number="218" hits="2" branch="False" />
            <line number="219" hits="2" branch="False" />
            <line number="221" hits="48" branch="False" />
            <line number="43" hits="0" branch="False" />
            <line number="45" hits="129" branch="False" />
          </lines>
        </class>
        <class name="Leno.SellerShop.Domain.Aggregates.Shop" filename="Services\SellerShop\Leno.SellerShop.Domain\Aggregates\Shop.cs" line-rate="0.9954000000000001" branch-rate="1" complexity="105">
          <methods>
            <method name="get_SellerId" signature="()" line-rate="1" branch-rate="1" complexity="1">
              <lines>
                <line number="27" hits="189" branch="False" />
              </lines>
            </method>
            <method name="get_ShopName" signature="()" line-rate="1" branch-rate="1" complexity="1">
              <lines>
                <line number="30" hits="361" branch="False" />
              </lines>
            </method>
            <method name="get_Logo" signature="()" line-rate="1" branch-rate="1" complexity="1">
              <lines>
                <line number="33" hits="106" branch="False" />
              </lines>
            </method>
            <method name="get_Description" signature="()" line-rate="1" branch-rate="1" complexity="1">
              <lines>
                <line number="36" hits="106" branch="False" />
              </lines>
            </method>
            <method name="get_ContactPhone" signature="()" line-rate="1" branch-rate="1" complexity="1">
              <lines>
                <line number="39" hits="200" branch="False" />
              </lines>
            </method>
            <method name="get_ContactEmail" signature="()" line-rate="1" branch-rate="1" complexity="1">
              <lines>
                <line number="42" hits="107" branch="False" />
              </lines>
            </method>
            <method name="get_BusinessLicenseNo" signature="()" line-rate="1" branch-rate="1" complexity="1">
              <lines>
                <line number="45" hits="100" branch="False" />
              </lines>
            </method>
            <method name="get_Address" signature="()" line-rate="1" branch-rate="1" complexity="1">
              <lines>
                <line number="48" hits="106" branch="False" />
              </lines>
            </method>
            <method name="get_Status" signature="()" line-rate="1" branch-rate="1" complexity="1">
              <lines>
                <line number="51" hits="392" branch="False" />
              </lines>
            </method>
            <method name="get_ProductCount" signature="()" line-rate="1" branch-rate="1" complexity="1">
              <lines>
                <line number="54" hits="117" branch="False" />
              </lines>
            </method>
            <method name="get_StatusReason" signature="()" line-rate="1" branch-rate="1" complexity="1">
              <lines>
                <line number="57" hits="107" branch="False" />
              </lines>
            </method>
            <method name="get_ReviewedBy" signature="()" line-rate="1" branch-rate="1" complexity="1">
              <lines>
                <line number="60" hits="74" branch="False" />
              </lines>
            </method>
            <method name="get_Qualifications" signature="()" line-rate="1" branch-rate="1" complexity="1">
              <lines>
                <line number="65" hits="3" branch="False" />
              </lines>
            </method>
            <method name="Create" signature="(System.Guid,System.Guid,System.String,System.String,System.String,System.String,System.String,System.String,System.String)" line-rate="1" branch-rate="1" complexity="14">
              <lines>
                <line number="94" hits="113" branch="False" />
                <line number="95" hits="113" branch="True" condition-coverage="100% (2/2)">
                  <conditions>
                    <condition number="14" type="jump" coverage="100%" />
                  </conditions>
                </line>
                <line number="96" hits="1" branch="False" />
                <line number="97" hits="1" branch="False" />
                <line number="100" hits="112" branch="True" condition-coverage="100% (2/2)">
                  <conditions>
                    <condition number="51" type="jump" coverage="100%" />
                  </conditions>
                </line>
                <line number="101" hits="1" branch="False" />
                <line number="102" hits="1" branch="False" />
                <line number="105" hits="111" branch="False" />
                <line number="106" hits="107" branch="False" />
                <line number="107" hits="104" branch="False" />
                <line number="108" hits="100" branch="False" />
                <line number="109" hits="99" branch="False" />
                <line number="110" hits="98" branch="False" />
                <line number="111" hits="97" branch="False" />
                <line number="113" hits="96" branch="True" condition-coverage="100% (10/10)">
                  <conditions>
                    <condition number="177" type="jump" coverage="100%" />
                    <condition number="203" type="jump" coverage="100%" />
                    <condition number="229" type="jump" coverage="100%" />
                    <condition number="255" type="jump" coverage="100%" />
                    <condition number="281" type="jump" coverage="100%" />
                  </conditions>
                </line>
                <line number="114" hits="96" branch="False" />
                <line number="115" hits="96" branch="False" />
                <line number="116" hits="96" branch="False" />
                <line number="117" hits="96" branch="False" />
                <line number="118" hits="96" branch="False" />
                <line number="119" hits="96" branch="False" />
                <line number="120" hits="96" branch="False" />
                <line number="121" hits="96" branch="False" />
                <line number="122" hits="96" branch="False" />
                <line number="123" hits="96" branch="False" />
                <line number="124" hits="96" branch="False" />
                <line number="125" hits="96" branch="False" />
                <line number="128" hits="96" branch="False" />
                <line number="130" hits="96" branch="False" />
                <line number="131" hits="96" branch="False" />
              </lines>
            </method>
            <method name="Approve" signature="(System.Guid)" line-rate="1" branch-rate="1" complexity="4">
              <lines>
                <line number="138" hits="69" branch="False" />
                <line number="139" hits="69" branch="True" condition-coverage="100% (2/2)">
                  <conditions>
                    <condition number="12" type="jump" coverage="100%" />
                  </conditions>
                </line>
                <line number="140" hits="4" branch="False" />
                <line number="141" hits="4" branch="False" />
                <line number="142" hits="4" branch="False" />
                <line number="145" hits="65" branch="True" condition-coverage="100% (2/2)">
                  <conditions>
                    <condition number="101" type="jump" coverage="100%" />
                  </conditions>
                </line>
                <line number="146" hits="1" branch="False" />
                <line number="147" hits="1" branch="False" />
                <line number="150" hits="64" branch="False" />
                <line number="151" hits="64" branch="False" />
                <line number="152" hits="64" branch="False" />
                <line number="154" hits="64" branch="False" />
                <line number="155" hits="64" branch="False" />
              </lines>
            </method>
            <method name="Reject" signature="(System.Guid,System.String)" line-rate="1" branch-rate="1" complexity="4">
              <lines>
                <line number="163" hits="16" branch="False" />
                <line number="164" hits="16" branch="True" condition-coverage="100% (2/2)">
                  <conditions>
                    <condition number="12" type="jump" coverage="100%" />
                  </conditions>
                </line>
                <line number="165" hits="4" branch="False" />
                <line number="166" hits="4" branch="False" />
                <line number="167" hits="4" branch="False" />
                <line number="170" hits="12" branch="True" condition-coverage="100% (2/2)">
                  <conditions>
                    <condition number="101" type="jump" coverage="100%" />
                  </conditions>
                </line>
                <line number="171" hits="1" branch="False" />
                <line number="172" hits="1" branch="False" />
                <line number="175" hits="11" branch="False" />
                <line number="177" hits="8" branch="False" />
                <line number="178" hits="8" branch="False" />
                <line number="179" hits="8" branch="False" />
                <line number="180" hits="8" branch="False" />
              </lines>
            </method>
            <method name="Suspend" signature="(System.String)" line-rate="1" branch-rate="1" complexity="2">
              <lines>
                <line number="188" hits="14" branch="False" />
                <line number="189" hits="14" branch="True" condition-coverage="100% (2/2)">
                  <conditions>
                    <condition number="15" type="jump" coverage="100%" />
                  </conditions>
                </line>
                <line number="190" hits="4" branch="False" />
                <line number="191" hits="4" branch="False" />
                <line number="192" hits="4" branch="False" />
                <line number="195" hits="10" branch="False" />
                <line number="197" hits="8" branch="False" />
                <line number="198" hits="8" branch="False" />
                <line number="200" hits="8" branch="False" />
                <line number="201" hits="8" branch="False" />
              </lines>
            </method>
            <method name="Resume" signature="()" line-rate="1" branch-rate="1" complexity="2">
              <lines>
                <line number="207" hits="6" branch="False" />
                <line number="208" hits="6" branch="True" condition-coverage="100% (2/2)">
                  <conditions>
                    <condition number="15" type="jump" coverage="100%" />
                  </conditions>
                </line>
                <line number="209" hits="4" branch="False" />
                <line number="210" hits="4" branch="False" />
                <line number="211" hits="4" branch="False" />
                <line number="214" hits="2" branch="False" />
                <line number="215" hits="2" branch="False" />
                <line number="217" hits="2" branch="False" />
                <line number="218" hits="2" branch="False" />
              </lines>
            </method>
            <method name="Close" signature="(System.String)" line-rate="1" branch-rate="1" complexity="2">
              <lines>
                <line number="226" hits="21" branch="False" />
                <line number="227" hits="21" branch="True" condition-coverage="100% (2/2)">
                  <conditions>
                    <condition number="12" type="jump" coverage="100%" />
                  </conditions>
                </line>
                <line number="228" hits="1" branch="False" />
                <line number="229" hits="1" branch="False" />
                <line number="232" hits="20" branch="False" />
                <line number="234" hits="18" branch="False" />
                <line number="235" hits="18" branch="False" />
                <line number="237" hits="18" branch="False" />
                <line number="238" hits="18" branch="False" />
              </lines>
            </method>
            <method name="UpdateInfo" signature="(System.String,System.String,System.String)" line-rate="1" branch-rate="1" complexity="4">
              <lines>
                <line number="244" hits="8" branch="False" />
                <line number="245" hits="8" branch="False" />
                <line number="247" hits="7" branch="False" />
                <line number="248" hits="5" branch="False" />
                <line number="249" hits="4" branch="False" />
                <line number="251" hits="3" branch="False" />
                <line number="252" hits="3" branch="True" condition-coverage="100% (2/2)">
                  <conditions>
                    <condition number="49" type="jump" coverage="100%" />
                  </conditions>
                </line>
                <line number="253" hits="3" branch="True" condition-coverage="100% (2/2)">
                  <conditions>
                    <condition number="73" type="jump" coverage="100%" />
                  </conditions>
                </line>
                <line number="254" hits="3" branch="False" />
              </lines>
            </method>
            <method name="UpdateLogo" signature="(System.String)" line-rate="1" branch-rate="1" complexity="2">
              <lines>
                <line number="260" hits="5" branch="False" />
                <line number="261" hits="5" branch="False" />
                <line number="263" hits="4" branch="False" />
                <line number="265" hits="3" branch="True" condition-coverage="100% (2/2)">
                  <conditions>
                    <condition number="22" type="jump" coverage="100%" />
                  </conditions>
                </line>
                <line number="266" hits="3" branch="False" />
              </lines>
            </method>
            <method name="UpdateContact" signature="(System.String,System.String)" line-rate="1" branch-rate="1" complexity="2">
              <lines>
                <line number="272" hits="7" branch="False" />
                <line number="273" hits="7" branch="False" />
                <line number="275" hits="6" branch="False" />
                <line number="276" hits="4" branch="False" />
                <line number="278" hits="3" branch="False" />
                <line number="279" hits="3" branch="True" condition-coverage="100% (2/2)">
                  <conditions>
                    <condition number="42" type="jump" coverage="100%" />
                  </conditions>
                </line>
                <line number="280" hits="3" branch="False" />
              </lines>
            </method>
            <method name="IncrementProductCount" signature="()" line-rate="1" branch-rate="1" complexity="1">
              <lines>
                <line number="286" hits="4" branch="False" />
                <line number="287" hits="4" branch="False" />
                <line number="288" hits="4" branch="False" />
              </lines>
            </method>
            <method name="DecrementProductCount" signature="()" line-rate="1" branch-rate="1" complexity="2">
              <lines>
                <line number="294" hits="3" branch="False" />
                <line number="295" hits="3" branch="True" condition-coverage="100% (2/2)">
                  <conditions>
                    <condition number="15" type="jump" coverage="100%" />
                  </conditions>
                </line>
                <line number="296" hits="1" branch="False" />
                <line number="297" hits="1" branch="False" />
                <line number="300" hits="2" branch="False" />
                <line number="301" hits="3" branch="False" />
              </lines>
            </method>
            <method name="AddQualification" signature="(Leno.SellerShop.Domain.Entities.ShopQualification)" line-rate="1" branch-rate="1" complexity="2">
              <lines>
                <line number="308" hits="16" branch="False" />
                <line number="309" hits="16" branch="False" />
                <line number="311" hits="14" branch="False" />
                <line number="313" hits="12" branch="True" condition-coverage="100% (2/2)">
                  <conditions>
                    <condition number="39" type="jump" coverage="100%" />
                  </conditions>
                </line>
                <line number="314" hits="2" branch="False" />
                <line number="315" hits="2" branch="False" />
                <line number="318" hits="10" branch="False" />
                <line number="319" hits="10" branch="False" />
              </lines>
            </method>
            <method name="GetQualification" signature="(System.Guid)" line-rate="1" branch-rate="1" complexity="1">
              <lines>
                <line number="325" hits="14" branch="False" />
                <line number="326" hits="22" branch="False" />
                <line number="327" hits="14" branch="False" />
              </lines>
            </method>
            <method name="ApproveQualification" signature="(System.Guid,System.Guid)" line-rate="1" branch-rate="1" complexity="2">
              <lines>
                <line number="335" hits="4" branch="False" />
                <line number="336" hits="4" branch="True" condition-coverage="100% (2/2)">
                  <conditions>
                    <condition number="9" type="jump" coverage="100%" />
                  </conditions>
                </line>
                <line number="337" hits="4" branch="False" />
                <line number="339" hits="2" branch="False" />
                <line number="340" hits="2" branch="False" />
              </lines>
            </method>
            <method name="RejectQualification" signature="(System.Guid,System.Guid,System.String)" line-rate="1" branch-rate="1" complexity="2">
              <lines>
                <line number="349" hits="4" branch="False" />
                <line number="350" hits="4" branch="True" condition-coverage="100% (2/2)">
                  <conditions>
                    <condition number="9" type="jump" coverage="100%" />
                  </conditions>
                </line>
                <line number="351" hits="4" branch="False" />
                <line number="353" hits="2" branch="False" />
                <line number="354" hits="2" branch="False" />
              </lines>
            </method>
            <method name="EnsureNotClosed" signature="()" line-rate="1" branch-rate="1" complexity="2">
              <lines>
                <line number="357" hits="36" branch="False" />
                <line number="358" hits="36" branch="True" condition-coverage="100% (2/2)">
                  <conditions>
                    <condition number="12" type="jump" coverage="100%" />
                  </conditions>
                </line>
                <line number="359" hits="5" branch="False" />
                <line number="360" hits="5" branch="False" />
                <line number="362" hits="31" branch="False" />
              </lines>
            </method>
            <method name="ValidateShopName" signature="(System.String)" line-rate="1" branch-rate="1" complexity="8">
              <lines>
                <line number="365" hits="118" branch="False" />
                <line number="366" hits="118" branch="True" condition-coverage="100% (2/2)">
                  <conditions>
                    <condition number="9" type="jump" coverage="100%" />
                  </conditions>
                </line>
                <line number="367" hits="3" branch="False" />
                <line number="368" hits="3" branch="False" />
                <line number="371" hits="115" branch="False" />
                <line number="372" hits="115" branch="True" condition-coverage="100% (6/6)">
                  <conditions>
                    <condition number="49" type="jump" coverage="100%" />
                    <condition number="54" type="jump" coverage="100%" />
                    <condition number="69" type="jump" coverage="100%" />
                  </conditions>
                </line>
                <line number="373" hits="3" branch="False" />
                <line number="374" hits="3" branch="False" />
                <line number="375" hits="3" branch="False" />
                <line number="377" hits="112" branch="False" />
              </lines>
            </method>
            <method name="ValidatePhone" signature="(System.String)" line-rate="1" branch-rate="1" complexity="4">
              <lines>
                <line number="380" hits="113" branch="False" />
                <line number="381" hits="113" branch="True" condition-coverage="100% (2/2)">
                  <conditions>
                    <condition number="9" type="jump" coverage="100%" />
                  </conditions>
                </line>
                <line number="382" hits="3" branch="False" />
                <line number="383" hits="3" branch="False" />
                <line number="386" hits="110" branch="True" condition-coverage="100% (2/2)">
                  <conditions>
                    <condition number="50" type="jump" coverage="100%" />
                  </conditions>
                </line>
[...]
                    <condition number="9" type="jump" coverage="0%" />
                  </conditions>
                </line>
                <line number="27" hits="0" branch="False" />
                <line number="28" hits="0" branch="False" />
                <line number="31" hits="0" branch="True" condition-coverage="0% (0/2)">
                  <conditions>
                    <condition number="36" type="jump" coverage="0%" />
                  </conditions>
                </line>
                <line number="32" hits="0" branch="False" />
                <line number="33" hits="0" branch="False" />
                <line number="36" hits="0" branch="False" />
                <line number="37" hits="0" branch="False" />
              </lines>
            </method>
            <method name="ToString" signature="()" line-rate="0" branch-rate="1" complexity="1">
              <lines>
                <line number="39" hits="0" branch="False" />
              </lines>
            </method>
            <method name=".ctor" signature="()" line-rate="0" branch-rate="1" complexity="1">
              <lines>
                <line number="16" hits="0" branch="False" />
              </lines>
            </method>
            <method name=".ctor" signature="(System.String,System.String)" line-rate="0" branch-rate="1" complexity="1">
              <lines>
                <line number="18" hits="0" branch="False" />
                <line number="19" hits="0" branch="False" />
                <line number="20" hits="0" branch="False" />
                <line number="21" hits="0" branch="False" />
                <line number="22" hits="0" branch="False" />
              </lines>
            </method>
          </methods>
          <lines>
            <line number="12" hits="0" branch="False" />
            <line number="14" hits="0" branch="False" />
            <line number="25" hits="0" branch="False" />
            <line number="26" hits="0" branch="True" condition-coverage="0% (0/2)">
              <conditions>
                <condition number="9" type="jump" coverage="0%" />
              </conditions>
            </line>
            <line number="27" hits="0" branch="False" />
            <line number="28" hits="0" branch="False" />
            <line number="31" hits="0" branch="True" condition-coverage="0% (0/2)">
              <conditions>
                <condition number="36" type="jump" coverage="0%" />
              </conditions>
            </line>
            <line number="32" hits="0" branch="False" />
            <line number="33" hits="0" branch="False" />
            <line number="36" hits="0" branch="False" />
            <line number="37" hits="0" branch="False" />
            <line number="39" hits="0" branch="False" />
            <line number="16" hits="0" branch="False" />
            <line number="18" hits="0" branch="False" />
            <line number="19" hits="0" branch="False" />
            <line number="20" hits="0" branch="False" />
            <line number="21" hits="0" branch="False" />
            <line number="22" hits="0" branch="False" />
          </lines>
        </class>
        <class name="Leno.SharedKernel.Exceptions.DomainException" filename="BuildingBlocks\Leno.SharedKernel\Exceptions\DomainException.cs" line-rate="0.5832999999999999" branch-rate="1" complexity="4">
          <methods>
            <method name="get_ErrorCode" signature="()" line-rate="1" branch-rate="1" complexity="1">
              <lines>
                <line number="10" hits="123" branch="False" />
              </lines>
            </method>
            <method name="get_HttpStatusCode" signature="()" line-rate="1" branch-rate="1" complexity="1">
              <lines>
                <line number="13" hits="14" branch="False" />
              </lines>
            </method>
            <method name=".ctor" signature="(System.String,System.String,System.Int32)" line-rate="1" branch-rate="1" complexity="1">
              <lines>
                <line number="16" hits="123" branch="False" />
                <line number="17" hits="123" branch="False" />
                <line number="18" hits="123" branch="False" />
                <line number="19" hits="123" branch="False" />
                <line number="20" hits="123" branch="False" />
              </lines>
            </method>
            <method name=".ctor" signature="(System.String,System.Exception,System.String,System.Int32)" line-rate="0" branch-rate="1" complexity="1">
              <lines>
                <line number="23" hits="0" branch="False" />
                <line number="24" hits="0" branch="False" />
                <line number="25" hits="0" branch="False" />
                <line number="26" hits="0" branch="False" />
                <line number="27" hits="0" branch="False" />
              </lines>
            </method>
          </methods>
          <lines>
            <line number="10" hits="123" branch="False" />
            <line number="13" hits="14" branch="False" />
            <line number="16" hits="123" branch="False" />
            <line number="17" hits="123" branch="False" />
            <line number="18" hits="123" branch="False" />
            <line number="19" hits="123" branch="False" />
            <line number="20" hits="123" branch="False" />
            <line number="23" hits="0" branch="False" />
            <line number="24" hits="0" branch="False" />
            <line number="25" hits="0" branch="False" />
            <line number="26" hits="0" branch="False" />
            <line number="27" hits="0" branch="False" />
          </lines>
        </class>
        <class name="Leno.SharedKernel.Abstractions.AggregateRoot" filename="BuildingBlocks\Leno.SharedKernel\Abstractions\AggregateRoot.cs" line-rate="0.875" branch-rate="1" complexity="5">
          <methods>
            <method name="get_DomainEvents" signature="()" line-rate="1" branch-rate="1" complexity="1">
              <lines>
                <line number="10" hits="5" branch="False" />
              </lines>
            </method>
            <method name="ClearDomainEvents" signature="()" line-rate="1" branch-rate="1" complexity="1">
              <lines>
                <line number="12" hits="8" branch="False" />
              </lines>
            </method>
            <method name="AddDomainEvent" signature="(Leno.SharedKernel.Abstractions.IDomainEvent)" line-rate="1" branch-rate="1" complexity="1">
              <lines>
                <line number="15" hits="188" branch="False" />
                <line number="16" hits="188" branch="False" />
                <line number="17" hits="188" branch="False" />
              </lines>
            </method>
            <method name=".ctor" signature="()" line-rate="0.5" branch-rate="1" complexity="1">
              <lines>
                <line number="8" hits="186" branch="False" />
                <line number="19" hits="0" branch="False" />
              </lines>
            </method>
            <method name=".ctor" signature="(System.Guid)" line-rate="1" branch-rate="1" complexity="1">
              <lines>
                <line number="21" hits="558" branch="False" />
              </lines>
            </method>
          </methods>
          <lines>
            <line number="10" hits="5" branch="False" />
            <line number="12" hits="8" branch="False" />
            <line number="15" hits="188" branch="False" />
            <line number="16" hits="188" branch="False" />
            <line number="17" hits="188" branch="False" />
            <line number="8" hits="186" branch="False" />
            <line number="19" hits="0" branch="False" />
            <line number="21" hits="558" branch="False" />
          </lines>
        </class>
        <class name="Leno.SharedKernel.Abstractions.Entity" filename="BuildingBlocks\Leno.SharedKernel\Abstractions\Entity.cs" line-rate="0.3243" branch-rate="0.15" complexity="29">
          <methods>
            <method name="get_Id" signature="()" line-rate="1" branch-rate="1" complexity="1">
              <lines>
                <line number="28" hits="439" branch="False" />
              </lines>
            </method>
            <method name="get_CreatedAt" signature="()" line-rate="0" branch-rate="1" complexity="1">
              <lines>
                <line number="30" hits="0" branch="False" />
              </lines>
            </method>
            <method name="get_UpdatedAt" signature="()" line-rate="0" branch-rate="1" complexity="1">
              <lines>
                <line number="32" hits="0" branch="False" />
              </lines>
            </method>
            <method name="get_CreatedBy" signature="()" line-rate="0" branch-rate="1" complexity="1">
              <lines>
                <line number="34" hits="0" branch="False" />
              </lines>
            </method>
            <method name="get_UpdatedBy" signature="()" line-rate="0" branch-rate="1" complexity="1">
              <lines>
                <line number="36" hits="0" branch="False" />
              </lines>
            </method>
            <method name="get_Version" signature="()" line-rate="1" branch-rate="1" complexity="1">
              <lines>
                <line number="41" hits="225" branch="False" />
              </lines>
            </method>
            <method name="Equals" signature="(System.Object)" line-rate="0.4" branch-rate="0.2" complexity="10">
              <lines>
                <line number="51" hits="3" branch="False" />
                <line number="52" hits="3" branch="True" condition-coverage="50% (1/2)">
                  <conditions>
                    <condition number="17" type="jump" coverage="50%" />
                  </conditions>
                </line>
                <line number="53" hits="0" branch="False" />
                <line number="54" hits="0" branch="False" />
                <line number="57" hits="3" branch="True" condition-coverage="50% (1/2)">
                  <conditions>
                    <condition number="30" type="jump" coverage="50%" />
                  </conditions>
                </line>
                <line number="58" hits="3" branch="False" />
                <line number="59" hits="3" branch="False" />
                <line number="62" hits="0" branch="True" condition-coverage="0% (0/2)">
                  <conditions>
                    <condition number="58" type="jump" coverage="0%" />
                  </conditions>
                </line>
                <line number="63" hits="0" branch="False" />
                <line number="64" hits="0" branch="False" />
                <line number="67" hits="0" branch="True" condition-coverage="0% (0/4)">
                  <conditions>
                    <condition number="81" type="jump" coverage="0%" />
                    <condition number="106" type="jump" coverage="0%" />
                  </conditions>
                </line>
                <line number="68" hits="0" branch="False" />
                <line number="69" hits="0" branch="False" />
                <line number="72" hits="0" branch="False" />
                <line number="73" hits="3" branch="False" />
              </lines>
            </method>
            <method name="GetHashCode" signature="()" line-rate="0" branch-rate="1" complexity="1">
              <lines>
                <line number="75" hits="0" branch="False" />
              </lines>
            </method>
            <method name="op_Equality" signature="(Leno.SharedKernel.Abstractions.Entity,Leno.SharedKernel.Abstractions.Entity)" line-rate="0" branch-rate="0" complexity="8">
              <lines>
                <line number="78" hits="0" branch="False" />
                <line number="79" hits="0" branch="True" condition-coverage="0% (0/4)">
                  <conditions>
                    <condition number="2" type="jump" coverage="0%" />
                    <condition number="13" type="jump" coverage="0%" />
                  </conditions>
                </line>
                <line number="80" hits="0" branch="False" />
                <line number="81" hits="0" branch="False" />
                <line number="84" hits="0" branch="True" condition-coverage="0% (0/4)">
                  <conditions>
                    <condition number="21" type="jump" coverage="0%" />
                    <condition number="32" type="jump" coverage="0%" />
                  </conditions>
                </line>
                <line number="85" hits="0" branch="False" />
                <line number="86" hits="0" branch="False" />
                <line number="89" hits="0" branch="False" />
                <line number="90" hits="0" branch="False" />
              </lines>
            </method>
            <method name="op_Inequality" signature="(Leno.SharedKernel.Abstractions.Entity,Leno.SharedKernel.Abstractions.Entity)" line-rate="0" branch-rate="1" complexity="1">
              <lines>
                <line number="92" hits="0" branch="False" />
              </lines>
            </method>
            <method name=".ctor" signature="()" line-rate="0" branch-rate="1" complexity="1">
              <lines>
                <line number="43" hits="0" branch="False" />
              </lines>
            </method>
            <method name=".ctor" signature="(System.Guid)" line-rate="1" branch-rate="0.5" complexity="2">
              <lines>
                <line number="45" hits="225" branch="False" />
                <line number="46" hits="225" branch="False" />
                <line number="47" hits="225" branch="True" condition-coverage="50% (1/2)">
                  <conditions>
                    <condition number="31" type="jump" coverage="50%" />
                  </conditions>
                </line>
                <line number="48" hits="225" branch="False" />
              </lines>
            </method>
          </methods>
          <lines>
            <line number="28" hits="439" branch="False" />
            <line number="30" hits="0" branch="False" />
            <line number="32" hits="0" branch="False" />
            <line number="34" hits="0" branch="False" />
            <line number="36" hits="0" branch="False" />
            <line number="41" hits="225" branch="False" />
            <line number="51" hits="3" branch="False" />
            <line number="52" hits="3" branch="True" condition-coverage="50% (1/2)">
              <conditions>
                <condition number="17" type="jump" coverage="50%" />
              </conditions>
            </line>
            <line number="53" hits="0" branch="False" />
            <line number="54" hits="0" branch="False" />
            <line number="57" hits="3" branch="True" condition-coverage="50% (1/2)">
              <conditions>
                <condition number="30" type="jump" coverage="50%" />
              </conditions>
            </line>
            <line number="58" hits="3" branch="False" />
            <line number="59" hits="3" branch="False" />
            <line number="62" hits="0" branch="True" condition-coverage="0% (0/2)">
              <conditions>
                <condition number="58" type="jump" coverage="0%" />
              </conditions>
            </line>
            <line number="63" hits="0" branch="False" />
            <line number="64" hits="0" branch="False" />
            <line number="67" hits="0" branch="True" condition-coverage="0% (0/4)">
              <conditions>
                <condition number="81" type="jump" coverage="0%" />
                <condition number="106" type="jump" coverage="0%" />
              </conditions>
            </line>
            <line number="68" hits="0" branch="False" />
            <line number="69" hits="0" branch="False" />
            <line number="72" hits="0" branch="False" />
            <line number="73" hits="3" branch="False" />
            <line number="75" hits="0" branch="False" />
            <line number="78" hits="0" branch="False" />
            <line number="79" hits="0" branch="True" condition-coverage="0% (0/4)">
              <conditions>
                <condition number="2" type="jump" coverage="0%" />
                <condition number="13" type="jump" coverage="0%" />
              </conditions>
            </line>
            <line number="80" hits="0" branch="False" />
            <line number="81" hits="0" branch="False" />
            <line number="84" hits="0" branch="True" condition-coverage="0% (0/4)">
              <conditions>
                <condition number="21" type="jump" coverage="0%" />
                <condition number="32" type="jump" coverage="0%" />
              </conditions>
            </line>
            <line number="85" hits="0" branch="False" />
            <line number="86" hits="0" branch="False" />
            <line number="89" hits="0" branch="False" />
            <line number="90" hits="0" branch="False" />
            <line number="92" hits="0" branch="False" />
            <line number="43" hits="0" branch="False" />
            <line number="45" hits="225" branch="False" />
            <line number="46" hits="225" branch="False" />
            <line number="47" hits="225" branch="True" condition-coverage="50% (1/2)">
              <conditions>
                <condition number="31" type="jump" coverage="50%" />
              </conditions>
            </line>
            <line number="48" hits="225" branch="False" />
          </lines>
        </class>
        <class name="Leno.SharedKernel.Abstractions.DomainEventBase" filename="BuildingBlocks\Leno.SharedKernel\Abstractions\IDomainEvent.cs" line-rate="0" branch-rate="1" complexity="4">
          <methods>
            <method name="get_EventId" signature="()" line-rate="0" branch-rate="1" complexity="1">
              <lines>
                <line number="23" hits="0" branch="False" />
              </lines>
            </method>
            <method name="get_OccurredAt" signature="()" line-rate="0" branch-rate="1" complexity="1">
              <lines>
                <line number="25" hits="0" branch="False" />
              </lines>
            </method>
            <method name="get_AggregateId" signature="()" line-rate="0" branch-rate="1" complexity="1">
              <lines>
                <line number="27" hits="0" branch="False" />
              </lines>
            </method>
            <method name=".ctor" signature="(System.Guid)" line-rate="0" branch-rate="1" complexity="1">
              <lines>
                <line number="29" hits="0" branch="False" />
                <line number="30" hits="0" branch="False" />
                <line number="31" hits="0" branch="False" />
                <line number="32" hits="0" branch="False" />
              </lines>
            </method>
          </methods>
          <lines>
            <line number="23" hits="0" branch="False" />
            <line number="25" hits="0" branch="False" />
            <line number="27" hits="0" branch="False" />
            <line number="29" hits="0" branch="False" />
            <line number="30" hits="0" branch="False" />
            <line number="31" hits="0" branch="False" />
            <line number="32" hits="0" branch="False" />
          </lines>
        </class>
        <class name="Leno.SharedKernel.Abstractions.FileUploadResult" filename="BuildingBlocks\Leno.SharedKernel\Abstractions\IFileStorageService.cs" line-rate="0" branch-rate="1" complexity="1">
          <methods>
            <method name="get_Url" signature="()" line-rate="0" branch-rate="1" complexity="1">
              <lines>
                <line number="6" hits="0" branch="False" />
              </lines>
            </method>
          </methods>
          <lines>
            <line number="6" hits="0" branch="False" />
          </lines>
        </class>
      </classes>
    </package>
  </packages>
</coverage>