<?xml version="1.0" encoding="utf-8"?>
<TestRun id="475f3f69-1ec8-4ec8-b4a8-93948bee778f" name="Junjie@DESKTOP-8HKHSKP 2026-07-27 07:16:38" runUser="DESKTOP-8HKHSKP\Junjie" xmlns="http://microsoft.com/schemas/VisualStudio/TeamTest/2010">
  <Times creation="2026-07-27T07:16:38.7672385+08:00" queuing="2026-07-27T07:16:38.7672389+08:00" start="2026-07-27T07:16:32.3673740+08:00" finish="2026-07-27T07:16:50.0247067+08:00" />
  <TestSettings name="default" id="3fd18e49-3d45-4de1-a23b-db7ee8c9e57a">
    <Deployment runDeploymentRoot="Junjie_DESKTOP-8HKHSKP_2026-07-27_07_16_38" />
  </TestSettings>
  <Results>
    <UnitTestResult executionId="c402a7b1-4ed1-4f7e-b858-00bdafbfb6b3" testId="7fe42b5f-a9e6-dd0b-2af5-eec07cf7690a" testName="Leno.Integration.Tests.PointsDomainMigrationTests.Points_Internal_Freeze_Endpoint_Requires_Internal_Key" computerName="DESKTOP-8HKHSKP" duration="00:00:09.0262813" startTime="2026-07-27T07:16:41.9323856+08:00" endTime="2026-07-27T07:16:41.9323857+08:00" testType="13cdc9d9-ddb5-4fa4-a97d-d965ccfc6d4b" outcome="Passed" testListId="8c84fa94-04c1-424b-9868-57a2d4851a1d" relativeResultsDirectory="c402a7b1-4ed1-4f7e-b858-00bdafbfb6b3" />
    <UnitTestResult executionId="0f0a336f-b520-4e9c-b413-fa2d90317c02" testId="f17a3931-a124-f01c-7945-4bf41ded088b" testName="Leno.Integration.Tests.ReviewDomainMigrationTests.Review_Anonymous_Can_Access_Product_Reviews" computerName="DESKTOP-8HKHSKP" duration="00:00:00.0010000" startTime="2026-07-27T07:16:37.3461585+08:00" endTime="2026-07-27T07:16:37.3462082+08:00" testType="13cdc9d9-ddb5-4fa4-a97d-d965ccfc6d4b" outcome="Failed" testListId="8c84fa94-04c1-424b-9868-57a2d4851a1d" relativeResultsDirectory="0f0a336f-b520-4e9c-b413-fa2d90317c02">
      <Output>
        <ErrorInfo>
          <Message>System.AggregateException : Some services are not able to be constructed (Error while validating the service descriptor 'ServiceType: Leno.Review.Infrastructure.ReadModels.ReviewReadModelSyncConsumer Lifetime: Scoped ImplementationType: Leno.Review.Infrastructure.ReadModels.ReviewReadModelSyncConsumer': Unable to resolve service for type 'Elastic.Clients.Elasticsearch.ElasticsearchClient' while attempting to activate 'Leno.Infrastructure.ReadModel.EsReadModelRepository`1[Leno.Review.Infrastructure.ReadModels.ReviewReadModel]'.) (Error while validating the service descriptor 'ServiceType: Microsoft.Extensions.Hosting.IHostedService Lifetime: Singleton ImplementationType: Leno.Review.Infrastructure.ReadModels.ReviewIndexInitializer': Unable to resolve service for type 'Elastic.Clients.Elasticsearch.ElasticsearchClient' while attempting to activate 'Leno.Review.Infrastructure.ReadModels.ReviewIndexInitializer'.)&#xD;
---- System.InvalidOperationException : Error while validating the service descriptor 'ServiceType: Leno.Review.Infrastructure.ReadModels.ReviewReadModelSyncConsumer Lifetime: Scoped ImplementationType: Leno.Review.Infrastructure.ReadModels.ReviewReadModelSyncConsumer': Unable to resolve service for type 'Elastic.Clients.Elasticsearch.ElasticsearchClient' while attempting to activate 'Leno.Infrastructure.ReadModel.EsReadModelRepository`1[Leno.Review.Infrastructure.ReadModels.ReviewReadModel]'.&#xD;
-------- System.InvalidOperationException : Unable to resolve service for type 'Elastic.Clients.Elasticsearch.ElasticsearchClient' while attempting to activate 'Leno.Infrastructure.ReadModel.EsReadModelRepository`1[Leno.Review.Infrastructure.ReadModels.ReviewReadModel]'.&#xD;
---- System.InvalidOperationException : Error while validating the service descriptor 'ServiceType: Microsoft.Extensions.Hosting.IHostedService Lifetime: Singleton ImplementationType: Leno.Review.Infrastructure.ReadModels.ReviewIndexInitializer': Unable to resolve service for type 'Elastic.Clients.Elasticsearch.ElasticsearchClient' while attempting to activate 'Leno.Review.Infrastructure.ReadModels.ReviewIndexInitializer'.&#xD;
-------- System.InvalidOperationException : Unable to resolve service for type 'Elastic.Clients.Elasticsearch.ElasticsearchClient' while attempting to activate 'Leno.Review.Infrastructure.ReadModels.ReviewIndexInitializer'.</Message>
          <StackTrace>   at Microsoft.Extensions.DependencyInjection.ServiceProvider..ctor(ICollection`1 serviceDescriptors, ServiceProviderOptions options)&#xD;
   at Microsoft.Extensions.DependencyInjection.ServiceCollectionContainerBuilderExtensions.BuildServiceProvider(IServiceCollection services, ServiceProviderOptions options)&#xD;
   at Microsoft.Extensions.Hosting.HostApplicationBuilder.Build()&#xD;
   at Microsoft.AspNetCore.Builder.WebApplicationBuilder.Build()&#xD;
   at Program.&lt;Main&gt;$(String[] args) in E:\Leno\src\Services\Review\Leno.Review.Api\Program.cs:line 27&#xD;
   at Program.&lt;Main&gt;(String[] args)&#xD;
   at System.Reflection.MethodBaseInvoker.InterpretedInvoke_Method(Object obj, IntPtr* args)&#xD;
   at System.Reflection.MethodBaseInvoker.InvokeDirectByRefWithFewArgs(Object obj, Span`1 copyOfArgs, BindingFlags invokeAttr)&#xD;
--- End of stack trace from previous location ---&#xD;
   at Microsoft.Extensions.Hosting.HostFactoryResolver.HostingListener.CreateHost()&#xD;
   at Microsoft.Extensions.Hosting.HostFactoryResolver.&lt;&gt;c__DisplayClass10_0.&lt;ResolveHostFactory&gt;b__0(String[] args)&#xD;
   at Microsoft.AspNetCore.Mvc.Testing.DeferredHostBuilder.Build()&#xD;
   at Microsoft.AspNetCore.Mvc.Testing.WebApplicationFactory`1.CreateHost(IHostBuilder builder)&#xD;
   at Microsoft.AspNetCore.Mvc.Testing.WebApplicationFactory`1.DelegatedWebApplicationFactory.CreateHost(IHostBuilder builder)&#xD;
   at Microsoft.AspNetCore.Mvc.Testing.WebApplicationFactory`1.ConfigureHostBuilder(IHostBuilder hostBuilder)&#xD;
   at Microsoft.AspNetCore.Mvc.Testing.WebApplicationFactory`1.StartServer()&#xD;
   at Microsoft.AspNetCore.Mvc.Testing.WebApplicationFactory`1.CreateDefaultClient(DelegatingHandler[] handlers)&#xD;
   at Microsoft.AspNetCore.Mvc.Testing.WebApplicationFactory`1.CreateDefaultClient(Uri baseAddress, DelegatingHandler[] handlers)&#xD;
   at Microsoft.AspNetCore.Mvc.Testing.WebApplicationFactory`1.CreateClient(WebApplicationFactoryClientOptions options)&#xD;
   at Microsoft.AspNetCore.Mvc.Testing.WebApplicationFactory`1.CreateClient()&#xD;
   at Leno.Integration.Tests.ReviewDomainMigrationTests..ctor(WebApplicationFactory`1 factory) in E:\Leno\tests\Integration\DomainMigrationIntegrationTests.cs:line 469&#xD;
   at System.Reflection.MethodBaseInvoker.InterpretedInvoke_Constructor(Object obj, IntPtr* args)&#xD;
   at System.Reflection.MethodBaseInvoker.InvokeDirectByRefWithFewArgs(Object obj, Span`1 copyOfArgs, BindingFlags invokeAttr)&#xD;
----- Inner Stack Trace #1 (System.InvalidOperationException) -----&#xD;
   at Microsoft.Extensions.DependencyInjection.ServiceProvider.ValidateService(ServiceDescriptor descriptor)&#xD;
   at Microsoft.Extensions.DependencyInjection.ServiceProvider..ctor(ICollection`1 serviceDescriptors, ServiceProviderOptions options)&#xD;
----- Inner Stack Trace -----&#xD;
   at Microsoft.Extensions.DependencyInjection.ServiceLookup.CallSiteFactory.CreateArgumentCallSites(ServiceIdentifier serviceIdentifier, Type implementationType, CallSiteChain callSiteChain, ParameterInfo[] parameters, Boolean throwIfCallSiteNotFound)&#xD;
   at Microsoft.Extensions.DependencyInjection.ServiceLookup.CallSiteFactory.CreateConstructorCallSite(ResultCache lifetime, ServiceIdentifier serviceIdentifier, Type implementationType, CallSiteChain callSiteChain)&#xD;
   at Microsoft.Extensions.DependencyInjection.ServiceLookup.CallSiteFactory.CreateOpenGeneric(ServiceDescriptor descriptor, ServiceIdentifier serviceIdentifier, CallSiteChain callSiteChain, Int32 slot, Boolean throwOnConstraintViolation)&#xD;
   at Microsoft.Extensions.DependencyInjection.ServiceLookup.CallSiteFactory.TryCreateOpenGeneric(ServiceIdentifier serviceIdentifier, CallSiteChain callSiteChain)&#xD;
   at Microsoft.Extensions.DependencyInjection.ServiceLookup.CallSiteFactory.CreateCallSite(ServiceIdentifier serviceIdentifier, CallSiteChain callSiteChain)&#xD;
   at Microsoft.Extensions.DependencyInjection.ServiceLookup.CallSiteFactory.CreateArgumentCallSites(ServiceIdentifier serviceIdentifier, Type implementationType, CallSiteChain callSiteChain, ParameterInfo[] parameters, Boolean throwIfCallSiteNotFound)&#xD;
   at Microsoft.Extensions.DependencyInjection.ServiceLookup.CallSiteFactory.CreateConstructorCallSite(ResultCache lifetime, ServiceIdentifier serviceIdentifier, Type implementationType, CallSiteChain callSiteChain)&#xD;
   at Microsoft.Extensions.DependencyInjection.ServiceLookup.CallSiteFactory.CreateExact(ServiceDescriptor descriptor, ServiceIdentifier serviceIdentifier, CallSiteChain callSiteChain, Int32 slot)&#xD;
   at Microsoft.Extensions.DependencyInjection.ServiceLookup.CallSiteFactory.GetCallSite(ServiceDescriptor serviceDescriptor, CallSiteChain callSiteChain)&#xD;
   at Microsoft.Extensions.DependencyInjection.ServiceProvider.ValidateService(ServiceDescriptor descriptor)&#xD;
----- Inner Stack Trace #2 (System.InvalidOperationException) -----&#xD;
   at Microsoft.Extensions.DependencyInjection.ServiceProvider.ValidateService(ServiceDescriptor descriptor)&#xD;
   at Microsoft.Extensions.DependencyInjection.ServiceProvider..ctor(ICollection`1 serviceDescriptors, ServiceProviderOptions options)&#xD;
----- Inner Stack Trace -----&#xD;
   at Microsoft.Extensions.DependencyInjection.ServiceLookup.CallSiteFactory.CreateArgumentCallSites(ServiceIdentifier serviceIdentifier, Type implementationType, CallSiteChain callSiteChain, ParameterInfo[] parameters, Boolean throwIfCallSiteNotFound)&#xD;
   at Microsoft.Extensions.DependencyInjection.ServiceLookup.CallSiteFactory.CreateConstructorCallSite(ResultCache lifetime, ServiceIdentifier serviceIdentifier, Type implementationType, CallSiteChain callSiteChain)&#xD;
   at Microsoft.Extensions.DependencyInjection.ServiceLookup.CallSiteFactory.CreateExact(ServiceDescriptor descriptor, ServiceIdentifier serviceIdentifier, CallSiteChain callSiteChain, Int32 slot)&#xD;
   at Microsoft.Extensions.DependencyInjection.ServiceLookup.CallSiteFactory.GetCallSite(ServiceDescriptor serviceDescriptor, CallSiteChain callSiteChain)&#xD;
   at Microsoft.Extensions.DependencyInjection.ServiceProvider.ValidateService(ServiceDescriptor descriptor)</StackTrace>
        </ErrorInfo>
      </Output>
    </UnitTestResult>
    <UnitTestResult executionId="d2860011-b9d3-4340-a0a4-1e101f4adc37" testId="cb608464-d498-50e8-0c7e-ec8da9d5604d" testName="Leno.Integration.Tests.MembershipDomainMigrationTests.Membership_Packages_Path_Uses_Hyphen" computerName="DESKTOP-8HKHSKP" duration="00:00:09.0234595" startTime="2026-07-27T07:16:41.9301093+08:00" endTime="2026-07-27T07:16:41.9301093+08:00" testType="13cdc9d9-ddb5-4fa4-a97d-d965ccfc6d4b" outcome="Passed" testListId="8c84fa94-04c1-424b-9868-57a2d4851a1d" relativeResultsDirectory="d2860011-b9d3-4340-a0a4-1e101f4adc37" />
    <UnitTestResult executionId="9a04772d-8057-4e6e-8204-ad5fb3d29cfb" testId="f3b157ed-69c3-c00d-c416-368289947c9e" testName="Leno.Integration.Tests.IdentityDomainMigrationTests.Identity_Login_Endpoint_Returns_ApiResponse_Token" computerName="DESKTOP-8HKHSKP" duration="00:00:09.0162605" startTime="2026-07-27T07:16:41.9295610+08:00" endTime="2026-07-27T07:16:41.9295612+08:00" testType="13cdc9d9-ddb5-4fa4-a97d-d965ccfc6d4b" outcome="Passed" testListId="8c84fa94-04c1-424b-9868-57a2d4851a1d" relativeResultsDirectory="9a04772d-8057-4e6e-8204-ad5fb3d29cfb" />
  </Results>
  <TestDefinitions>
    <UnitTest name="Leno.Integration.Tests.ReviewDomainMigrationTests.Review_Anonymous_Can_Access_Product_Reviews" storage="e:\leno\tests\integration\bin\debug\net10.0\leno.integration.tests.dll" id="f17a3931-a124-f01c-7945-4bf41ded088b">
      <Execution id="0f0a336f-b520-4e9c-b413-fa2d90317c02" />
      <TestMethod codeBase="E:\Leno\tests\Integration\bin\Debug\net10.0\Leno.Integration.Tests.dll" adapterTypeName="executor://xunit/VsTestRunner2/netcoreapp" className="Leno.Integration.Tests.ReviewDomainMigrationTests" name="Review_Anonymous_Can_Access_Product_Reviews" />
    </UnitTest>
    <UnitTest name="Leno.Integration.Tests.PointsDomainMigrationTests.Points_Internal_Freeze_Endpoint_Requires_Internal_Key" storage="e:\leno\tests\integration\bin\debug\net10.0\leno.integration.tests.dll" id="7fe42b5f-a9e6-dd0b-2af5-eec07cf7690a">
      <Execution id="c402a7b1-4ed1-4f7e-b858-00bdafbfb6b3" />
      <TestMethod codeBase="E:\Leno\tests\Integration\bin\Debug\net10.0\Leno.Integration.Tests.dll" adapterTypeName="executor://xunit/VsTestRunner2/netcoreapp" className="Leno.Integration.Tests.PointsDomainMigrationTests" name="Points_Internal_Freeze_Endpoint_Requires_Internal_Key" />
    </UnitTest>
    <UnitTest name="Leno.Integration.Tests.MembershipDomainMigrationTests.Membership_Packages_Path_Uses_Hyphen" storage="e:\leno\tests\integration\bin\debug\net10.0\leno.integration.tests.dll" id="cb608464-d498-50e8-0c7e-ec8da9d5604d">
      <Execution id="d2860011-b9d3-4340-a0a4-1e101f4adc37" />
      <TestMethod codeBase="E:\Leno\tests\Integration\bin\Debug\net10.0\Leno.Integration.Tests.dll" adapterTypeName="executor://xunit/VsTestRunner2/netcoreapp" className="Leno.Integration.Tests.MembershipDomainMigrationTests" name="Membership_Packages_Path_Uses_Hyphen" />
    </UnitTest>
    <UnitTest name="Leno.Integration.Tests.IdentityDomainMigrationTests.Identity_Login_Endpoint_Returns_ApiResponse_Token" storage="e:\leno\tests\integration\bin\debug\net10.0\leno.integration.tests.dll" id="f3b157ed-69c3-c00d-c416-368289947c9e">
      <Execution id="9a04772d-8057-4e6e-8204-ad5fb3d29cfb" />
      <TestMethod codeBase="E:\Leno\tests\Integration\bin\Debug\net10.0\Leno.Integration.Tests.dll" adapterTypeName="executor://xunit/VsTestRunner2/netcoreapp" className="Leno.Integration.Tests.IdentityDomainMigrationTests" name="Identity_Login_Endpoint_Returns_ApiResponse_Token" />
    </UnitTest>
  </TestDefinitions>
  <TestEntries>
    <TestEntry testId="7fe42b5f-a9e6-dd0b-2af5-eec07cf7690a" executionId="c402a7b1-4ed1-4f7e-b858-00bdafbfb6b3" testListId="8c84fa94-04c1-424b-9868-57a2d4851a1d" />
    <TestEntry testId="f17a3931-a124-f01c-7945-4bf41ded088b" executionId="0f0a336f-b520-4e9c-b413-fa2d90317c02" testListId="8c84fa94-04c1-424b-9868-57a2d4851a1d" />
    <TestEntry testId="cb608464-d498-50e8-0c7e-ec8da9d5604d" executionId="d2860011-b9d3-4340-a0a4-1e101f4adc37" testListId="8c84fa94-04c1-424b-9868-57a2d4851a1d" />
    <TestEntry testId="f3b157ed-69c3-c00d-c416-368289947c9e" executionId="9a04772d-8057-4e6e-8204-ad5fb3d29cfb" testListId="8c84fa94-04c1-424b-9868-57a2d4851a1d" />
  </TestEntries>
  <TestLists>
    <TestList name="列表中未列出的结果" id="8c84fa94-04c1-424b-9868-57a2d4851a1d" />
    <TestList name="所有已加载的结果" id="19431567-8539-422a-85d7-44ee4e166bda" />
  </TestLists>
  <ResultSummary outcome="Failed">
    <Counters total="4" executed="4" passed="3" failed="1" error="0" timeout="0" aborted="0" inconclusive="0" passedButRunAborted="0" notRunnable="0" notExecuted="0" disconnected="0" warning="0" completed="0" inProgress="0" pending="0" />
    <Output>
      <StdOut>[xUnit.net 00:00:00.00] xUnit.net VSTest Adapter v2.8.2+699d445a1a (64-bit .NET 10.0.10)&#xD;
[xUnit.net 00:00:00.08]   Discovering: Leno.Integration.Tests&#xD;
[xUnit.net 00:00:00.11]   Discovered:  Leno.Integration.Tests&#xD;
[xUnit.net 00:00:00.12]   Starting:    Leno.Integration.Tests&#xD;
[xUnit.net 00:00:04.58]       System.AggregateException : Some services are not able to be constructed (Error while validating the service descriptor 'ServiceType: Leno.Review.Infrastructure.ReadModels.ReviewReadModelSyncConsumer Lifetime: Scoped ImplementationType: Leno.Review.Infrastructure.ReadModels.ReviewReadModelSyncConsumer': Unable to resolve service for type 'Elastic.Clients.Elasticsearch.ElasticsearchClient' while attempting to activate 'Leno.Infrastructure.ReadModel.EsReadModelRepository`1[Leno.Review.Infrastructure.ReadModels.ReviewReadModel]'.) (Error while validating the service descriptor 'ServiceType: Microsoft.Extensions.Hosting.IHostedService Lifetime: Singleton ImplementationType: Leno.Review.Infrastructure.ReadModels.ReviewIndexInitializer': Unable to resolve service for type 'Elastic.Clients.Elasticsearch.ElasticsearchClient' while attempting to activate 'Leno.Review.Infrastructure.ReadModels.ReviewIndexInitializer'.)&#xD;
[xUnit.net 00:00:04.58]       ---- System.InvalidOperationException : Error while validating the service descriptor 'ServiceType: Leno.Review.Infrastructure.ReadModels.ReviewReadModelSyncConsumer Lifetime: Scoped ImplementationType: Leno.Review.Infrastructure.ReadModels.ReviewReadModelSyncConsumer': Unable to resolve service for type 'Elastic.Clients.Elasticsearch.ElasticsearchClient' while attempting to activate 'Leno.Infrastructure.ReadModel.EsReadModelRepository`1[Leno.Review.Infrastructure.ReadModels.ReviewReadModel]'.&#xD;
[xUnit.net 00:00:04.58]       -------- System.InvalidOperationException : Unable to resolve service for type 'Elastic.Clients.Elasticsearch.ElasticsearchClient' while attempting to activate 'Leno.Infrastructure.ReadModel.EsReadModelRepository`1[Leno.Review.Infrastructure.ReadModels.ReviewReadModel]'.&#xD;
[xUnit.net 00:00:04.58]       ---- System.InvalidOperationException : Error while validating the service descriptor 'ServiceType: Microsoft.Extensions.Hosting.IHostedService Lifetime: Singleton ImplementationType: Leno.Review.Infrastructure.ReadModels.ReviewIndexInitializer': Unable to resolve service for type 'Elastic.Clients.Elasticsearch.ElasticsearchClient' while attempting to activate 'Leno.Review.Infrastructure.ReadModels.ReviewIndexInitializer'.&#xD;
[xUnit.net 00:00:04.58]       -------- System.InvalidOperationException : Unable to resolve service for type 'Elastic.Clients.Elasticsearch.ElasticsearchClient' while attempting to activate 'Leno.Review.Infrastructure.ReadModels.ReviewIndexInitializer'.&#xD;
[xUnit.net 00:00:04.58]       Stack Trace:&#xD;
[xUnit.net 00:00:04.58]            at Microsoft.Extensions.DependencyInjection.ServiceProvider..ctor(ICollection`1 serviceDescriptors, ServiceProviderOptions options)&#xD;
[xUnit.net 00:00:04.59]            at Microsoft.Extensions.DependencyInjection.ServiceCollectionContainerBuilderExtensions.BuildServiceProvider(IServiceCollection services, ServiceProviderOptions options)&#xD;
[xUnit.net 00:00:04.59]            at Microsoft.Extensions.Hosting.HostApplicationBuilder.Build()&#xD;
[xUnit.net 00:00:04.59]            at Microsoft.AspNetCore.Builder.WebApplicationBuilder.Build()&#xD;
[xUnit.net 00:00:04.59]         E:\Leno\src\Services\Review\Leno.Review.Api\Program.cs(27,0): at Program.&lt;Main&gt;$(String[] args)&#xD;
[xUnit.net 00:00:04.59]            at Program.&lt;Main&gt;(String[] args)&#xD;
[xUnit.net 00:00:04.59]            at System.Reflection.MethodBaseInvoker.InterpretedInvoke_Method(Object obj, IntPtr* args)&#xD;
[xUnit.net 00:00:04.59]            at System.Reflection.MethodBaseInvoker.InvokeDirectByRefWithFewArgs(Object obj, Span`1 copyOfArgs, BindingFlags invokeAttr)&#xD;
[xUnit.net 00:00:04.59]         --- End of stack trace from previous location ---&#xD;
[xUnit.net 00:00:04.59]            at Microsoft.Extensions.Hosting.HostFactoryResolver.HostingListener.CreateHost()&#xD;
[xUnit.net 00:00:04.59]            at Microsoft.Extensions.Hosting.HostFactoryResolver.&lt;&gt;c__DisplayClass10_0.&lt;ResolveHostFactory&gt;b__0(String[] args)&#xD;
[xUnit.net 00:00:04.59]            at Microsoft.AspNetCore.Mvc.Testing.DeferredHostBuilder.Build()&#xD;
[xUnit.net 00:00:04.59]            at Microsoft.AspNetCore.Mvc.Testing.WebApplicationFactory`1.CreateHost(IHostBuilder builder)&#xD;
[xUnit.net 00:00:04.59]            at Microsoft.AspNetCore.Mvc.Testing.WebApplicationFactory`1.DelegatedWebApplicationFactory.CreateHost(IHostBuilder builder)&#xD;
[xUnit.net 00:00:04.59]            at Microsoft.AspNetCore.Mvc.Testing.WebApplicationFactory`1.ConfigureHostBuilder(IHostBuilder hostBuilder)&#xD;
[xUnit.net 00:00:04.59]            at Microsoft.AspNetCore.Mvc.Testing.WebApplicationFactory`1.StartServer()&#xD;
[xUnit.net 00:00:04.59]            at Microsoft.AspNetCore.Mvc.Testing.WebApplicationFactory`1.CreateDefaultClient(DelegatingHandler[] handlers)&#xD;
[xUnit.net 00:00:04.59]            at Microsoft.AspNetCore.Mvc.Testing.WebApplicationFactory`1.CreateDefaultClient(Uri baseAddress, DelegatingHandler[] handlers)&#xD;
[xUnit.net 00:00:04.59]            at Microsoft.AspNetCore.Mvc.Testing.WebApplicationFactory`1.CreateClient(WebApplicationFactoryClientOptions options)&#xD;
[xUnit.net 00:00:04.59]            at Microsoft.AspNetCore.Mvc.Testing.WebApplicationFactory`1.CreateClient()&#xD;
[xUnit.net 00:00:04.59]         E:\Leno\tests\Integration\DomainMigrationIntegrationTests.cs(469,0): at Leno.Integration.Tests.ReviewDomainMigrationTests..ctor(WebApplicationFactory`1 factory)&#xD;
[xUnit.net 00:00:04.59]            at System.Reflection.MethodBaseInvoker.InterpretedInvoke_Constructor(Object obj, IntPtr* args)&#xD;
[xUnit.net 00:00:04.59]            at System.Reflection.MethodBaseInvoker.InvokeDirectByRefWithFewArgs(Object obj, Span`1 copyOfArgs, BindingFlags invokeAttr)&#xD;
[xUnit.net 00:00:04.59]         ----- Inner Stack Trace #1 (System.InvalidOperationException) -----&#xD;
[xUnit.net 00:00:04.59]            at Microsoft.Extensions.DependencyInjection.ServiceProvider.ValidateService(ServiceDescriptor descriptor)&#xD;
[xUnit.net 00:00:04.59]            at Microsoft.Extensions.DependencyInjection.ServiceProvider..ctor(ICollection`1 serviceDescriptors, ServiceProviderOptions options)&#xD;
[xUnit.net 00:00:04.59]         ----- Inner Stack Trace -----&#xD;
[xUnit.net 00:00:04.59]            at Microsoft.Extensions.DependencyInjection.ServiceLookup.CallSiteFactory.CreateArgumentCallSites(ServiceIdentifier serviceIdentifier, Type implementationType, CallSiteChain callSiteChain, ParameterInfo[] parameters, Boolean throwIfCallSiteNotFound)&#xD;
[xUnit.net 00:00:04.59]            at Microsoft.Extensions.DependencyInjection.ServiceLookup.CallSiteFactory.CreateConstructorCallSite(ResultCache lifetime, ServiceIdentifier serviceIdentifier, Type implementationType, CallSiteChain callSiteChain)&#xD;
[xUnit.net 00:00:04.59]            at Microsoft.Extensions.DependencyInjection.ServiceLookup.CallSiteFactory.CreateOpenGeneric(ServiceDescriptor descriptor, ServiceIdentifier serviceIdentifier, CallSiteChain callSiteChain, Int32 slot, Boolean throwOnConstraintViolation)&#xD;
[xUnit.net 00:00:04.59]            at Microsoft.Extensions.DependencyInjection.ServiceLookup.CallSiteFactory.TryCreateOpenGeneric(ServiceIdentifier serviceIdentifier, CallSiteChain callSiteChain)&#xD;
[xUnit.net 00:00:04.59]            at Microsoft.Extensions.DependencyInjection.ServiceLookup.CallSiteFactory.CreateCallSite(ServiceIdentifier serviceIdentifier, CallSiteChain callSiteChain)&#xD;
[xUnit.net 00:00:04.59]            at Microsoft.Extensions.DependencyInjection.ServiceLookup.CallSiteFactory.CreateArgumentCallSites(ServiceIdentifier serviceIdentifier, Type implementationType, CallSiteChain callSiteChain, ParameterInfo[] parameters, Boolean throwIfCallSiteNotFound)&#xD;
[xUnit.net 00:00:04.59]            at Microsoft.Extensions.DependencyInjection.ServiceLookup.CallSiteFactory.CreateConstructorCallSite(ResultCache lifetime, ServiceIdentifier serviceIdentifier, Type implementationType, CallSiteChain callSiteChain)&#xD;
[xUnit.net 00:00:04.59]            at Microsoft.Extensions.DependencyInjection.ServiceLookup.CallSiteFactory.CreateExact(ServiceDescriptor descriptor, ServiceIdentifier serviceIdentifier, CallSiteChain callSiteChain, Int32 slot)&#xD;
[xUnit.net 00:00:04.59]            at Microsoft.Extensions.DependencyInjection.ServiceLookup.CallSiteFactory.GetCallSite(ServiceDescriptor serviceDescriptor, CallSiteChain callSiteChain)&#xD;
[xUnit.net 00:00:04.59]            at Microsoft.Extensions.DependencyInjection.ServiceProvider.ValidateService(ServiceDescriptor descriptor)&#xD;
[xUnit.net 00:00:04.59]         ----- Inner Stack Trace #2 (System.InvalidOperationException) -----&#xD;
[xUnit.net 00:00:04.59]            at Microsoft.Extensions.DependencyInjection.ServiceProvider.ValidateService(ServiceDescriptor descriptor)&#xD;
[xUnit.net 00:00:04.59]            at Microsoft.Extensions.DependencyInjection.ServiceProvider..ctor(ICollection`1 serviceDescriptors, ServiceProviderOptions options)&#xD;
[xUnit.net 00:00:04.59]         ----- Inner Stack Trace -----&#xD;
[xUnit.net 00:00:04.59]            at Microsoft.Extensions.DependencyInjection.ServiceLookup.CallSiteFactory.CreateArgumentCallSites(ServiceIdentifier serviceIdentifier, Type implementationType, CallSiteChain callSiteChain, ParameterInfo[] parameters, Boolean throwIfCallSiteNotFound)&#xD;
[xUnit.net 00:00:04.59]            at Microsoft.Extensions.DependencyInjection.ServiceLookup.CallSiteFactory.CreateConstructorCallSite(ResultCache lifetime, ServiceIdentifier serviceIdentifier, Type implementationType, CallSiteChain callSiteChain)&#xD;
[xUnit.net 00:00:04.59]            at Microsoft.Extensions.DependencyInjection.ServiceLookup.CallSiteFactory.CreateExact(ServiceDescriptor descriptor, ServiceIdentifier serviceIdentifier, CallSiteChain callSiteChain, Int32 slot)&#xD;
[xUnit.net 00:00:04.59]            at Microsoft.Extensions.DependencyInjection.ServiceLookup.CallSiteFactory.GetCallSite(ServiceDescriptor serviceDescriptor, CallSiteChain callSiteChain)&#xD;
[xUnit.net 00:00:04.59]            at Microsoft.Extensions.DependencyInjection.ServiceProvider.ValidateService(ServiceDescriptor descriptor)&#xD;
[WARN] Service:Name ����ȱʧ������ InternalApiKey ����У��&#xD;
[WARN] BC Identity ����ʹ�� Shared InternalApiKey���뾡��Ǩ�Ƶ����� key��M5.2��&#xD;
[WARN] Service:Name ����ȱʧ������ InternalApiKey ����У��&#xD;
{"Timestamp":"2026-07-27T07:16:37.3845538+08:00","Level":"Warning","MessageTemplate":"��������ȱʧ��{MissingKeys}","Properties":{"MissingKeys":"Payment:Alipay:AppId, Payment:Alipay:PrivateKey, Payment:Alipay:PublicKey, Payment:WeChatPay:AppId, Payment:WeChatPay:MchId, Payment:WeChatPay:ApiKey, SMS:ApiKey, SMS:ApiSecret, OAuth2:WeChat:AppId, OAuth2:WeChat:AppSecret, OAuth2:Apple:ClientId, OAuth2:Apple:ClientSecret, Jwt:SecretKey","SourceContext":"Program","Application":"leno-membership-api","Environment":"Development"}}&#xD;
{"Timestamp":"2026-07-27T07:16:37.3845519+08:00","Level":"Warning","MessageTemplate":"��������ȱʧ��{MissingKeys}","Properties":{"MissingKeys":"Payment:Alipay:AppId, Payment:Alipay:PrivateKey, Payment:Alipay:PublicKey, Payment:WeChatPay:AppId, Payment:WeChatPay:MchId, Payment:WeChatPay:ApiKey, SMS:ApiKey, SMS:ApiSecret, OAuth2:WeChat:AppId, OAuth2:WeChat:AppSecret, OAuth2:Apple:ClientId, OAuth2:Apple:ClientSecret","SourceContext":"Program","Application":"leno-membership-api","Environment":"Development"}}&#xD;
{"Timestamp":"2026-07-27T07:16:37.3845602+08:00","Level":"Warning","MessageTemplate":"��������ȱʧ��{MissingKeys}","Properties":{"MissingKeys":"Payment:Alipay:AppId, Payment:Alipay:PrivateKey, Payment:Alipay:PublicKey, Payment:WeChatPay:AppId, Payment:WeChatPay:MchId, Payment:WeChatPay:ApiKey, SMS:ApiKey, SMS:ApiSecret, OAuth2:WeChat:AppId, OAuth2:WeChat:AppSecret, OAuth2:Apple:ClientId, OAuth2:Apple:ClientSecret, Jwt:SecretKey","SourceContext":"Program","Application":"leno-membership-api","Environment":"Development"}}&#xD;
{"Timestamp":"2026-07-27T07:16:37.5253584+08:00","Level":"Information","MessageTemplate":"���ݿ�Ǩ���� {LockKey} �ѱ�����ʵ�����У�����Ǩ��","Properties":{"LockKey":"db-migrate:IdentityDbContext","SourceContext":"Leno.Infrastructure.Persistence.DatabaseMigrationExtensions","Application":"leno-membership-api","Environment":"Development"}}&#xD;
{"Timestamp":"2026-07-27T07:16:37.5253596+08:00","Level":"Information","MessageTemplate":"���ݿ�Ǩ���� {LockKey} �ѱ�����ʵ�����У�����Ǩ��","Properties":{"LockKey":"db-migrate:PointsDbContext","SourceContext":"Leno.Infrastructure.Persistence.DatabaseMigrationExtensions","Application":"leno-membership-api","Environment":"Development"}}&#xD;
{"Timestamp":"2026-07-27T07:16:37.5253568+08:00","Level":"Information","MessageTemplate":"���ݿ�Ǩ���� {LockKey} �ѱ�����ʵ�����У�����Ǩ��","Properties":{"LockKey":"db-migrate:MembershipDbContext","SourceContext":"Leno.Infrastructure.Persistence.DatabaseMigrationExtensions","Application":"leno-membership-api","Environment":"Development"}}&#xD;
{"Timestamp":"2026-07-27T07:16:37.5377681+08:00","Level":"Information","MessageTemplate":"User profile is available. Using '{FullName}' as key repository and Windows DPAPI to encrypt keys at rest.","Properties":{"FullName":"C:\\Users\\Junjie\\AppData\\Local\\ASP.NET\\DataProtection-Keys","EventId":{"Id":63,"Name":"UsingProfileAsKeyRepositoryWithDPAPI"},"SourceContext":"Microsoft.AspNetCore.DataProtection.KeyManagement.XmlKeyManager","Application":"leno-membership-api","Environment":"Development"}}&#xD;
{"Timestamp":"2026-07-27T07:16:37.5377696+08:00","Level":"Information","MessageTemplate":"User profile is available. Using '{FullName}' as key repository and Windows DPAPI to encrypt keys at rest.","Properties":{"FullName":"C:\\Users\\Junjie\\AppData\\Local\\ASP.NET\\DataProtection-Keys","EventId":{"Id":63,"Name":"UsingProfileAsKeyRepositoryWithDPAPI"},"SourceContext":"Microsoft.AspNetCore.DataProtection.KeyManagement.XmlKeyManager","Application":"leno-membership-api","Environment":"Development"}}&#xD;
{"Timestamp":"2026-07-27T07:16:37.5377687+08:00","Level":"Information","MessageTemplate":"User profile is available. Using '{FullName}' as key repository and Windows DPAPI to encrypt keys at rest.","Properties":{"FullName":"C:\\Users\\Junjie\\AppData\\Local\\ASP.NET\\DataProtection-Keys","EventId":{"Id":63,"Name":"UsingProfileAsKeyRepositoryWithDPAPI"},"SourceContext":"Microsoft.AspNetCore.DataProtection.KeyManagement.XmlKeyManager","Application":"leno-membership-api","Environment":"Development"}}&#xD;
{"Timestamp":"2026-07-27T07:16:41.7446196+08:00","Level":"Warning","MessageTemplate":"Failed to register service {ServiceName} (ID: {ServiceId}) with Consul at {Address}:{Port}. Application will continue startup; service may be unreachable until Consul recovers.","Exception":"System.Net.Http.HttpRequestException: ����Ŀ�����������ܾ����޷����ӡ� (localhost:8500)\r\n ---&gt; System.Net.Sockets.SocketException (10061): ����Ŀ�����������ܾ����޷����ӡ�\r\n   at System.Net.Sockets.Socket.AwaitableSocketAsyncEventArgs.ThrowException(SocketError error, CancellationToken cancellationToken)\r\n   at System.Net.Sockets.Socket.AwaitableSocketAsyncEventArgs.System.Threading.Tasks.Sources.IValueTaskSource.GetResult(Int16 token)\r\n   at System.Net.Http.HttpConnectionPool.ConnectToTcpHostAsync(String host, Int32 port, HttpRequestMessage initialRequest, Boolean async, CancellationToken cancellationToken)\r\n   --- End of inner exception stack trace ---\r\n   at System.Net.Http.HttpConnectionPool.ConnectToTcpHostAsync(String host, Int32 port, HttpRequestMessage initialRequest, Boolean async, CancellationToken cancellationToken)\r\n   at System.Net.Http.HttpConnectionPool.ConnectAsync(HttpRequestMessage request, Boolean async, CancellationToken cancellationToken)\r\n   at System.Net.Http.HttpConnectionPool.CreateHttp11ConnectionAsync(HttpRequestMessage request, Boolean async, CancellationToken cancellationToken)\r\n   at System.Net.Http.HttpConnectionPool.InjectNewHttp11ConnectionAsync(QueueItem queueItem)\r\n   at System.Threading.Tasks.TaskCompletionSourceWithCancellation`1.WaitWithCancellationAsync(CancellationToken cancellationToken)\r\n   at System.Net.Http.HttpConnectionWaiter`1.WaitForConnectionWithTelemetryAsync(HttpRequestMessage request, HttpConnectionPool pool, Boolean async, CancellationToken requestCancellationToken)\r\n   at System.Net.Http.HttpConnectionPool.SendWithVersionDetectionAndRetryAsync(HttpRequestMessage request, Boolean async, Boolean doRequestAuth, CancellationToken cancellationToken)\r\n   at System.Net.Http.Metrics.MetricsHandler.SendAsyncWithMetrics(HttpRequestMessage request, Boolean async, CancellationToken cancellationToken)\r\n   at System.Net.Http.DiagnosticsHandler.SendAsyncCore(HttpRequestMessage request, Boolean async, CancellationToken cancellationToken)\r\n   at System.Net.Http.RedirectHandler.SendAsync(HttpRequestMessage request, Boolean async, CancellationToken cancellationToken)\r\n   at System.Net.Http.SocketsHttpHandler.&lt;SendAsync&gt;g__CreateHandlerAndSendAsync|115_0(HttpRequestMessage request, CancellationToken cancellationToken)\r\n   at System.Net.Http.HttpClient.&lt;SendAsync&gt;g__Core|83_0(HttpRequestMessage request, HttpCompletionOption completionOption, CancellationTokenSource cts, Boolean disposeCts, CancellationTokenSource pendingRequestsCts, CancellationToken originalCancellationToken)\r\n   at Consul.PutRequest`1.Execute(CancellationToken ct) in D:\\a\\consuldotnet\\consuldotnet\\Consul\\Client_PutRequests.cs:line 244\r\n   at Leno.Infrastructure.ServiceDiscovery.ConsulServiceRegistrationHostedService.StartAsync(CancellationToken cancellationToken) in E:\\Leno\\src\\BuildingBlocks\\Leno.Infrastructure\\ServiceDiscovery\\ConsulServiceRegistrationExtensions.cs:line 72","Properties":{"ServiceName":"leno-points-api","ServiceId":"leno-points-api-DESKTOP-8HKHSKP-8080","Address":"DESKTOP-8HKHSKP","Port":8080,"SourceContext":"Leno.Infrastructure.ServiceDiscovery.ConsulServiceRegistrationHostedService","Application":"leno-membership-api","Environment":"Development"}}&#xD;
{"Timestamp":"2026-07-27T07:16:41.7446162+08:00","Level":"Warning","MessageTemplate":"Failed to register service {ServiceName} (ID: {ServiceId}) with Consul at {Address}:{Port}. Application will continue startup; service may be unreachable until Consul recovers.","Exception":"System.Net.Http.HttpRequestException: ����Ŀ�����������ܾ����޷����ӡ� (localhost:8500)\r\n ---&gt; System.Net.Sockets.SocketException (10061): ����Ŀ�����������ܾ����޷����ӡ�\r\n   at System.Net.Sockets.Socket.AwaitableSocketAsyncEventArgs.ThrowException(SocketError error, CancellationToken cancellationToken)\r\n   at System.Net.Sockets.Socket.AwaitableSocketAsyncEventArgs.System.Threading.Tasks.Sources.IValueTaskSource.GetResult(Int16 token)\r\n   at System.Net.Http.HttpConnectionPool.ConnectToTcpHostAsync(String host, Int32 port, HttpRequestMessage initialRequest, Boolean async, CancellationToken cancellationToken)\r\n   --- End of inner exception stack trace ---\r\n   at System.Net.Http.HttpConnectionPool.ConnectToTcpHostAsync(String host, Int32 port, HttpRequestMessage initialRequest, Boolean async, CancellationToken cancellationToken)\r\n   at System.Net.Http.HttpConnectionPool.ConnectAsync(HttpRequestMessage request, Boolean async, CancellationToken cancellationToken)\r\n   at System.Net.Http.HttpConnectionPool.CreateHttp11ConnectionAsync(HttpRequestMessage request, Boolean async, CancellationToken cancellationToken)\r\n   at System.Net.Http.HttpConnectionPool.InjectNewHttp11ConnectionAsync(QueueItem queueItem)\r\n   at System.Threading.Tasks.TaskCompletionSourceWithCancellation`1.WaitWithCancellationAsync(CancellationToken cancellationToken)\r\n   at System.Net.Http.HttpConnectionWaiter`1.WaitForConnectionWithTelemetryAsync(HttpRequestMessage request, HttpConnectionPool pool, Boolean async, CancellationToken requestCancellationToken)\r\n   at System.Net.Http.HttpConnectionPool.SendWithVersionDetectionAndRetryAsync(HttpRequestMessage request, Boolean async, Boolean doRequestAuth, CancellationToken cancellationToken)\r\n   at System.Net.Http.Metrics.MetricsHandler.SendAsyncWithMetrics(HttpRequestMessage request, Boolean async, CancellationToken cancellationToken)\r\n   at System.Net.Http.DiagnosticsHandler.SendAsyncCore(HttpRequestMessage request, Boolean async, CancellationToken cancellationToken)\r\n   at System.Net.Http.RedirectHandler.SendAsync(HttpRequestMessage request, Boolean async, CancellationToken cancellationToken)\r\n   at System.Net.Http.SocketsHttpHandler.&lt;SendAsync&gt;g__CreateHandlerAndSendAsync|115_0(HttpRequestMessage request, CancellationToken cancellationToken)\r\n   at System.Net.Http.HttpClient.&lt;SendAsync&gt;g__Core|83_0(HttpRequestMessage request, HttpCompletionOption completionOption, CancellationTokenSource cts, Boolean disposeCts, CancellationTokenSource pendingRequestsCts, CancellationToken originalCancellationToken)\r\n   at Consul.PutRequest`1.Execute(CancellationToken ct) in D:\\a\\consuldotnet\\consuldotnet\\Consul\\Client_PutRequests.cs:line 244\r\n   at Leno.Infrastructure.ServiceDiscovery.ConsulServiceRegistrationHostedService.StartAsync(CancellationToken cancellationToken) in E:\\Leno\\src\\BuildingBlocks\\Leno.Infrastructure\\ServiceDiscovery\\ConsulServiceRegistrationExtensions.cs:line 72","Properties":{"ServiceName":"leno-identity-api","ServiceId":"leno-identity-api-DESKTOP-8HKHSKP-8083","Address":"localhost","Port":8083,"SourceContext":"Leno.Infrastructure.ServiceDiscovery.ConsulServiceRegistrationHostedService","Application":"leno-membership-api","Environment":"Development"}}&#xD;
{"Timestamp":"2026-07-27T07:16:41.7446185+08:00","Level":"Warning","MessageTemplate":"Failed to register service {ServiceName} (ID: {ServiceId}) with Consul at {Address}:{Port}. Application will continue startup; service may be unreachable until Consul recovers.","Exception":"System.Net.Http.HttpRequestException: ����Ŀ�����������ܾ����޷����ӡ� (localhost:8500)\r\n ---&gt; System.Net.Sockets.SocketException (10061): ����Ŀ�����������ܾ����޷����ӡ�\r\n   at System.Net.Sockets.Socket.AwaitableSocketAsyncEventArgs.ThrowException(SocketError error, CancellationToken cancellationToken)\r\n   at System.Net.Sockets.Socket.AwaitableSocketAsyncEventArgs.System.Threading.Tasks.Sources.IValueTaskSource.GetResult(Int16 token)\r\n   at System.Net.Http.HttpConnectionPool.ConnectToTcpHostAsync(String host, Int32 port, HttpRequestMessage initialRequest, Boolean async, CancellationToken cancellationToken)\r\n   --- End of inner exception stack trace ---\r\n   at System.Net.Http.HttpConnectionPool.ConnectToTcpHostAsync(String host, Int32 port, HttpRequestMessage initialRequest, Boolean async, CancellationToken cancellationToken)\r\n   at System.Net.Http.HttpConnectionPool.ConnectAsync(HttpRequestMessage request, Boolean async, CancellationToken cancellationToken)\r\n   at System.Net.Http.HttpConnectionPool.CreateHttp11ConnectionAsync(HttpRequestMessage request, Boolean async, CancellationToken cancellationToken)\r\n   at System.Net.Http.HttpConnectionPool.InjectNewHttp11ConnectionAsync(QueueItem queueItem)\r\n   at System.Threading.Tasks.TaskCompletionSourceWithCancellation`1.WaitWithCancellationAsync(CancellationToken cancellationToken)\r\n   at System.Net.Http.HttpConnectionWaiter`1.WaitForConnectionWithTelemetryAsync(HttpRequestMessage request, HttpConnectionPool pool, Boolean async, CancellationToken requestCancellationToken)\r\n   at System.Net.Http.HttpConnectionPool.SendWithVersionDetectionAndRetryAsync(HttpRequestMessage request, Boolean async, Boolean doRequestAuth, CancellationToken cancellationToken)\r\n   at System.Net.Http.Metrics.MetricsHandler.SendAsyncWithMetrics(HttpRequestMessage request, Boolean async, CancellationToken cancellationToken)\r\n   at System.Net.Http.DiagnosticsHandler.SendAsyncCore(HttpRequestMessage request, Boolean async, CancellationToken cancellationToken)\r\n   at System.Net.Http.RedirectHandler.SendAsync(HttpRequestMessage request, Boolean async, CancellationToken cancellationToken)\r\n   at System.Net.Http.SocketsHttpHandler.&lt;SendAsync&gt;g__CreateHandlerAndSendAsync|115_0(HttpRequestMessage request, CancellationToken cancellationToken)\r\n   at System.Net.Http.HttpClient.&lt;SendAsync&gt;g__Core|83_0(HttpRequestMessage request, HttpCompletionOption completionOption, CancellationTokenSource cts, Boolean disposeCts, CancellationTokenSource pendingRequestsCts, CancellationToken originalCancellationToken)\r\n   at Consul.PutRequest`1.Execute(CancellationToken ct) in D:\\a\\consuldotnet\\consuldotnet\\Consul\\Client_PutRequests.cs:line 244\r\n   at Leno.Infrastructure.ServiceDiscovery.ConsulServiceRegistrationHostedService.StartAsync(CancellationToken cancellationToken) in E:\\Leno\\src\\BuildingBlocks\\Leno.Infrastructure\\ServiceDiscovery\\ConsulServiceRegistrationExtensions.cs:line 72","Properties":{"ServiceName":"leno-membership-api","ServiceId":"leno-membership-api-DESKTOP-8HKHSKP-8080","Address":"DESKTOP-8HKHSKP","Port":8080,"SourceContext":"Leno.Infrastructure.ServiceDiscovery.ConsulServiceRegistrationHostedService","Application":"leno-membership-api","Environment":"Development"}}&#xD;
{"Timestamp":"2026-07-27T07:16:41.7654016+08:00","Level":"Warning","MessageTemplate":"Service:Name δ���ã�ConsulConfigWatcher �˳�","Properties":{"SourceContext":"Leno.Infrastructure.Configuration.ConsulConfigWatcher","Application":"leno-membership-api","Environment":"Development"}}&#xD;
{"Timestamp":"2026-07-27T07:16:41.7654065+08:00","Level":"Warning","MessageTemplate":"Service:Name δ���ã�ConsulConfigWatcher �˳�","Properties":{"SourceContext":"Leno.Infrastructure.Configuration.ConsulConfigWatcher","Application":"leno-membership-api","Environment":"Development"}}&#xD;
{"Timestamp":"2026-07-27T07:16:41.7654168+08:00","Level":"Information","MessageTemplate":"ConsulConfigWatcher ���������� KV: {Key}","Properties":{"Key":"leno/anticorruption/use-grpc/Identity","SourceContext":"Leno.Infrastructure.Configuration.ConsulConfigWatcher","Application":"leno-membership-api","Environment":"Development"}}&#xD;
{"Timestamp":"2026-07-27T07:16:41.7658933+08:00","Level":"Information","MessageTemplate":"MemberLevelEvaluationJob ������ɨ���� {Interval}","Properties":{"Interval":"1.00:00:00","SourceContext":"Leno.Membership.Api.BackgroundServices.MemberLevelEvaluationJob","Application":"leno-membership-api","Environment":"Development"}}&#xD;
{"Timestamp":"2026-07-27T07:16:41.7888435+08:00","Level":"Information","MessageTemplate":"Application started. Press Ctrl+C to shut down.","Properties":{"SourceContext":"Microsoft.Hosting.Lifetime","Application":"leno-membership-api","Environment":"Development"}}&#xD;
{"Timestamp":"2026-07-27T07:16:41.7889298+08:00","Level":"Information","MessageTemplate":"Hosting environment: {EnvName}","Properties":{"EnvName":"Development","SourceContext":"Microsoft.Hosting.Lifetime","Application":"leno-membership-api","Environment":"Development"}}&#xD;
{"Timestamp":"2026-07-27T07:16:41.7889641+08:00","Level":"Information","MessageTemplate":"Content root path: {ContentRoot}","Properties":{"ContentRoot":"E:\\Leno\\src\\Services\\Identity\\Leno.Identity.Api","SourceContext":"Microsoft.Hosting.Lifetime","Application":"leno-membership-api","Environment":"Development"}}&#xD;
{"Timestamp":"2026-07-27T07:16:41.7957442+08:00","Level":"Information","MessageTemplate":"Application started. Press Ctrl+C to shut down.","Properties":{"SourceContext":"Microsoft.Hosting.Lifetime","Application":"leno-membership-api","Environment":"Development"}}&#xD;
{"Timestamp":"2026-07-27T07:16:41.7957442+08:00","Level":"Information","MessageTemplate":"Application started. Press Ctrl+C to shut down.","Properties":{"SourceContext":"Microsoft.Hosting.Lifetime","Application":"leno-membership-api","Environment":"Development"}}&#xD;
{"Timestamp":"2026-07-27T07:16:41.7958374+08:00","Level":"Information","MessageTemplate":"Hosting environment: {EnvName}","Properties":{"EnvName":"Development","SourceContext":"Microsoft.Hosting.Lifetime","Application":"leno-membership-api","Environment":"Development"}}&#xD;
{"Timestamp":"2026-07-27T07:16:41.7958517+08:00","Level":"Information","MessageTemplate":"Hosting environment: {EnvName}","Properties":{"EnvName":"Development","SourceContext":"Microsoft.Hosting.Lifetime","Application":"leno-membership-api","Environment":"Development"}}&#xD;
{"Timestamp":"2026-07-27T07:16:41.7958782+08:00","Level":"Information","MessageTemplate":"Content root path: {ContentRoot}","Properties":{"ContentRoot":"E:\\Leno\\src\\Services\\Points\\Leno.Points.Api","SourceContext":"Microsoft.Hosting.Lifetime","Application":"leno-membership-api","Environment":"Development"}}&#xD;
{"Timestamp":"2026-07-27T07:16:41.7958967+08:00","Level":"Information","MessageTemplate":"Content root path: {ContentRoot}","Properties":{"ContentRoot":"E:\\Leno\\src\\Services\\Membership\\Leno.Membership.Api","SourceContext":"Microsoft.Hosting.Lifetime","Application":"leno-membership-api","Environment":"Development"}}&#xD;
{"Timestamp":"2026-07-27T07:16:41.8243744+08:00","Level":"Information","MessageTemplate":"Request starting {Protocol} {Method} {Scheme}://{Host}{PathBase}{Path}{QueryString} - {ContentType} {ContentLength}","TraceId":"557aaded5917e2491b5cec04e1814d29","SpanId":"56f8300bb901b070","Properties":{"Protocol":"HTTP/1.1","Method":"GET","ContentType":null,"ContentLength":null,"Scheme":"http","Host":"localhost","PathBase":"","Path":"/api/membership-packages","QueryString":"","EventId":{"Id":1},"SourceContext":"Microsoft.AspNetCore.Hosting.Diagnostics","RequestId":"0HNNBDFPTFDFD","RequestPath":"/api/membership-packages","Application":"leno-membership-api","Environment":"Development","TraceId":"557aaded5917e2491b5cec04e1814d29","SpanId":"56f8300bb901b070"}}&#xD;
{"Timestamp":"2026-07-27T07:16:41.8243697+08:00","Level":"Information","MessageTemplate":"Request starting {Protocol} {Method} {Scheme}://{Host}{PathBase}{Path}{QueryString} - {ContentType} {ContentLength}","TraceId":"001a9d5ae61808f6d0982941941345f1","SpanId":"156ede2862f8afee","Properties":{"Protocol":"HTTP/1.1","Method":"POST","ContentType":"application/json; charset=utf-8","ContentLength":111,"Scheme":"http","Host":"localhost","PathBase":"","Path":"/internal/v1/points/freeze","QueryString":"","EventId":{"Id":1},"SourceContext":"Microsoft.AspNetCore.Hosting.Diagnostics","RequestId":"0HNNBDFPTFDFC","RequestPath":"/internal/v1/points/freeze","Application":"leno-membership-api","Environment":"Development","TraceId":"001a9d5ae61808f6d0982941941345f1","SpanId":"156ede2862f8afee"}}&#xD;
{"Timestamp":"2026-07-27T07:16:41.8243695+08:00","Level":"Information","MessageTemplate":"Request starting {Protocol} {Method} {Scheme}://{Host}{PathBase}{Path}{QueryString} - {ContentType} {ContentLength}","TraceId":"76f3176a9344a3e8dc3c12deeb5b0524","SpanId":"a9989b1fe72cde6c","Properties":{"Protocol":"HTTP/1.1","Method":"POST","ContentType":"application/json; charset=utf-8","ContentLength":66,"Scheme":"http","Host":"localhost","PathBase":"","Path":"/api/auth/login","QueryString":"","EventId":{"Id":1},"SourceContext":"Microsoft.AspNetCore.Hosting.Diagnostics","RequestId":"0HNNBDFPTFDFE","RequestPath":"/api/auth/login","Application":"leno-membership-api","Environment":"Development","TraceId":"76f3176a9344a3e8dc3c12deeb5b0524","SpanId":"a9989b1fe72cde6c"}}&#xD;
{"Timestamp":"2026-07-27T07:16:41.8500843+08:00","Level":"Information","MessageTemplate":"Executing endpoint '{EndpointName}'","TraceId":"001a9d5ae61808f6d0982941941345f1","SpanId":"156ede2862f8afee","Properties":{"EndpointName":"Leno.Points.Api.Controllers.InternalPointsController.FreezeAsync (Leno.Points.Api)","EventId":{"Name":"ExecutingEndpoint"},"SourceContext":"Microsoft.AspNetCore.Routing.EndpointMiddleware","RequestId":"0HNNBDFPTFDFC","RequestPath":"/internal/v1/points/freeze","Application":"leno-membership-api","Environment":"Development","TraceId":"001a9d5ae61808f6d0982941941345f1","SpanId":"156ede2862f8afee"}}&#xD;
{"Timestamp":"2026-07-27T07:16:41.8500877+08:00","Level":"Information","MessageTemplate":"Executing endpoint '{EndpointName}'","TraceId":"76f3176a9344a3e8dc3c12deeb5b0524","SpanId":"a9989b1fe72cde6c","Properties":{"EndpointName":"Leno.Identity.Api.Controllers.AuthController.LoginAsync (Leno.Identity.Api)","EventId":{"Name":"ExecutingEndpoint"},"SourceContext":"Microsoft.AspNetCore.Routing.EndpointMiddleware","RequestId":"0HNNBDFPTFDFE","RequestPath":"/api/auth/login","Application":"leno-membership-api","Environment":"Development","TraceId":"76f3176a9344a3e8dc3c12deeb5b0524","SpanId":"a9989b1fe72cde6c"}}&#xD;
{"Timestamp":"2026-07-27T07:16:41.8511851+08:00","Level":"Information","MessageTemplate":"Executing endpoint '{EndpointName}'","TraceId":"557aaded5917e2491b5cec04e1814d29","SpanId":"56f8300bb901b070","Properties":{"EndpointName":"Leno.Membership.Api.Controllers.MembershipPackagesController.ListAsync (Leno.Membership.Api)","EventId":{"Name":"ExecutingEndpoint"},"SourceContext":"Microsoft.AspNetCore.Routing.EndpointMiddleware","RequestId":"0HNNBDFPTFDFD","RequestPath":"/api/membership-packages","Application":"leno-membership-api","Environment":"Development","TraceId":"557aaded5917e2491b5cec04e1814d29","SpanId":"56f8300bb901b070"}}&#xD;
{"Timestamp":"2026-07-27T07:16:41.8676918+08:00","Level":"Information","MessageTemplate":"Route matched with {RouteData}. Executing controller action with signature {MethodInfo} on controller {Controller} ({AssemblyName}).","TraceId":"557aaded5917e2491b5cec04e1814d29","SpanId":"56f8300bb901b070","Properties":{"RouteData":"{action = \"List\", controller = \"MembershipPackages\"}","MethodInfo":"System.Threading.Tasks.Task`1[Microsoft.AspNetCore.Mvc.IActionResult] ListAsync(System.Threading.CancellationToken)","Controller":"Leno.Membership.Api.Controllers.MembershipPackagesController","AssemblyName":"Leno.Membership.Api","EventId":{"Id":102,"Name":"ControllerActionExecuting"},"SourceContext":"Microsoft.AspNetCore.Mvc.Infrastructure.ControllerActionInvoker","ActionId":"79ff7f38-867d-4442-9080-c401b1e4aaf6","ActionName":"Leno.Membership.Api.Controllers.MembershipPackagesController.ListAsync (Leno.Membership.Api)","RequestId":"0HNNBDFPTFDFD","RequestPath":"/api/membership-packages","Application":"leno-membership-api","Environment":"Development","TraceId":"557aaded5917e2491b5cec04e1814d29","SpanId":"56f8300bb901b070"}}&#xD;
{"Timestamp":"2026-07-27T07:16:41.8676924+08:00","Level":"Information","MessageTemplate":"Route matched with {RouteData}. Executing controller action with signature {MethodInfo} on controller {Controller} ({AssemblyName}).","TraceId":"76f3176a9344a3e8dc3c12deeb5b0524","SpanId":"a9989b1fe72cde6c","Properties":{"RouteData":"{action = \"Login\", controller = \"Auth\"}","MethodInfo":"System.Threading.Tasks.Task`1[Microsoft.AspNetCore.Mvc.IActionResult] LoginAsync(Leno.Identity.Application.DTOs.LoginDto, System.Threading.CancellationToken)","Controller":"Leno.Identity.Api.Controllers.AuthController","AssemblyName":"Leno.Identity.Api","EventId":{"Id":102,"Name":"ControllerActionExecuting"},"SourceContext":"Microsoft.AspNetCore.Mvc.Infrastructure.ControllerActionInvoker","ActionId":"436867a7-2c4c-47de-8fbd-0a64b3f4bd7a","ActionName":"Leno.Identity.Api.Controllers.AuthController.LoginAsync (Leno.Identity.Api)","RequestId":"0HNNBDFPTFDFE","RequestPath":"/api/auth/login","Application":"leno-membership-api","Environment":"Development","TraceId":"76f3176a9344a3e8dc3c12deeb5b0524","SpanId":"a9989b1fe72cde6c"}}&#xD;
{"Timestamp":"2026-07-27T07:16:41.8676927+08:00","Level":"Information","MessageTemplate":"Route matched with {RouteData}. Executing controller action with signature {MethodInfo} on controller {Controller} ({AssemblyName}).","TraceId":"001a9d5ae61808f6d0982941941345f1","SpanId":"156ede2862f8afee","Properties":{"RouteData":"{action = \"Freeze\", controller = \"InternalPoints\"}","MethodInfo":"System.Threading.Tasks.Task`1[Microsoft.AspNetCore.Mvc.IActionResult] FreezeAsync(Leno.Points.Api.Controllers.FreezePointsRequestDto, System.Threading.CancellationToken)","Controller":"Leno.Points.Api.Controllers.InternalPointsController","AssemblyName":"Leno.Points.Api","EventId":{"Id":102,"Name":"ControllerActionExecuting"},"SourceContext":"Microsoft.AspNetCore.Mvc.Infrastructure.ControllerActionInvoker","ActionId":"83747903-6054-4480-9af2-a30c132ee320","ActionName":"Leno.Points.Api.Controllers.InternalPointsController.FreezeAsync (Leno.Points.Api)","RequestId":"0HNNBDFPTFDFC","RequestPath":"/internal/v1/points/freeze","Application":"leno-membership-api","Environment":"Development","TraceId":"001a9d5ae61808f6d0982941941345f1","SpanId":"156ede2862f8afee"}}&#xD;
{"Timestamp":"2026-07-27T07:16:41.8766548+08:00","Level":"Information","MessageTemplate":"Executing action method {ActionName} - Validation state: {ValidationState}","TraceId":"557aaded5917e2491b5cec04e1814d29","SpanId":"56f8300bb901b070","Properties":{"ActionName":"Leno.Membership.Api.Controllers.MembershipPackagesController.ListAsync (Leno.Membership.Api)","ValidationState":"Valid","EventId":{"Id":101,"Name":"ActionMethodExecuting"},"SourceContext":"Microsoft.AspNetCore.Mvc.Infrastructure.ControllerActionInvoker","ActionId":"79ff7f38-867d-4442-9080-c401b1e4aaf6","RequestId":"0HNNBDFPTFDFD","RequestPath":"/api/membership-packages","Application":"leno-membership-api","Environment":"Development","TraceId":"557aaded5917e2491b5cec04e1814d29","SpanId":"56f8300bb901b070"}}&#xD;
{"Timestamp":"2026-07-27T07:16:41.8808976+08:00","Level":"Information","MessageTemplate":"Executed action method {ActionName}, returned result {ActionResult} in {ElapsedMilliseconds}ms.","TraceId":"557aaded5917e2491b5cec04e1814d29","SpanId":"56f8300bb901b070","Properties":{"ActionName":"Leno.Membership.Api.Controllers.MembershipPackagesController.ListAsync (Leno.Membership.Api)","ActionResult":"Microsoft.AspNetCore.Mvc.OkObjectResult","ElapsedMilliseconds":1.5825,"EventId":{"Id":103,"Name":"ActionMethodExecuted"},"SourceContext":"Microsoft.AspNetCore.Mvc.Infrastructure.ControllerActionInvoker","ActionId":"79ff7f38-867d-4442-9080-c401b1e4aaf6","RequestId":"0HNNBDFPTFDFD","RequestPath":"/api/membership-packages","Application":"leno-membership-api","Environment":"Development","TraceId":"557aaded5917e2491b5cec04e1814d29","SpanId":"56f8300bb901b070"}}&#xD;
{"Timestamp":"2026-07-27T07:16:41.8840995+08:00","Level":"Information","MessageTemplate":"Executing {ObjectResultType}, writing value of type '{Type}'.","TraceId":"557aaded5917e2491b5cec04e1814d29","SpanId":"56f8300bb901b070","Properties":{"ObjectResultType":"OkObjectResult","Type":"Leno.SharedContracts.Responses.ApiResponse`1[[System.Collections.Generic.List`1[[Leno.Membership.Application.DTOs.MembershipPackageDto, Leno.Membership.Application, Version=1.0.0.0, Culture=neutral, PublicKeyToken=null]], System.Private.CoreLib, Version=10.0.0.0, Culture=neutral, PublicKeyToken=7cec85d7bea7798e]]","EventId":{"Id":1,"Name":"ObjectResultExecuting"},"SourceContext":"Microsoft.AspNetCore.Mvc.Infrastructure.ObjectResultExecutor","ActionId":"79ff7f38-867d-4442-9080-c401b1e4aaf6","ActionName":"Leno.Membership.Api.Controllers.MembershipPackagesController.ListAsync (Leno.Membership.Api)","RequestId":"0HNNBDFPTFDFD","RequestPath":"/api/membership-packages","Application":"leno-membership-api","Environment":"Development","TraceId":"557aaded5917e2491b5cec04e1814d29","SpanId":"56f8300bb901b070"}}&#xD;
{"Timestamp":"2026-07-27T07:16:41.8845224+08:00","Level":"Information","MessageTemplate":"Executing action method {ActionName} - Validation state: {ValidationState}","TraceId":"001a9d5ae61808f6d0982941941345f1","SpanId":"156ede2862f8afee","Properties":{"ActionName":"Leno.Points.Api.Controllers.InternalPointsController.FreezeAsync (Leno.Points.Api)","ValidationState":"Valid","EventId":{"Id":101,"Name":"ActionMethodExecuting"},"SourceContext":"Microsoft.AspNetCore.Mvc.Infrastructure.ControllerActionInvoker","ActionId":"83747903-6054-4480-9af2-a30c132ee320","RequestId":"0HNNBDFPTFDFC","RequestPath":"/internal/v1/points/freeze","Application":"leno-membership-api","Environment":"Development","TraceId":"001a9d5ae61808f6d0982941941345f1","SpanId":"156ede2862f8afee"}}&#xD;
{"Timestamp":"2026-07-27T07:16:41.8845690+08:00","Level":"Information","MessageTemplate":"Executing action method {ActionName} - Validation state: {ValidationState}","TraceId":"76f3176a9344a3e8dc3c12deeb5b0524","SpanId":"a9989b1fe72cde6c","Properties":{"ActionName":"Leno.Identity.Api.Controllers.AuthController.LoginAsync (Leno.Identity.Api)","ValidationState":"Valid","EventId":{"Id":101,"Name":"ActionMethodExecuting"},"SourceContext":"Microsoft.AspNetCore.Mvc.Infrastructure.ControllerActionInvoker","ActionId":"436867a7-2c4c-47de-8fbd-0a64b3f4bd7a","RequestId":"0HNNBDFPTFDFE","RequestPath":"/api/auth/login","Application":"leno-membership-api","Environment":"Development","TraceId":"76f3176a9344a3e8dc3c12deeb5b0524","SpanId":"a9989b1fe72cde6c"}}&#xD;
{"Timestamp":"2026-07-27T07:16:41.8853386+08:00","Level":"Information","MessageTemplate":"Executed action method {ActionName}, returned result {ActionResult} in {ElapsedMilliseconds}ms.","TraceId":"76f3176a9344a3e8dc3c12deeb5b0524","SpanId":"a9989b1fe72cde6c","Properties":{"ActionName":"Leno.Identity.Api.Controllers.AuthController.LoginAsync (Leno.Identity.Api)","ActionResult":"Microsoft.AspNetCore.Mvc.OkObjectResult","ElapsedMilliseconds":0.6698,"EventId":{"Id":103,"Name":"ActionMethodExecuted"},"SourceContext":"Microsoft.AspNetCore.Mvc.Infrastructure.ControllerActionInvoker","ActionId":"436867a7-2c4c-47de-8fbd-0a64b3f4bd7a","RequestId":"0HNNBDFPTFDFE","RequestPath":"/api/auth/login","Application":"leno-membership-api","Environment":"Development","TraceId":"76f3176a9344a3e8dc3c12deeb5b0524","SpanId":"a9989b1fe72cde6c"}}&#xD;
{"Timestamp":"2026-07-27T07:16:41.8854272+08:00","Level":"Information","MessageTemplate":"Executed action method {ActionName}, returned result {ActionResult} in {ElapsedMilliseconds}ms.","TraceId":"001a9d5ae61808f6d0982941941345f1","SpanId":"156ede2862f8afee","Properties":{"ActionName":"Leno.Points.Api.Controllers.InternalPointsController.FreezeAsync (Leno.Points.Api)","ActionResult":"Microsoft.AspNetCore.Mvc.OkObjectResult","ElapsedMilliseconds":0.8161,"EventId":{"Id":103,"Name":"ActionMethodExecuted"},"SourceContext":"Microsoft.AspNetCore.Mvc.Infrastructure.ControllerActionInvoker","ActionId":"83747903-6054-4480-9af2-a30c132ee320","RequestId":"0HNNBDFPTFDFC","RequestPath":"/internal/v1/points/freeze","Application":"leno-membership-api","Environment":"Development","TraceId":"001a9d5ae61808f6d0982941941345f1","SpanId":"156ede2862f8afee"}}&#xD;
{"Timestamp":"2026-07-27T07:16:41.8863040+08:00","Level":"Information","MessageTemplate":"Executing {ObjectResultType}, writing value of type '{Type}'.","TraceId":"001a9d5ae61808f6d0982941941345f1","SpanId":"156ede2862f8afee","Properties":{"ObjectResultType":"OkObjectResult","Type":"Leno.SharedContracts.Responses.ApiResponse`1[[Leno.Points.Application.DTOs.FreezeResultDto, Leno.Points.Application, Version=1.0.0.0, Culture=neutral, PublicKeyToken=null]]","EventId":{"Id":1,"Name":"ObjectResultExecuting"},"SourceContext":"Microsoft.AspNetCore.Mvc.Infrastructure.ObjectResultExecutor","ActionId":"83747903-6054-4480-9af2-a30c132ee320","ActionName":"Leno.Points.Api.Controllers.InternalPointsController.FreezeAsync (Leno.Points.Api)","RequestId":"0HNNBDFPTFDFC","RequestPath":"/internal/v1/points/freeze","Application":"leno-membership-api","Environment":"Development","TraceId":"001a9d5ae61808f6d0982941941345f1","SpanId":"156ede2862f8afee"}}&#xD;
{"Timestamp":"2026-07-27T07:16:41.8863040+08:00","Level":"Information","MessageTemplate":"Executing {ObjectResultType}, writing value of type '{Type}'.","TraceId":"76f3176a9344a3e8dc3c12deeb5b0524","SpanId":"a9989b1fe72cde6c","Properties":{"ObjectResultType":"OkObjectResult","Type":"Leno.SharedContracts.Responses.ApiResponse`1[[Leno.Identity.Application.DTOs.TokenDto, Leno.Identity.Application, Version=1.0.0.0, Culture=neutral, PublicKeyToken=null]]","EventId":{"Id":1,"Name":"ObjectResultExecuting"},"SourceContext":"Microsoft.AspNetCore.Mvc.Infrastructure.ObjectResultExecutor","ActionId":"436867a7-2c4c-47de-8fbd-0a64b3f4bd7a","ActionName":"Leno.Identity.Api.Controllers.AuthController.LoginAsync (Leno.Identity.Api)","RequestId":"0HNNBDFPTFDFE","RequestPath":"/api/auth/login","Application":"leno-membership-api","Environment":"Development","TraceId":"76f3176a9344a3e8dc3c12deeb5b0524","SpanId":"a9989b1fe72cde6c"}}&#xD;
{"Timestamp":"2026-07-27T07:16:41.9016718+08:00","Level":"Information","MessageTemplate":"Executed action {ActionName} in {ElapsedMilliseconds}ms","TraceId":"001a9d5ae61808f6d0982941941345f1","SpanId":"156ede2862f8afee","Properties":{"ActionName":"Leno.Points.Api.Controllers.InternalPointsController.FreezeAsync (Leno.Points.Api)","ElapsedMilliseconds":30.9676,"EventId":{"Id":105,"Name":"ActionExecuted"},"SourceContext":"Microsoft.AspNetCore.Mvc.Infrastructure.ControllerActionInvoker","RequestId":"0HNNBDFPTFDFC","RequestPath":"/internal/v1/points/freeze","Application":"leno-membership-api","Environment":"Development","TraceId":"001a9d5ae61808f6d0982941941345f1","SpanId":"156ede2862f8afee"}}&#xD;
{"Timestamp":"2026-07-27T07:16:41.9016717+08:00","Level":"Information","MessageTemplate":"Executed action {ActionName} in {ElapsedMilliseconds}ms","TraceId":"76f3176a9344a3e8dc3c12deeb5b0524","SpanId":"a9989b1fe72cde6c","Properties":{"ActionName":"Leno.Identity.Api.Controllers.AuthController.LoginAsync (Leno.Identity.Api)","ElapsedMilliseconds":30.9676,"EventId":{"Id":105,"Name":"ActionExecuted"},"SourceContext":"Microsoft.AspNetCore.Mvc.Infrastructure.ControllerActionInvoker","RequestId":"0HNNBDFPTFDFE","RequestPath":"/api/auth/login","Application":"leno-membership-api","Environment":"Development","TraceId":"76f3176a9344a3e8dc3c12deeb5b0524","SpanId":"a9989b1fe72cde6c"}}&#xD;
{"Timestamp":"2026-07-27T07:16:41.9018889+08:00","Level":"Information","MessageTemplate":"Executed endpoint '{EndpointName}'","TraceId":"76f3176a9344a3e8dc3c12deeb5b0524","SpanId":"a9989b1fe72cde6c","Properties":{"EndpointName":"Leno.Identity.Api.Controllers.AuthController.LoginAsync (Leno.Identity.Api)","EventId":{"Id":1,"Name":"ExecutedEndpoint"},"SourceContext":"Microsoft.AspNetCore.Routing.EndpointMiddleware","RequestId":"0HNNBDFPTFDFE","RequestPath":"/api/auth/login","Application":"leno-membership-api","Environment":"Development","TraceId":"76f3176a9344a3e8dc3c12deeb5b0524","SpanId":"a9989b1fe72cde6c"}}&#xD;
{"Timestamp":"2026-07-27T07:16:41.9018914+08:00","Level":"Information","MessageTemplate":"Executed endpoint '{EndpointName}'","TraceId":"001a9d5ae61808f6d0982941941345f1","SpanId":"156ede2862f8afee","Properties":{"EndpointName":"Leno.Points.Api.Controllers.InternalPointsController.FreezeAsync (Leno.Points.Api)","EventId":{"Id":1,"Name":"ExecutedEndpoint"},"SourceContext":"Microsoft.AspNetCore.Routing.EndpointMiddleware","RequestId":"0HNNBDFPTFDFC","RequestPath":"/internal/v1/points/freeze","Application":"leno-membership-api","Environment":"Development","TraceId":"001a9d5ae61808f6d0982941941345f1","SpanId":"156ede2862f8afee"}}&#xD;
{"Timestamp":"2026-07-27T07:16:41.9040774+08:00","Level":"Information","MessageTemplate":"Request finished {Protocol} {Method} {Scheme}://{Host}{PathBase}{Path}{QueryString} - {StatusCode} {ContentLength} {ContentType} {ElapsedMilliseconds}ms","TraceId":"001a9d5ae61808f6d0982941941345f1","SpanId":"156ede2862f8afee","Properties":{"ElapsedMilliseconds":87.1685,"StatusCode":200,"ContentType":"application/json; charset=utf-8","ContentLength":null,"Protocol":"HTTP/1.1","Method":"POST","Scheme":"http","Host":"localhost","PathBase":"","Path":"/internal/v1/points/freeze","QueryString":"","EventId":{"Id":2},"SourceContext":"Microsoft.AspNetCore.Hosting.Diagnostics","RequestId":"0HNNBDFPTFDFC","RequestPath":"/internal/v1/points/freeze","Application":"leno-membership-api","Environment":"Development","TraceId":"001a9d5ae61808f6d0982941941345f1","SpanId":"156ede2862f8afee"}}&#xD;
{"Timestamp":"2026-07-27T07:16:41.9040787+08:00","Level":"Information","MessageTemplate":"Request finished {Protocol} {Method} {Scheme}://{Host}{PathBase}{Path}{QueryString} - {StatusCode} {ContentLength} {ContentType} {ElapsedMilliseconds}ms","TraceId":"76f3176a9344a3e8dc3c12deeb5b0524","SpanId":"a9989b1fe72cde6c","Properties":{"ElapsedMilliseconds":87.1685,"StatusCode":200,"ContentType":"application/json; charset=utf-8","ContentLength":null,"Protocol":"HTTP/1.1","Method":"POST","Scheme":"http","Host":"localhost","PathBase":"","Path":"/api/auth/login","QueryString":"","EventId":{"Id":2},"SourceContext":"Microsoft.AspNetCore.Hosting.Diagnostics","RequestId":"0HNNBDFPTFDFE","RequestPath":"/api/auth/login","Application":"leno-membership-api","Environment":"Development","TraceId":"76f3176a9344a3e8dc3c12deeb5b0524","SpanId":"a9989b1fe72cde6c"}}&#xD;
{"Timestamp":"2026-07-27T07:16:41.9074462+08:00","Level":"Information","MessageTemplate":"Executed action {ActionName} in {ElapsedMilliseconds}ms","TraceId":"557aaded5917e2491b5cec04e1814d29","SpanId":"56f8300bb901b070","Properties":{"ActionName":"Leno.Membership.Api.Controllers.MembershipPackagesController.ListAsync (Leno.Membership.Api)","ElapsedMilliseconds":39.427,"EventId":{"Id":105,"Name":"ActionExecuted"},"SourceContext":"Microsoft.AspNetCore.Mvc.Infrastructure.ControllerActionInvoker","RequestId":"0HNNBDFPTFDFD","RequestPath":"/api/membership-packages","Application":"leno-membership-api","Environment":"Development","TraceId":"557aaded5917e2491b5cec04e1814d29","SpanId":"56f8300bb901b070"}}&#xD;
{"Timestamp":"2026-07-27T07:16:41.9075517+08:00","Level":"Information","MessageTemplate":"Executed endpoint '{EndpointName}'","TraceId":"557aaded5917e2491b5cec04e1814d29","SpanId":"56f8300bb901b070","Properties":{"EndpointName":"Leno.Membership.Api.Controllers.MembershipPackagesController.ListAsync (Leno.Membership.Api)","EventId":{"Id":1,"Name":"ExecutedEndpoint"},"SourceContext":"Microsoft.AspNetCore.Routing.EndpointMiddleware","RequestId":"0HNNBDFPTFDFD","RequestPath":"/api/membership-packages","Application":"leno-membership-api","Environment":"Development","TraceId":"557aaded5917e2491b5cec04e1814d29","SpanId":"56f8300bb901b070"}}&#xD;
{"Timestamp":"2026-07-27T07:16:41.9078192+08:00","Level":"Information","MessageTemplate":"Request finished {Protocol} {Method} {Scheme}://{Host}{PathBase}{Path}{QueryString} - {StatusCode} {ContentLength} {ContentType} {ElapsedMilliseconds}ms","TraceId":"557aaded5917e2491b5cec04e1814d29","SpanId":"56f8300bb901b070","Properties":{"ElapsedMilliseconds":91.2003,"StatusCode":200,"ContentType":"application/json; charset=utf-8","ContentLength":null,"Protocol":"HTTP/1.1","Method":"GET","Scheme":"http","Host":"localhost","PathBase":"","Path":"/api/membership-packages","QueryString":"","EventId":{"Id":2},"SourceContext":"Microsoft.AspNetCore.Hosting.Diagnostics","RequestId":"0HNNBDFPTFDFD","RequestPath":"/api/membership-packages","Application":"leno-membership-api","Environment":"Development","TraceId":"557aaded5917e2491b5cec04e1814d29","SpanId":"56f8300bb901b070"}}&#xD;
{"Timestamp":"2026-07-27T07:16:41.9243177+08:00","Level":"Information","MessageTemplate":"Request starting {Protocol} {Method} {Scheme}://{Host}{PathBase}{Path}{QueryString} - {ContentType} {ContentLength}","TraceId":"37e1cc6c59a2419f9d538e8b536de945","SpanId":"fc5eedff527fc0d5","Properties":{"Protocol":"HTTP/1.1","Method":"GET","ContentType":null,"ContentLength":null,"Scheme":"http","Host":"localhost","PathBase":"","Path":"/api/membershippackages","QueryString":"","EventId":{"Id":1},"SourceContext":"Microsoft.AspNetCore.Hosting.Diagnostics","RequestId":"0HNNBDFPTFDFF","RequestPath":"/api/membershippackages","Application":"leno-membership-api","Environment":"Development","TraceId":"37e1cc6c59a2419f9d538e8b536de945","SpanId":"fc5eedff527fc0d5"}}&#xD;
{"Timestamp":"2026-07-27T07:16:41.9259022+08:00","Level":"Information","MessageTemplate":"Request finished {Protocol} {Method} {Scheme}://{Host}{PathBase}{Path}{QueryString} - {StatusCode} {ContentLength} {ContentType} {ElapsedMilliseconds}ms","TraceId":"37e1cc6c59a2419f9d538e8b536de945","SpanId":"fc5eedff527fc0d5","Properties":{"ElapsedMilliseconds":1.6547,"StatusCode":404,"ContentType":null,"ContentLength":null,"Protocol":"HTTP/1.1","Method":"GET","Scheme":"http","Host":"localhost","PathBase":"","Path":"/api/membershippackages","QueryString":"","EventId":{"Id":2},"SourceContext":"Microsoft.AspNetCore.Hosting.Diagnostics","RequestId":"0HNNBDFPTFDFF","RequestPath":"/api/membershippackages","Application":"leno-membership-api","Environment":"Development","TraceId":"37e1cc6c59a2419f9d538e8b536de945","SpanId":"fc5eedff527fc0d5"}}&#xD;
{"Timestamp":"2026-07-27T07:16:41.9260952+08:00","Level":"Information","MessageTemplate":"Request starting {Protocol} {Method} {Scheme}://{Host}{PathBase}{Path}{QueryString} - {ContentType} {ContentLength}","TraceId":"3daa27bcdaddd4689e8a8febd2685887","SpanId":"abf9d5bce8d8d97e","Properties":{"Protocol":"HTTP/1.1","Method":"POST","ContentType":"application/json; charset=utf-8","ContentLength":111,"Scheme":"http","Host":"localhost","PathBase":"","Path":"/internal/v1/points/freeze","QueryString":"","EventId":{"Id":1},"SourceContext":"Microsoft.AspNetCore.Hosting.Diagnostics","RequestId":"0HNNBDFPTFDFG","RequestPath":"/internal/v1/points/freeze","Application":"leno-membership-api","Environment":"Development","TraceId":"3daa27bcdaddd4689e8a8febd2685887","SpanId":"abf9d5bce8d8d97e"}}&#xD;
{"Timestamp":"2026-07-27T07:16:41.9262813+08:00","Level":"Information","MessageTemplate":"Request reached the end of the middleware pipeline without being handled by application code. Request path: {Method} {Scheme}://{Host}{PathBase}{Path}, Response status code: {StatusCode}","TraceId":"37e1cc6c59a2419f9d538e8b536de945","SpanId":"fc5eedff527fc0d5","Properties":{"Method":"GET","Scheme":"http","Host":"localhost","PathBase":"","Path":"/api/membershippackages","StatusCode":404,"EventId":{"Id":16},"SourceContext":"Microsoft.AspNetCore.Hosting.Diagnostics","RequestId":"0HNNBDFPTFDFF","RequestPath":"/api/membershippackages","Application":"leno-membership-api","Environment":"Development","TraceId":"37e1cc6c59a2419f9d538e8b536de945","SpanId":"fc5eedff527fc0d5"}}&#xD;
{"Timestamp":"2026-07-27T07:16:41.9274435+08:00","Level":"Warning","MessageTemplate":"�ڲ���Ȩʧ�� Path={Path}","TraceId":"3daa27bcdaddd4689e8a8febd2685887","SpanId":"abf9d5bce8d8d97e","Properties":{"Path":"/internal/v1/points/freeze","SourceContext":"Leno.Infrastructure.Middleware.InternalApiKeyMiddleware","RequestId":"0HNNBDFPTFDFG","RequestPath":"/internal/v1/points/freeze","Application":"leno-membership-api","Environment":"Development","TraceId":"3daa27bcdaddd4689e8a8febd2685887","SpanId":"abf9d5bce8d8d97e"}}&#xD;
{"Timestamp":"2026-07-27T07:16:41.9304899+08:00","Level":"Information","MessageTemplate":"Request finished {Protocol} {Method} {Scheme}://{Host}{PathBase}{Path}{QueryString} - {StatusCode} {ContentLength} {ContentType} {ElapsedMilliseconds}ms","TraceId":"3daa27bcdaddd4689e8a8febd2685887","SpanId":"abf9d5bce8d8d97e","Properties":{"ElapsedMilliseconds":4.4736,"StatusCode":401,"ContentType":"application/json; charset=utf-8","ContentLength":null,"Protocol":"HTTP/1.1","Method":"POST","Scheme":"http","Host":"localhost","PathBase":"","Path":"/internal/v1/points/freeze","QueryString":"","EventId":{"Id":2},"SourceContext":"Microsoft.AspNetCore.Hosting.Diagnostics","RequestId":"0HNNBDFPTFDFG","RequestPath":"/internal/v1/points/freeze","Application":"leno-membership-api","Environment":"Development","TraceId":"3daa27bcdaddd4689e8a8febd2685887","SpanId":"abf9d5bce8d8d97e"}}&#xD;
{"Timestamp":"2026-07-27T07:16:41.9307905+08:00","Level":"Information","MessageTemplate":"Request starting {Protocol} {Method} {Scheme}://{Host}{PathBase}{Path}{QueryString} - {ContentType} {ContentLength}","TraceId":"2d24e4dee1c14203137c2235bf06c36f","SpanId":"1b71180f9f0f4fcb","Properties":{"Protocol":"HTTP/1.1","Method":"POST","ContentType":"application/json; charset=utf-8","ContentLength":111,"Scheme":"http","Host":"localhost","PathBase":"","Path":"/internal/v1/points/freeze","QueryString":"","EventId":{"Id":1},"SourceContext":"Microsoft.AspNetCore.Hosting.Diagnostics","RequestId":"0HNNBDFPTFDFH","RequestPath":"/internal/v1/points/freeze","Application":"leno-membership-api","Environment":"Development","TraceId":"2d24e4dee1c14203137c2235bf06c36f","SpanId":"1b71180f9f0f4fcb"}}&#xD;
{"Timestamp":"2026-07-27T07:16:41.9309214+08:00","Level":"Warning","MessageTemplate":"�ڲ���Ȩʧ�� Path={Path}","TraceId":"2d24e4dee1c14203137c2235bf06c36f","SpanId":"1b71180f9f0f4fcb","Properties":{"Path":"/internal/v1/points/freeze","SourceContext":"Leno.Infrastructure.Middleware.InternalApiKeyMiddleware","RequestId":"0HNNBDFPTFDFH","RequestPath":"/internal/v1/points/freeze","Application":"leno-membership-api","Environment":"Development","TraceId":"2d24e4dee1c14203137c2235bf06c36f","SpanId":"1b71180f9f0f4fcb"}}&#xD;
{"Timestamp":"2026-07-27T07:16:41.9311075+08:00","Level":"Information","MessageTemplate":"Request finished {Protocol} {Method} {Scheme}://{Host}{PathBase}{Path}{QueryString} - {StatusCode} {ContentLength} {ContentType} {ElapsedMilliseconds}ms","TraceId":"2d24e4dee1c14203137c2235bf06c36f","SpanId":"1b71180f9f0f4fcb","Properties":{"ElapsedMilliseconds":0.3771,"StatusCode":401,"ContentType":"application/json; charset=utf-8","ContentLength":null,"Protocol":"HTTP/1.1","Method":"POST","Scheme":"http","Host":"localhost","PathBase":"","Path":"/internal/v1/points/freeze","QueryString":"","EventId":{"Id":2},"SourceContext":"Microsoft.AspNetCore.Hosting.Diagnostics","RequestId":"0HNNBDFPTFDFH","RequestPath":"/internal/v1/points/freeze","Application":"leno-membership-api","Environment":"Development","TraceId":"2d24e4dee1c14203137c2235bf06c36f","SpanId":"1b71180f9f0f4fcb"}}&#xD;
{"Timestamp":"2026-07-27T07:16:41.9315347+08:00","Level":"Information","MessageTemplate":"Application is shutting down...","Properties":{"SourceContext":"Microsoft.Hosting.Lifetime","Application":"leno-membership-api","Environment":"Development"}}&#xD;
{"Timestamp":"2026-07-27T07:16:41.9315335+08:00","Level":"Information","MessageTemplate":"Application is shutting down...","Properties":{"SourceContext":"Microsoft.Hosting.Lifetime","Application":"leno-membership-api","Environment":"Development"}}&#xD;
{"Timestamp":"2026-07-27T07:16:41.9325499+08:00","Level":"Information","MessageTemplate":"Application is shutting down...","Properties":{"SourceContext":"Microsoft.Hosting.Lifetime","Application":"leno-membership-api","Environment":"Development"}}&#xD;
{"Timestamp":"2026-07-27T07:16:41.9334447+08:00","Level":"Information","MessageTemplate":"ConsulConfigWatcher �˳�","Properties":{"SourceContext":"Leno.Infrastructure.Configuration.ConsulConfigWatcher","Application":"leno-membership-api","Environment":"Development"}}&#xD;
{"Timestamp":"2026-07-27T07:16:46.0139627+08:00","Level":"Warning","MessageTemplate":"Failed to deregister service {ServiceId} from Consul","Exception":"System.Net.Http.HttpRequestException: ����Ŀ�����������ܾ����޷����ӡ� (localhost:8500)\r\n ---&gt; System.Net.Sockets.SocketException (10061): ����Ŀ�����������ܾ����޷����ӡ�\r\n   at System.Net.Sockets.Socket.AwaitableSocketAsyncEventArgs.ThrowException(SocketError error, CancellationToken cancellationToken)\r\n   at System.Net.Sockets.Socket.AwaitableSocketAsyncEventArgs.System.Threading.Tasks.Sources.IValueTaskSource.GetResult(Int16 token)\r\n   at System.Net.Http.HttpConnectionPool.ConnectToTcpHostAsync(String host, Int32 port, HttpRequestMessage initialRequest, Boolean async, CancellationToken cancellationToken)\r\n   --- End of inner exception stack trace ---\r\n   at System.Net.Http.HttpConnectionPool.ConnectToTcpHostAsync(String host, Int32 port, HttpRequestMessage initialRequest, Boolean async, CancellationToken cancellationToken)\r\n   at System.Net.Http.HttpConnectionPool.ConnectAsync(HttpRequestMessage request, Boolean async, CancellationToken cancellationToken)\r\n   at System.Net.Http.HttpConnectionPool.CreateHttp11ConnectionAsync(HttpRequestMessage request, Boolean async, CancellationToken cancellationToken)\r\n   at System.Net.Http.HttpConnectionPool.InjectNewHttp11ConnectionAsync(QueueItem queueItem)\r\n   at System.Threading.Tasks.TaskCompletionSourceWithCancellation`1.WaitWithCancellationAsync(CancellationToken cancellationToken)\r\n   at System.Net.Http.HttpConnectionWaiter`1.WaitForConnectionWithTelemetryAsync(HttpRequestMessage request, HttpConnectionPool pool, Boolean async, CancellationToken requestCancellationToken)\r\n   at System.Net.Http.HttpConnectionPool.SendWithVersionDetectionAndRetryAsync(HttpRequestMessage request, Boolean async, Boolean doRequestAuth, CancellationToken cancellationToken)\r\n   at System.Net.Http.Metrics.MetricsHandler.SendAsyncWithMetrics(HttpRequestMessage request, Boolean async, CancellationToken cancellationToken)\r\n   at System.Net.Http.DiagnosticsHandler.SendAsyncCore(HttpRequestMessage request, Boolean async, CancellationToken cancellationToken)\r\n   at System.Net.Http.RedirectHandler.SendAsync(HttpRequestMessage request, Boolean async, CancellationToken cancellationToken)\r\n   at System.Net.Http.HttpClient.&lt;SendAsync&gt;g__Core|83_0(HttpRequestMessage request, HttpCompletionOption completionOption, CancellationTokenSource cts, Boolean disposeCts, CancellationTokenSource pendingRequestsCts, CancellationToken originalCancellationToken)\r\n   at Consul.PutNothingRequest.Execute(CancellationToken ct) in D:\\a\\consuldotnet\\consuldotnet\\Consul\\Client_PutRequests.cs:line 144\r\n   at Leno.Infrastructure.ServiceDiscovery.ConsulServiceRegistrationHostedService.StopAsync(CancellationToken cancellationToken) in E:\\Leno\\src\\BuildingBlocks\\Leno.Infrastructure\\ServiceDiscovery\\ConsulServiceRegistrationExtensions.cs:line 92","Properties":{"ServiceId":"leno-points-api-DESKTOP-8HKHSKP-8080","SourceContext":"Leno.Infrastructure.ServiceDiscovery.ConsulServiceRegistrationHostedService","Application":"leno-membership-api","Environment":"Development"}}&#xD;
{"Timestamp":"2026-07-27T07:16:46.0139616+08:00","Level":"Warning","MessageTemplate":"Failed to deregister service {ServiceId} from Consul","Exception":"System.Net.Http.HttpRequestException: ����Ŀ�����������ܾ����޷����ӡ� (localhost:8500)\r\n ---&gt; System.Net.Sockets.SocketException (10061): ����Ŀ�����������ܾ����޷����ӡ�\r\n   at System.Net.Sockets.Socket.AwaitableSocketAsyncEventArgs.ThrowException(SocketError error, CancellationToken cancellationToken)\r\n   at System.Net.Sockets.Socket.AwaitableSocketAsyncEventArgs.System.Threading.Tasks.Sources.IValueTaskSource.GetResult(Int16 token)\r\n   at System.Net.Http.HttpConnectionPool.ConnectToTcpHostAsync(String host, Int32 port, HttpRequestMessage initialRequest, Boolean async, CancellationToken cancellationToken)\r\n   --- End of inner exception stack trace ---\r\n   at System.Net.Http.HttpConnectionPool.ConnectToTcpHostAsync(String host, Int32 port, HttpRequestMessage initialRequest, Boolean async, CancellationToken cancellationToken)\r\n   at System.Net.Http.HttpConnectionPool.ConnectAsync(HttpRequestMessage request, Boolean async, CancellationToken cancellationToken)\r\n   at System.Net.Http.HttpConnectionPool.CreateHttp11ConnectionAsync(HttpRequestMessage request, Boolean async, CancellationToken cancellationToken)\r\n   at System.Net.Http.HttpConnectionPool.InjectNewHttp11ConnectionAsync(QueueItem queueItem)\r\n   at System.Threading.Tasks.TaskCompletionSourceWithCancellation`1.WaitWithCancellationAsync(CancellationToken cancellationToken)\r\n   at System.Net.Http.HttpConnectionWaiter`1.WaitForConnectionWithTelemetryAsync(HttpRequestMessage request, HttpConnectionPool pool, Boolean async, CancellationToken requestCancellationToken)\r\n   at System.Net.Http.HttpConnectionPool.SendWithVersionDetectionAndRetryAsync(HttpRequestMessage request, Boolean async, Boolean doRequestAuth, CancellationToken cancellationToken)\r\n   at System.Net.Http.Metrics.MetricsHandler.SendAsyncWithMetrics(HttpRequestMessage request, Boolean async, CancellationToken cancellationToken)\r\n   at System.Net.Http.DiagnosticsHandler.SendAsyncCore(HttpRequestMessage request, Boolean async, CancellationToken cancellationToken)\r\n   at System.Net.Http.RedirectHandler.SendAsync(HttpRequestMessage request, Boolean async, CancellationToken cancellationToken)\r\n   at System.Net.Http.HttpClient.&lt;SendAsync&gt;g__Core|83_0(HttpRequestMessage request, HttpCompletionOption completionOption, CancellationTokenSource cts, Boolean disposeCts, CancellationTokenSource pendingRequestsCts, CancellationToken originalCancellationToken)\r\n   at Consul.PutNothingRequest.Execute(CancellationToken ct) in D:\\a\\consuldotnet\\consuldotnet\\Consul\\Client_PutRequests.cs:line 144\r\n   at Leno.Infrastructure.ServiceDiscovery.ConsulServiceRegistrationHostedService.StopAsync(CancellationToken cancellationToken) in E:\\Leno\\src\\BuildingBlocks\\Leno.Infrastructure\\ServiceDiscovery\\ConsulServiceRegistrationExtensions.cs:line 92","Properties":{"ServiceId":"leno-identity-api-DESKTOP-8HKHSKP-8083","SourceContext":"Leno.Infrastructure.ServiceDiscovery.ConsulServiceRegistrationHostedService","Application":"leno-membership-api","Environment":"Development"}}&#xD;
{"Timestamp":"2026-07-27T07:16:46.0139540+08:00","Level":"Warning","MessageTemplate":"Failed to deregister service {ServiceId} from Consul","Exception":"System.Net.Http.HttpRequestException: ����Ŀ�����������ܾ����޷����ӡ� (localhost:8500)\r\n ---&gt; System.Net.Sockets.SocketException (10061): ����Ŀ�����������ܾ����޷����ӡ�\r\n   at System.Net.Sockets.Socket.AwaitableSocketAsyncEventArgs.ThrowException(SocketError error, CancellationToken cancellationToken)\r\n   at System.Net.Sockets.Socket.AwaitableSocketAsyncEventArgs.System.Threading.Tasks.Sources.IValueTaskSource.GetResult(Int16 token)\r\n   at System.Net.Http.HttpConnectionPool.ConnectToTcpHostAsync(String host, Int32 port, HttpRequestMessage initialRequest, Boolean async, CancellationToken cancellationToken)\r\n   --- End of inner exception stack trace ---\r\n   at System.Net.Http.HttpConnectionPool.ConnectToTcpHostAsync(String host, Int32 port, HttpRequestMessage initialRequest, Boolean async, CancellationToken cancellationToken)\r\n   at System.Net.Http.HttpConnectionPool.ConnectAsync(HttpRequestMessage request, Boolean async, CancellationToken cancellationToken)\r\n   at System.Net.Http.HttpConnectionPool.CreateHttp11ConnectionAsync(HttpRequestMessage request, Boolean async, CancellationToken cancellationToken)\r\n   at System.Net.Http.HttpConnectionPool.InjectNewHttp11ConnectionAsync(QueueItem queueItem)\r\n   at System.Threading.Tasks.TaskCompletionSourceWithCancellation`1.WaitWithCancellationAsync(CancellationToken cancellationToken)\r\n   at System.Net.Http.HttpConnectionWaiter`1.WaitForConnectionWithTelemetryAsync(HttpRequestMessage request, HttpConnectionPool pool, Boolean async, CancellationToken requestCancellationToken)\r\n   at System.Net.Http.HttpConnectionPool.SendWithVersionDetectionAndRetryAsync(HttpRequestMessage request, Boolean async, Boolean doRequestAuth, CancellationToken cancellationToken)\r\n   at System.Net.Http.Metrics.MetricsHandler.SendAsyncWithMetrics(HttpRequestMessage request, Boolean async, CancellationToken cancellationToken)\r\n   at System.Net.Http.DiagnosticsHandler.SendAsyncCore(HttpRequestMessage request, Boolean async, CancellationToken cancellationToken)\r\n   at System.Net.Http.RedirectHandler.SendAsync(HttpRequestMessage request, Boolean async, CancellationToken cancellationToken)\r\n   at System.Net.Http.HttpClient.&lt;SendAsync&gt;g__Core|83_0(HttpRequestMessage request, HttpCompletionOption completionOption, CancellationTokenSource cts, Boolean disposeCts, CancellationTokenSource pendingRequestsCts, CancellationToken originalCancellationToken)\r\n   at Consul.PutNothingRequest.Execute(CancellationToken ct) in D:\\a\\consuldotnet\\consuldotnet\\Consul\\Client_PutRequests.cs:line 144\r\n   at Leno.Infrastructure.ServiceDiscovery.ConsulServiceRegistrationHostedService.StopAsync(CancellationToken cancellationToken) in E:\\Leno\\src\\BuildingBlocks\\Leno.Infrastructure\\ServiceDiscovery\\ConsulServiceRegistrationExtensions.cs:line 92","Properties":{"ServiceId":"leno-points-api-DESKTOP-8HKHSKP-8080","SourceContext":"Leno.Infrastructure.ServiceDiscovery.ConsulServiceRegistrationHostedService","Application":"leno-membership-api","Environment":"Development"}}&#xD;
{"Timestamp":"2026-07-27T07:16:46.7633538+08:00","Level":"Warning","MessageTemplate":"Failed to deregister service {ServiceId} from Consul","Exception":"System.Net.Http.HttpRequestException: ����Ŀ�����������ܾ����޷����ӡ� (localhost:8500)\r\n ---&gt; System.Net.Sockets.SocketException (10061): ����Ŀ�����������ܾ����޷����ӡ�\r\n   at System.Net.Sockets.Socket.AwaitableSocketAsyncEventArgs.ThrowException(SocketError error, CancellationToken cancellationToken)\r\n   at System.Net.Sockets.Socket.AwaitableSocketAsyncEventArgs.System.Threading.Tasks.Sources.IValueTaskSource.GetResult(Int16 token)\r\n   at System.Net.Http.HttpConnectionPool.ConnectToTcpHostAsync(String host, Int32 port, HttpRequestMessage initialRequest, Boolean async, CancellationToken cancellationToken)\r\n   --- End of inner exception stack trace ---\r\n   at System.Net.Http.HttpConnectionPool.ConnectToTcpHostAsync(String host, Int32 port, HttpRequestMessage initialRequest, Boolean async, CancellationToken cancellationToken)\r\n   at System.Net.Http.HttpConnectionPool.ConnectAsync(HttpRequestMessage request, Boolean async, CancellationToken cancellationToken)\r\n   at System.Net.Http.HttpConnectionPool.CreateHttp11ConnectionAsync(HttpRequestMessage request, Boolean async, CancellationToken cancellationToken)\r\n   at System.Net.Http.HttpConnectionPool.InjectNewHttp11ConnectionAsync(QueueItem queueItem)\r\n   at System.Threading.Tasks.TaskCompletionSourceWithCancellation`1.WaitWithCancellationAsync(CancellationToken cancellationToken)\r\n   at System.Net.Http.HttpConnectionWaiter`1.WaitForConnectionWithTelemetryAsync(HttpRequestMessage request, HttpConnectionPool pool, Boolean async, CancellationToken requestCancellationToken)\r\n   at System.Net.Http.HttpConnectionPool.SendWithVersionDetectionAndRetryAsync(HttpRequestMessage request, Boolean async, Boolean doRequestAuth, CancellationToken cancellationToken)\r\n   at System.Net.Http.Metrics.MetricsHandler.SendAsyncWithMetrics(HttpRequestMessage request, Boolean async, CancellationToken cancellationToken)\r\n   at System.Net.Http.DiagnosticsHandler.SendAsyncCore(HttpRequestMessage request, Boolean async, CancellationToken cancellationToken)\r\n   at System.Net.Http.RedirectHandler.SendAsync(HttpRequestMessage request, Boolean async, CancellationToken cancellationToken)\r\n   at System.Net.Http.HttpClient.&lt;SendAsync&gt;g__Core|83_0(HttpRequestMessage request, HttpCompletionOption completionOption, CancellationTokenSource cts, Boolean disposeCts, CancellationTokenSource pendingRequestsCts, CancellationToken originalCancellationToken)\r\n   at Consul.PutNothingRequest.Execute(CancellationToken ct) in D:\\a\\consuldotnet\\consuldotnet\\Consul\\Client_PutRequests.cs:line 144\r\n   at Leno.Infrastructure.ServiceDiscovery.ConsulServiceRegistrationHostedService.StopAsync(CancellationToken cancellationToken) in E:\\Leno\\src\\BuildingBlocks\\Leno.Infrastructure\\ServiceDiscovery\\ConsulServiceRegistrationExtensions.cs:line 92","Properties":{"ServiceId":"leno-membership-api-DESKTOP-8HKHSKP-8080","SourceContext":"Leno.Infrastructure.ServiceDiscovery.ConsulServiceRegistrationHostedService","Application":"leno-membership-api","Environment":"Development"}}&#xD;
{"Timestamp":"2026-07-27T07:16:46.7633537+08:00","Level":"Warning","MessageTemplate":"Failed to deregister service {ServiceId} from Consul","Exception":"System.Net.Http.HttpRequestException: ����Ŀ�����������ܾ����޷����ӡ� (localhost:8500)\r\n ---&gt; System.Net.Sockets.SocketException (10061): ����Ŀ�����������ܾ����޷����ӡ�\r\n   at System.Net.Sockets.Socket.AwaitableSocketAsyncEventArgs.ThrowException(SocketError error, CancellationToken cancellationToken)\r\n   at System.Net.Sockets.Socket.AwaitableSocketAsyncEventArgs.System.Threading.Tasks.Sources.IValueTaskSource.GetResult(Int16 token)\r\n   at System.Net.Http.HttpConnectionPool.ConnectToTcpHostAsync(String host, Int32 port, HttpRequestMessage initialRequest, Boolean async, CancellationToken cancellationToken)\r\n   --- End of inner exception stack trace ---\r\n   at System.Net.Http.HttpConnectionPool.ConnectToTcpHostAsync(String host, Int32 port, HttpRequestMessage initialRequest, Boolean async, CancellationToken cancellationToken)\r\n   at System.Net.Http.HttpConnectionPool.ConnectAsync(HttpRequestMessage request, Boolean async, CancellationToken cancellationToken)\r\n   at System.Net.Http.HttpConnectionPool.CreateHttp11ConnectionAsync(HttpRequestMessage request, Boolean async, CancellationToken cancellationToken)\r\n   at System.Net.Http.HttpConnectionPool.InjectNewHttp11ConnectionAsync(QueueItem queueItem)\r\n   at System.Threading.Tasks.TaskCompletionSourceWithCancellation`1.WaitWithCancellationAsync(CancellationToken cancellationToken)\r\n   at System.Net.Http.HttpConnectionWaiter`1.WaitForConnectionWithTelemetryAsync(HttpRequestMessage request, HttpConnectionPool pool, Boolean async, CancellationToken requestCancellationToken)\r\n   at System.Net.Http.HttpConnectionPool.SendWithVersionDetectionAndRetryAsync(HttpRequestMessage request, Boolean async, Boolean doRequestAuth, CancellationToken cancellationToken)\r\n   at System.Net.Http.Metrics.MetricsHandler.SendAsyncWithMetrics(HttpRequestMessage request, Boolean async, CancellationToken cancellationToken)\r\n   at System.Net.Http.DiagnosticsHandler.SendAsyncCore(HttpRequestMessage request, Boolean async, CancellationToken cancellationToken)\r\n   at System.Net.Http.RedirectHandler.SendAsync(HttpRequestMessage request, Boolean async, CancellationToken cancellationToken)\r\n   at System.Net.Http.HttpClient.&lt;SendAsync&gt;g__Core|83_0(HttpRequestMessage request, HttpCompletionOption completionOption, CancellationTokenSource cts, Boolean disposeCts, CancellationTokenSource pendingRequestsCts, CancellationToken originalCancellationToken)\r\n   at Consul.PutNothingRequest.Execute(CancellationToken ct) in D:\\a\\consuldotnet\\consuldotnet\\Consul\\Client_PutRequests.cs:line 144\r\n   at Leno.Infrastructure.ServiceDiscovery.ConsulServiceRegistrationHostedService.StopAsync(CancellationToken cancellationToken) in E:\\Leno\\src\\BuildingBlocks\\Leno.Infrastructure\\ServiceDiscovery\\ConsulServiceRegistrationExtensions.cs:line 92","Properties":{"ServiceId":"leno-membership-api-DESKTOP-8HKHSKP-8080","SourceContext":"Leno.Infrastructure.ServiceDiscovery.ConsulServiceRegistrationHostedService","Application":"leno-membership-api","Environment":"Development"}}&#xD;
{"Timestamp":"2026-07-27T07:16:49.9657863+08:00","Level":"Warning","MessageTemplate":"Failed to deregister service {ServiceId} from Consul","Exception":"System.Net.Http.HttpRequestException: ����Ŀ�����������ܾ����޷����ӡ� (localhost:8500)\r\n ---&gt; System.Net.Sockets.SocketException (10061): ����Ŀ�����������ܾ����޷����ӡ�\r\n   at System.Net.Sockets.Socket.AwaitableSocketAsyncEventArgs.ThrowException(SocketError error, CancellationToken cancellationToken)\r\n   at System.Net.Sockets.Socket.AwaitableSocketAsyncEventArgs.System.Threading.Tasks.Sources.IValueTaskSource.GetResult(Int16 token)\r\n   at System.Net.Http.HttpConnectionPool.ConnectToTcpHostAsync(String host, Int32 port, HttpRequestMessage initialRequest, Boolean async, CancellationToken cancellationToken)\r\n   --- End of inner exception stack trace ---\r\n   at System.Net.Http.HttpConnectionPool.ConnectToTcpHostAsync(String host, Int32 port, HttpRequestMessage initialRequest, Boolean async, CancellationToken cancellationToken)\r\n   at System.Net.Http.HttpConnectionPool.ConnectAsync(HttpRequestMessage request, Boolean async, CancellationToken cancellationToken)\r\n   at System.Net.Http.HttpConnectionPool.CreateHttp11ConnectionAsync(HttpRequestMessage request, Boolean async, CancellationToken cancellationToken)\r\n   at System.Net.Http.HttpConnectionPool.InjectNewHttp11ConnectionAsync(QueueItem queueItem)\r\n   at System.Threading.Tasks.TaskCompletionSourceWithCancellation`1.WaitWithCancellationAsync(CancellationToken cancellationToken)\r\n   at System.Net.Http.HttpConnectionWaiter`1.WaitForConnectionWithTelemetryAsync(HttpRequestMessage request, HttpConnectionPool pool, Boolean async, CancellationToken requestCancellationToken)\r\n   at System.Net.Http.HttpConnectionPool.SendWithVersionDetectionAndRetryAsync(HttpRequestMessage request, Boolean async, Boolean doRequestAuth, CancellationToken cancellationToken)\r\n   at System.Net.Http.Metrics.MetricsHandler.SendAsyncWithMetrics(HttpRequestMessage request, Boolean async, CancellationToken cancellationToken)\r\n   at System.Net.Http.DiagnosticsHandler.SendAsyncCore(HttpRequestMessage request, Boolean async, CancellationToken cancellationToken)\r\n   at System.Net.Http.RedirectHandler.SendAsync(HttpRequestMessage request, Boolean async, CancellationToken cancellationToken)\r\n   at System.Net.Http.HttpClient.&lt;SendAsync&gt;g__Core|83_0(HttpRequestMessage request, HttpCompletionOption completionOption, CancellationTokenSource cts, Boolean disposeCts, CancellationTokenSource pendingRequestsCts, CancellationToken originalCancellationToken)\r\n   at Consul.PutNothingRequest.Execute(CancellationToken ct) in D:\\a\\consuldotnet\\consuldotnet\\Consul\\Client_PutRequests.cs:line 144\r\n   at Leno.Infrastructure.ServiceDiscovery.ConsulServiceRegistrationHostedService.StopAsync(CancellationToken cancellationToken) in E:\\Leno\\src\\BuildingBlocks\\Leno.Infrastructure\\ServiceDiscovery\\ConsulServiceRegistrationExtensions.cs:line 92","Properties":{"ServiceId":"leno-identity-api-DESKTOP-8HKHSKP-8083","SourceContext":"Leno.Infrastructure.ServiceDiscovery.ConsulServiceRegistrationHostedService","Application":"leno-membership-api","Environment":"Development"}}&#xD;
[xUnit.net 00:00:17.22]   Finished:    Leno.Integration.Tests&#xD;
</StdOut>
    </Output>
    <RunInfos>
      <RunInfo computerName="DESKTOP-8HKHSKP" outcome="Error" timestamp="2026-07-27T07:16:37.3350183+08:00">
        <Text>[xUnit.net 00:00:04.58]     Leno.Integration.Tests.ReviewDomainMigrationTests.Review_Anonymous_Can_Access_Product_Reviews [FAIL]</Text>
      </RunInfo>
    </RunInfos>
  </ResultSummary>
</TestRun>