<?xml version="1.0" encoding="utf-8"?>
<TestRun id="4c17e402-a5b8-47b9-ad0d-f5b4ca1ca02d" name="Junjie@DESKTOP-8HKHSKP 2026-07-27 07:17:46" runUser="DESKTOP-8HKHSKP\Junjie" xmlns="http://microsoft.com/schemas/VisualStudio/TeamTest/2010">
  <Times creation="2026-07-27T07:17:46.2870079+08:00" queuing="2026-07-27T07:17:46.2870082+08:00" start="2026-07-27T07:17:35.3797689+08:00" finish="2026-07-27T07:17:58.0367019+08:00" />
  <TestSettings name="default" id="ed35e034-7cf5-4db0-8be3-6378a6515068">
    <Deployment runDeploymentRoot="Junjie_DESKTOP-8HKHSKP_2026-07-27_07_17_46" />
  </TestSettings>
  <Results>
    <UnitTestResult executionId="70a5630f-383b-4bdd-8c7a-d1aadb842152" testId="f17a3931-a124-f01c-7945-4bf41ded088b" testName="Leno.Integration.Tests.ReviewDomainMigrationTests.Review_Anonymous_Can_Access_Product_Reviews" computerName="DESKTOP-8HKHSKP" duration="00:00:09.0847735" startTime="2026-07-27T07:17:45.0363509+08:00" endTime="2026-07-27T07:17:45.0363906+08:00" testType="13cdc9d9-ddb5-4fa4-a97d-d965ccfc6d4b" outcome="Passed" testListId="8c84fa94-04c1-424b-9868-57a2d4851a1d" relativeResultsDirectory="70a5630f-383b-4bdd-8c7a-d1aadb842152" />
    <UnitTestResult executionId="62a234a4-e48e-4dfe-97c6-a45a357f163d" testId="f3b157ed-69c3-c00d-c416-368289947c9e" testName="Leno.Integration.Tests.IdentityDomainMigrationTests.Identity_Login_Endpoint_Returns_ApiResponse_Token" computerName="DESKTOP-8HKHSKP" duration="00:00:09.0792409" startTime="2026-07-27T07:17:45.0393705+08:00" endTime="2026-07-27T07:17:45.0393706+08:00" testType="13cdc9d9-ddb5-4fa4-a97d-d965ccfc6d4b" outcome="Passed" testListId="8c84fa94-04c1-424b-9868-57a2d4851a1d" relativeResultsDirectory="62a234a4-e48e-4dfe-97c6-a45a357f163d" />
    <UnitTestResult executionId="376e016b-90df-4f48-a902-6cbc5b4b4174" testId="cb608464-d498-50e8-0c7e-ec8da9d5604d" testName="Leno.Integration.Tests.MembershipDomainMigrationTests.Membership_Packages_Path_Uses_Hyphen" computerName="DESKTOP-8HKHSKP" duration="00:00:09.0849858" startTime="2026-07-27T07:17:45.0397891+08:00" endTime="2026-07-27T07:17:45.0397892+08:00" testType="13cdc9d9-ddb5-4fa4-a97d-d965ccfc6d4b" outcome="Passed" testListId="8c84fa94-04c1-424b-9868-57a2d4851a1d" relativeResultsDirectory="376e016b-90df-4f48-a902-6cbc5b4b4174" />
    <UnitTestResult executionId="b6198de8-cd73-48cd-8a1b-514628ca4c9a" testId="7fe42b5f-a9e6-dd0b-2af5-eec07cf7690a" testName="Leno.Integration.Tests.PointsDomainMigrationTests.Points_Internal_Freeze_Endpoint_Requires_Internal_Key" computerName="DESKTOP-8HKHSKP" duration="00:00:09.0855377" startTime="2026-07-27T07:17:45.0397690+08:00" endTime="2026-07-27T07:17:45.0397690+08:00" testType="13cdc9d9-ddb5-4fa4-a97d-d965ccfc6d4b" outcome="Passed" testListId="8c84fa94-04c1-424b-9868-57a2d4851a1d" relativeResultsDirectory="b6198de8-cd73-48cd-8a1b-514628ca4c9a" />
  </Results>
  <TestDefinitions>
    <UnitTest name="Leno.Integration.Tests.ReviewDomainMigrationTests.Review_Anonymous_Can_Access_Product_Reviews" storage="e:\leno\tests\integration\bin\debug\net10.0\leno.integration.tests.dll" id="f17a3931-a124-f01c-7945-4bf41ded088b">
      <Execution id="70a5630f-383b-4bdd-8c7a-d1aadb842152" />
      <TestMethod codeBase="E:\Leno\tests\Integration\bin\Debug\net10.0\Leno.Integration.Tests.dll" adapterTypeName="executor://xunit/VsTestRunner2/netcoreapp" className="Leno.Integration.Tests.ReviewDomainMigrationTests" name="Review_Anonymous_Can_Access_Product_Reviews" />
    </UnitTest>
    <UnitTest name="Leno.Integration.Tests.PointsDomainMigrationTests.Points_Internal_Freeze_Endpoint_Requires_Internal_Key" storage="e:\leno\tests\integration\bin\debug\net10.0\leno.integration.tests.dll" id="7fe42b5f-a9e6-dd0b-2af5-eec07cf7690a">
      <Execution id="b6198de8-cd73-48cd-8a1b-514628ca4c9a" />
      <TestMethod codeBase="E:\Leno\tests\Integration\bin\Debug\net10.0\Leno.Integration.Tests.dll" adapterTypeName="executor://xunit/VsTestRunner2/netcoreapp" className="Leno.Integration.Tests.PointsDomainMigrationTests" name="Points_Internal_Freeze_Endpoint_Requires_Internal_Key" />
    </UnitTest>
    <UnitTest name="Leno.Integration.Tests.MembershipDomainMigrationTests.Membership_Packages_Path_Uses_Hyphen" storage="e:\leno\tests\integration\bin\debug\net10.0\leno.integration.tests.dll" id="cb608464-d498-50e8-0c7e-ec8da9d5604d">
      <Execution id="376e016b-90df-4f48-a902-6cbc5b4b4174" />
      <TestMethod codeBase="E:\Leno\tests\Integration\bin\Debug\net10.0\Leno.Integration.Tests.dll" adapterTypeName="executor://xunit/VsTestRunner2/netcoreapp" className="Leno.Integration.Tests.MembershipDomainMigrationTests" name="Membership_Packages_Path_Uses_Hyphen" />
    </UnitTest>
    <UnitTest name="Leno.Integration.Tests.IdentityDomainMigrationTests.Identity_Login_Endpoint_Returns_ApiResponse_Token" storage="e:\leno\tests\integration\bin\debug\net10.0\leno.integration.tests.dll" id="f3b157ed-69c3-c00d-c416-368289947c9e">
      <Execution id="62a234a4-e48e-4dfe-97c6-a45a357f163d" />
      <TestMethod codeBase="E:\Leno\tests\Integration\bin\Debug\net10.0\Leno.Integration.Tests.dll" adapterTypeName="executor://xunit/VsTestRunner2/netcoreapp" className="Leno.Integration.Tests.IdentityDomainMigrationTests" name="Identity_Login_Endpoint_Returns_ApiResponse_Token" />
    </UnitTest>
  </TestDefinitions>
  <TestEntries>
    <TestEntry testId="f17a3931-a124-f01c-7945-4bf41ded088b" executionId="70a5630f-383b-4bdd-8c7a-d1aadb842152" testListId="8c84fa94-04c1-424b-9868-57a2d4851a1d" />
    <TestEntry testId="f3b157ed-69c3-c00d-c416-368289947c9e" executionId="62a234a4-e48e-4dfe-97c6-a45a357f163d" testListId="8c84fa94-04c1-424b-9868-57a2d4851a1d" />
    <TestEntry testId="cb608464-d498-50e8-0c7e-ec8da9d5604d" executionId="376e016b-90df-4f48-a902-6cbc5b4b4174" testListId="8c84fa94-04c1-424b-9868-57a2d4851a1d" />
    <TestEntry testId="7fe42b5f-a9e6-dd0b-2af5-eec07cf7690a" executionId="b6198de8-cd73-48cd-8a1b-514628ca4c9a" testListId="8c84fa94-04c1-424b-9868-57a2d4851a1d" />
  </TestEntries>
  <TestLists>
    <TestList name="列表中未列出的结果" id="8c84fa94-04c1-424b-9868-57a2d4851a1d" />
    <TestList name="所有已加载的结果" id="19431567-8539-422a-85d7-44ee4e166bda" />
  </TestLists>
  <ResultSummary outcome="Completed">
    <Counters total="4" executed="4" passed="4" failed="0" error="0" timeout="0" aborted="0" inconclusive="0" passedButRunAborted="0" notRunnable="0" notExecuted="0" disconnected="0" warning="0" completed="0" inProgress="0" pending="0" />
    <Output>
      <StdOut>[xUnit.net 00:00:00.00] xUnit.net VSTest Adapter v2.8.2+699d445a1a (64-bit .NET 10.0.10)&#xD;
[xUnit.net 00:00:00.09]   Discovering: Leno.Integration.Tests&#xD;
[xUnit.net 00:00:00.12]   Discovered:  Leno.Integration.Tests&#xD;
[xUnit.net 00:00:00.13]   Starting:    Leno.Integration.Tests&#xD;
[WARN] Service:Name ����ȱʧ������ InternalApiKey ����У��&#xD;
[WARN] Service:Name ����ȱʧ������ InternalApiKey ����У��&#xD;
[WARN] Service:Name ����ȱʧ������ InternalApiKey ����У��&#xD;
[WARN] BC Identity ����ʹ�� Shared InternalApiKey���뾡��Ǩ�Ƶ����� key��M5.2��&#xD;
{"Timestamp":"2026-07-27T07:17:40.4439495+08:00","Level":"Warning","MessageTemplate":"��������ȱʧ��{MissingKeys}","Properties":{"MissingKeys":"Payment:Alipay:AppId, Payment:Alipay:PrivateKey, Payment:Alipay:PublicKey, Payment:WeChatPay:AppId, Payment:WeChatPay:MchId, Payment:WeChatPay:ApiKey, SMS:ApiKey, SMS:ApiSecret, OAuth2:WeChat:AppId, OAuth2:WeChat:AppSecret, OAuth2:Apple:ClientId, OAuth2:Apple:ClientSecret, Jwt:SecretKey","SourceContext":"Program","Application":"leno-review-api","Environment":"Development"}}&#xD;
{"Timestamp":"2026-07-27T07:17:40.4439640+08:00","Level":"Warning","MessageTemplate":"��������ȱʧ��{MissingKeys}","Properties":{"MissingKeys":"Payment:Alipay:AppId, Payment:Alipay:PrivateKey, Payment:Alipay:PublicKey, Payment:WeChatPay:AppId, Payment:WeChatPay:MchId, Payment:WeChatPay:ApiKey, SMS:ApiKey, SMS:ApiSecret, OAuth2:WeChat:AppId, OAuth2:WeChat:AppSecret, OAuth2:Apple:ClientId, OAuth2:Apple:ClientSecret, Jwt:SecretKey","SourceContext":"Program","Application":"leno-review-api","Environment":"Development"}}&#xD;
{"Timestamp":"2026-07-27T07:17:40.4439526+08:00","Level":"Warning","MessageTemplate":"��������ȱʧ��{MissingKeys}","Properties":{"MissingKeys":"Payment:Alipay:AppId, Payment:Alipay:PrivateKey, Payment:Alipay:PublicKey, Payment:WeChatPay:AppId, Payment:WeChatPay:MchId, Payment:WeChatPay:ApiKey, SMS:ApiKey, SMS:ApiSecret, OAuth2:WeChat:AppId, OAuth2:WeChat:AppSecret, OAuth2:Apple:ClientId, OAuth2:Apple:ClientSecret, Jwt:SecretKey","SourceContext":"Program","Application":"leno-review-api","Environment":"Development"}}&#xD;
{"Timestamp":"2026-07-27T07:17:40.4439597+08:00","Level":"Warning","MessageTemplate":"��������ȱʧ��{MissingKeys}","Properties":{"MissingKeys":"Payment:Alipay:AppId, Payment:Alipay:PrivateKey, Payment:Alipay:PublicKey, Payment:WeChatPay:AppId, Payment:WeChatPay:MchId, Payment:WeChatPay:ApiKey, SMS:ApiKey, SMS:ApiSecret, OAuth2:WeChat:AppId, OAuth2:WeChat:AppSecret, OAuth2:Apple:ClientId, OAuth2:Apple:ClientSecret","SourceContext":"Program","Application":"leno-review-api","Environment":"Development"}}&#xD;
{"Timestamp":"2026-07-27T07:17:40.5883679+08:00","Level":"Information","MessageTemplate":"���ݿ�Ǩ���� {LockKey} �ѱ�����ʵ�����У�����Ǩ��","Properties":{"LockKey":"db-migrate:IdentityDbContext","SourceContext":"Leno.Infrastructure.Persistence.DatabaseMigrationExtensions","Application":"leno-review-api","Environment":"Development"}}&#xD;
{"Timestamp":"2026-07-27T07:17:40.5883653+08:00","Level":"Information","MessageTemplate":"���ݿ�Ǩ���� {LockKey} �ѱ�����ʵ�����У�����Ǩ��","Properties":{"LockKey":"db-migrate:MembershipDbContext","SourceContext":"Leno.Infrastructure.Persistence.DatabaseMigrationExtensions","Application":"leno-review-api","Environment":"Development"}}&#xD;
{"Timestamp":"2026-07-27T07:17:40.5883638+08:00","Level":"Information","MessageTemplate":"���ݿ�Ǩ���� {LockKey} �ѱ�����ʵ�����У�����Ǩ��","Properties":{"LockKey":"db-migrate:ReviewDbContext","SourceContext":"Leno.Infrastructure.Persistence.DatabaseMigrationExtensions","Application":"leno-review-api","Environment":"Development"}}&#xD;
{"Timestamp":"2026-07-27T07:17:40.5883665+08:00","Level":"Information","MessageTemplate":"���ݿ�Ǩ���� {LockKey} �ѱ�����ʵ�����У�����Ǩ��","Properties":{"LockKey":"db-migrate:PointsDbContext","SourceContext":"Leno.Infrastructure.Persistence.DatabaseMigrationExtensions","Application":"leno-review-api","Environment":"Development"}}&#xD;
{"Timestamp":"2026-07-27T07:17:40.6012261+08:00","Level":"Information","MessageTemplate":"User profile is available. Using '{FullName}' as key repository and Windows DPAPI to encrypt keys at rest.","Properties":{"FullName":"C:\\Users\\Junjie\\AppData\\Local\\ASP.NET\\DataProtection-Keys","EventId":{"Id":63,"Name":"UsingProfileAsKeyRepositoryWithDPAPI"},"SourceContext":"Microsoft.AspNetCore.DataProtection.KeyManagement.XmlKeyManager","Application":"leno-review-api","Environment":"Development"}}&#xD;
{"Timestamp":"2026-07-27T07:17:40.6012266+08:00","Level":"Information","MessageTemplate":"User profile is available. Using '{FullName}' as key repository and Windows DPAPI to encrypt keys at rest.","Properties":{"FullName":"C:\\Users\\Junjie\\AppData\\Local\\ASP.NET\\DataProtection-Keys","EventId":{"Id":63,"Name":"UsingProfileAsKeyRepositoryWithDPAPI"},"SourceContext":"Microsoft.AspNetCore.DataProtection.KeyManagement.XmlKeyManager","Application":"leno-review-api","Environment":"Development"}}&#xD;
{"Timestamp":"2026-07-27T07:17:40.6012276+08:00","Level":"Information","MessageTemplate":"User profile is available. Using '{FullName}' as key repository and Windows DPAPI to encrypt keys at rest.","Properties":{"FullName":"C:\\Users\\Junjie\\AppData\\Local\\ASP.NET\\DataProtection-Keys","EventId":{"Id":63,"Name":"UsingProfileAsKeyRepositoryWithDPAPI"},"SourceContext":"Microsoft.AspNetCore.DataProtection.KeyManagement.XmlKeyManager","Application":"leno-review-api","Environment":"Development"}}&#xD;
{"Timestamp":"2026-07-27T07:17:40.6012261+08:00","Level":"Information","MessageTemplate":"User profile is available. Using '{FullName}' as key repository and Windows DPAPI to encrypt keys at rest.","Properties":{"FullName":"C:\\Users\\Junjie\\AppData\\Local\\ASP.NET\\DataProtection-Keys","EventId":{"Id":63,"Name":"UsingProfileAsKeyRepositoryWithDPAPI"},"SourceContext":"Microsoft.AspNetCore.DataProtection.KeyManagement.XmlKeyManager","Application":"leno-review-api","Environment":"Development"}}&#xD;
{"Timestamp":"2026-07-27T07:17:44.8301242+08:00","Level":"Warning","MessageTemplate":"Failed to register service {ServiceName} (ID: {ServiceId}) with Consul at {Address}:{Port}. Application will continue startup; service may be unreachable until Consul recovers.","Exception":"System.Net.Http.HttpRequestException: ����Ŀ�����������ܾ����޷����ӡ� (localhost:8500)\r\n ---&gt; System.Net.Sockets.SocketException (10061): ����Ŀ�����������ܾ����޷����ӡ�\r\n   at System.Net.Sockets.Socket.AwaitableSocketAsyncEventArgs.ThrowException(SocketError error, CancellationToken cancellationToken)\r\n   at System.Net.Sockets.Socket.AwaitableSocketAsyncEventArgs.System.Threading.Tasks.Sources.IValueTaskSource.GetResult(Int16 token)\r\n   at System.Net.Http.HttpConnectionPool.ConnectToTcpHostAsync(String host, Int32 port, HttpRequestMessage initialRequest, Boolean async, CancellationToken cancellationToken)\r\n   --- End of inner exception stack trace ---\r\n   at System.Net.Http.HttpConnectionPool.ConnectToTcpHostAsync(String host, Int32 port, HttpRequestMessage initialRequest, Boolean async, CancellationToken cancellationToken)\r\n   at System.Net.Http.HttpConnectionPool.ConnectAsync(HttpRequestMessage request, Boolean async, CancellationToken cancellationToken)\r\n   at System.Net.Http.HttpConnectionPool.CreateHttp11ConnectionAsync(HttpRequestMessage request, Boolean async, CancellationToken cancellationToken)\r\n   at System.Net.Http.HttpConnectionPool.InjectNewHttp11ConnectionAsync(QueueItem queueItem)\r\n   at System.Threading.Tasks.TaskCompletionSourceWithCancellation`1.WaitWithCancellationAsync(CancellationToken cancellationToken)\r\n   at System.Net.Http.HttpConnectionWaiter`1.WaitForConnectionWithTelemetryAsync(HttpRequestMessage request, HttpConnectionPool pool, Boolean async, CancellationToken requestCancellationToken)\r\n   at System.Net.Http.HttpConnectionPool.SendWithVersionDetectionAndRetryAsync(HttpRequestMessage request, Boolean async, Boolean doRequestAuth, CancellationToken cancellationToken)\r\n   at System.Net.Http.Metrics.MetricsHandler.SendAsyncWithMetrics(HttpRequestMessage request, Boolean async, CancellationToken cancellationToken)\r\n   at System.Net.Http.DiagnosticsHandler.SendAsyncCore(HttpRequestMessage request, Boolean async, CancellationToken cancellationToken)\r\n   at System.Net.Http.RedirectHandler.SendAsync(HttpRequestMessage request, Boolean async, CancellationToken cancellationToken)\r\n   at System.Net.Http.SocketsHttpHandler.&lt;SendAsync&gt;g__CreateHandlerAndSendAsync|115_0(HttpRequestMessage request, CancellationToken cancellationToken)\r\n   at System.Net.Http.HttpClient.&lt;SendAsync&gt;g__Core|83_0(HttpRequestMessage request, HttpCompletionOption completionOption, CancellationTokenSource cts, Boolean disposeCts, CancellationTokenSource pendingRequestsCts, CancellationToken originalCancellationToken)\r\n   at Consul.PutRequest`1.Execute(CancellationToken ct) in D:\\a\\consuldotnet\\consuldotnet\\Consul\\Client_PutRequests.cs:line 244\r\n   at Leno.Infrastructure.ServiceDiscovery.ConsulServiceRegistrationHostedService.StartAsync(CancellationToken cancellationToken) in E:\\Leno\\src\\BuildingBlocks\\Leno.Infrastructure\\ServiceDiscovery\\ConsulServiceRegistrationExtensions.cs:line 72","Properties":{"ServiceName":"leno-points-api","ServiceId":"leno-points-api-DESKTOP-8HKHSKP-8080","Address":"DESKTOP-8HKHSKP","Port":8080,"SourceContext":"Leno.Infrastructure.ServiceDiscovery.ConsulServiceRegistrationHostedService","Application":"leno-review-api","Environment":"Development"}}&#xD;
{"Timestamp":"2026-07-27T07:17:44.8301331+08:00","Level":"Warning","MessageTemplate":"Failed to register service {ServiceName} (ID: {ServiceId}) with Consul at {Address}:{Port}. Application will continue startup; service may be unreachable until Consul recovers.","Exception":"System.Net.Http.HttpRequestException: ����Ŀ�����������ܾ����޷����ӡ� (localhost:8500)\r\n ---&gt; System.Net.Sockets.SocketException (10061): ����Ŀ�����������ܾ����޷����ӡ�\r\n   at System.Net.Sockets.Socket.AwaitableSocketAsyncEventArgs.ThrowException(SocketError error, CancellationToken cancellationToken)\r\n   at System.Net.Sockets.Socket.AwaitableSocketAsyncEventArgs.System.Threading.Tasks.Sources.IValueTaskSource.GetResult(Int16 token)\r\n   at System.Net.Http.HttpConnectionPool.ConnectToTcpHostAsync(String host, Int32 port, HttpRequestMessage initialRequest, Boolean async, CancellationToken cancellationToken)\r\n   --- End of inner exception stack trace ---\r\n   at System.Net.Http.HttpConnectionPool.ConnectToTcpHostAsync(String host, Int32 port, HttpRequestMessage initialRequest, Boolean async, CancellationToken cancellationToken)\r\n   at System.Net.Http.HttpConnectionPool.ConnectAsync(HttpRequestMessage request, Boolean async, CancellationToken cancellationToken)\r\n   at System.Net.Http.HttpConnectionPool.CreateHttp11ConnectionAsync(HttpRequestMessage request, Boolean async, CancellationToken cancellationToken)\r\n   at System.Net.Http.HttpConnectionPool.InjectNewHttp11ConnectionAsync(QueueItem queueItem)\r\n   at System.Threading.Tasks.TaskCompletionSourceWithCancellation`1.WaitWithCancellationAsync(CancellationToken cancellationToken)\r\n   at System.Net.Http.HttpConnectionWaiter`1.WaitForConnectionWithTelemetryAsync(HttpRequestMessage request, HttpConnectionPool pool, Boolean async, CancellationToken requestCancellationToken)\r\n   at System.Net.Http.HttpConnectionPool.SendWithVersionDetectionAndRetryAsync(HttpRequestMessage request, Boolean async, Boolean doRequestAuth, CancellationToken cancellationToken)\r\n   at System.Net.Http.Metrics.MetricsHandler.SendAsyncWithMetrics(HttpRequestMessage request, Boolean async, CancellationToken cancellationToken)\r\n   at System.Net.Http.DiagnosticsHandler.SendAsyncCore(HttpRequestMessage request, Boolean async, CancellationToken cancellationToken)\r\n   at System.Net.Http.RedirectHandler.SendAsync(HttpRequestMessage request, Boolean async, CancellationToken cancellationToken)\r\n   at System.Net.Http.SocketsHttpHandler.&lt;SendAsync&gt;g__CreateHandlerAndSendAsync|115_0(HttpRequestMessage request, CancellationToken cancellationToken)\r\n   at System.Net.Http.HttpClient.&lt;SendAsync&gt;g__Core|83_0(HttpRequestMessage request, HttpCompletionOption completionOption, CancellationTokenSource cts, Boolean disposeCts, CancellationTokenSource pendingRequestsCts, CancellationToken originalCancellationToken)\r\n   at Consul.PutRequest`1.Execute(CancellationToken ct) in D:\\a\\consuldotnet\\consuldotnet\\Consul\\Client_PutRequests.cs:line 244\r\n   at Leno.Infrastructure.ServiceDiscovery.ConsulServiceRegistrationHostedService.StartAsync(CancellationToken cancellationToken) in E:\\Leno\\src\\BuildingBlocks\\Leno.Infrastructure\\ServiceDiscovery\\ConsulServiceRegistrationExtensions.cs:line 72","Properties":{"ServiceName":"leno-identity-api","ServiceId":"leno-identity-api-DESKTOP-8HKHSKP-8083","Address":"localhost","Port":8083,"SourceContext":"Leno.Infrastructure.ServiceDiscovery.ConsulServiceRegistrationHostedService","Application":"leno-review-api","Environment":"Development"}}&#xD;
{"Timestamp":"2026-07-27T07:17:44.8301255+08:00","Level":"Warning","MessageTemplate":"Failed to register service {ServiceName} (ID: {ServiceId}) with Consul at {Address}:{Port}. Application will continue startup; service may be unreachable until Consul recovers.","Exception":"System.Net.Http.HttpRequestException: ����Ŀ�����������ܾ����޷����ӡ� (localhost:8500)\r\n ---&gt; System.Net.Sockets.SocketException (10061): ����Ŀ�����������ܾ����޷����ӡ�\r\n   at System.Net.Sockets.Socket.AwaitableSocketAsyncEventArgs.ThrowException(SocketError error, CancellationToken cancellationToken)\r\n   at System.Net.Sockets.Socket.AwaitableSocketAsyncEventArgs.System.Threading.Tasks.Sources.IValueTaskSource.GetResult(Int16 token)\r\n   at System.Net.Http.HttpConnectionPool.ConnectToTcpHostAsync(String host, Int32 port, HttpRequestMessage initialRequest, Boolean async, CancellationToken cancellationToken)\r\n   --- End of inner exception stack trace ---\r\n   at System.Net.Http.HttpConnectionPool.ConnectToTcpHostAsync(String host, Int32 port, HttpRequestMessage initialRequest, Boolean async, CancellationToken cancellationToken)\r\n   at System.Net.Http.HttpConnectionPool.ConnectAsync(HttpRequestMessage request, Boolean async, CancellationToken cancellationToken)\r\n   at System.Net.Http.HttpConnectionPool.CreateHttp11ConnectionAsync(HttpRequestMessage request, Boolean async, CancellationToken cancellationToken)\r\n   at System.Net.Http.HttpConnectionPool.InjectNewHttp11ConnectionAsync(QueueItem queueItem)\r\n   at System.Threading.Tasks.TaskCompletionSourceWithCancellation`1.WaitWithCancellationAsync(CancellationToken cancellationToken)\r\n   at System.Net.Http.HttpConnectionWaiter`1.WaitForConnectionWithTelemetryAsync(HttpRequestMessage request, HttpConnectionPool pool, Boolean async, CancellationToken requestCancellationToken)\r\n   at System.Net.Http.HttpConnectionPool.SendWithVersionDetectionAndRetryAsync(HttpRequestMessage request, Boolean async, Boolean doRequestAuth, CancellationToken cancellationToken)\r\n   at System.Net.Http.Metrics.MetricsHandler.SendAsyncWithMetrics(HttpRequestMessage request, Boolean async, CancellationToken cancellationToken)\r\n   at System.Net.Http.DiagnosticsHandler.SendAsyncCore(HttpRequestMessage request, Boolean async, CancellationToken cancellationToken)\r\n   at System.Net.Http.RedirectHandler.SendAsync(HttpRequestMessage request, Boolean async, CancellationToken cancellationToken)\r\n   at System.Net.Http.SocketsHttpHandler.&lt;SendAsync&gt;g__CreateHandlerAndSendAsync|115_0(HttpRequestMessage request, CancellationToken cancellationToken)\r\n   at System.Net.Http.HttpClient.&lt;SendAsync&gt;g__Core|83_0(HttpRequestMessage request, HttpCompletionOption completionOption, CancellationTokenSource cts, Boolean disposeCts, CancellationTokenSource pendingRequestsCts, CancellationToken originalCancellationToken)\r\n   at Consul.PutRequest`1.Execute(CancellationToken ct) in D:\\a\\consuldotnet\\consuldotnet\\Consul\\Client_PutRequests.cs:line 244\r\n   at Leno.Infrastructure.ServiceDiscovery.ConsulServiceRegistrationHostedService.StartAsync(CancellationToken cancellationToken) in E:\\Leno\\src\\BuildingBlocks\\Leno.Infrastructure\\ServiceDiscovery\\ConsulServiceRegistrationExtensions.cs:line 72","Properties":{"ServiceName":"leno-membership-api","ServiceId":"leno-membership-api-DESKTOP-8HKHSKP-8080","Address":"DESKTOP-8HKHSKP","Port":8080,"SourceContext":"Leno.Infrastructure.ServiceDiscovery.ConsulServiceRegistrationHostedService","Application":"leno-review-api","Environment":"Development"}}&#xD;
{"Timestamp":"2026-07-27T07:17:44.8301200+08:00","Level":"Warning","MessageTemplate":"Failed to register service {ServiceName} (ID: {ServiceId}) with Consul at {Address}:{Port}. Application will continue startup; service may be unreachable until Consul recovers.","Exception":"System.Net.Http.HttpRequestException: ����Ŀ�����������ܾ����޷����ӡ� (localhost:8500)\r\n ---&gt; System.Net.Sockets.SocketException (10061): ����Ŀ�����������ܾ����޷����ӡ�\r\n   at System.Net.Sockets.Socket.AwaitableSocketAsyncEventArgs.ThrowException(SocketError error, CancellationToken cancellationToken)\r\n   at System.Net.Sockets.Socket.AwaitableSocketAsyncEventArgs.System.Threading.Tasks.Sources.IValueTaskSource.GetResult(Int16 token)\r\n   at System.Net.Http.HttpConnectionPool.ConnectToTcpHostAsync(String host, Int32 port, HttpRequestMessage initialRequest, Boolean async, CancellationToken cancellationToken)\r\n   --- End of inner exception stack trace ---\r\n   at System.Net.Http.HttpConnectionPool.ConnectToTcpHostAsync(String host, Int32 port, HttpRequestMessage initialRequest, Boolean async, CancellationToken cancellationToken)\r\n   at System.Net.Http.HttpConnectionPool.ConnectAsync(HttpRequestMessage request, Boolean async, CancellationToken cancellationToken)\r\n   at System.Net.Http.HttpConnectionPool.CreateHttp11ConnectionAsync(HttpRequestMessage request, Boolean async, CancellationToken cancellationToken)\r\n   at System.Net.Http.HttpConnectionPool.InjectNewHttp11ConnectionAsync(QueueItem queueItem)\r\n   at System.Threading.Tasks.TaskCompletionSourceWithCancellation`1.WaitWithCancellationAsync(CancellationToken cancellationToken)\r\n   at System.Net.Http.HttpConnectionWaiter`1.WaitForConnectionWithTelemetryAsync(HttpRequestMessage request, HttpConnectionPool pool, Boolean async, CancellationToken requestCancellationToken)\r\n   at System.Net.Http.HttpConnectionPool.SendWithVersionDetectionAndRetryAsync(HttpRequestMessage request, Boolean async, Boolean doRequestAuth, CancellationToken cancellationToken)\r\n   at System.Net.Http.Metrics.MetricsHandler.SendAsyncWithMetrics(HttpRequestMessage request, Boolean async, CancellationToken cancellationToken)\r\n   at System.Net.Http.DiagnosticsHandler.SendAsyncCore(HttpRequestMessage request, Boolean async, CancellationToken cancellationToken)\r\n   at System.Net.Http.RedirectHandler.SendAsync(HttpRequestMessage request, Boolean async, CancellationToken cancellationToken)\r\n   at System.Net.Http.SocketsHttpHandler.&lt;SendAsync&gt;g__CreateHandlerAndSendAsync|115_0(HttpRequestMessage request, CancellationToken cancellationToken)\r\n   at System.Net.Http.HttpClient.&lt;SendAsync&gt;g__Core|83_0(HttpRequestMessage request, HttpCompletionOption completionOption, CancellationTokenSource cts, Boolean disposeCts, CancellationTokenSource pendingRequestsCts, CancellationToken originalCancellationToken)\r\n   at Consul.PutRequest`1.Execute(CancellationToken ct) in D:\\a\\consuldotnet\\consuldotnet\\Consul\\Client_PutRequests.cs:line 244\r\n   at Leno.Infrastructure.ServiceDiscovery.ConsulServiceRegistrationHostedService.StartAsync(CancellationToken cancellationToken) in E:\\Leno\\src\\BuildingBlocks\\Leno.Infrastructure\\ServiceDiscovery\\ConsulServiceRegistrationExtensions.cs:line 72","Properties":{"ServiceName":"leno-review-api","ServiceId":"leno-review-api-DESKTOP-8HKHSKP-8080","Address":"DESKTOP-8HKHSKP","Port":8080,"SourceContext":"Leno.Infrastructure.ServiceDiscovery.ConsulServiceRegistrationHostedService","Application":"leno-review-api","Environment":"Development"}}&#xD;
{"Timestamp":"2026-07-27T07:17:44.8590112+08:00","Level":"Warning","MessageTemplate":"Service:Name δ���ã�ConsulConfigWatcher �˳�","Properties":{"SourceContext":"Leno.Infrastructure.Configuration.ConsulConfigWatcher","Application":"leno-review-api","Environment":"Development"}}&#xD;
{"Timestamp":"2026-07-27T07:17:44.8590514+08:00","Level":"Information","MessageTemplate":"ConsulConfigWatcher ���������� KV: {Key}","Properties":{"Key":"leno/anticorruption/use-grpc/Identity","SourceContext":"Leno.Infrastructure.Configuration.ConsulConfigWatcher","Application":"leno-review-api","Environment":"Development"}}&#xD;
{"Timestamp":"2026-07-27T07:17:44.8589711+08:00","Level":"Warning","MessageTemplate":"Service:Name δ���ã�ConsulConfigWatcher �˳�","Properties":{"SourceContext":"Leno.Infrastructure.Configuration.ConsulConfigWatcher","Application":"leno-review-api","Environment":"Development"}}&#xD;
{"Timestamp":"2026-07-27T07:17:44.8590329+08:00","Level":"Warning","MessageTemplate":"Service:Name δ���ã�ConsulConfigWatcher �˳�","Properties":{"SourceContext":"Leno.Infrastructure.Configuration.ConsulConfigWatcher","Application":"leno-review-api","Environment":"Development"}}&#xD;
{"Timestamp":"2026-07-27T07:17:44.8607009+08:00","Level":"Information","MessageTemplate":"MemberLevelEvaluationJob ������ɨ���� {Interval}","Properties":{"Interval":"1.00:00:00","SourceContext":"Leno.Membership.Api.BackgroundServices.MemberLevelEvaluationJob","Application":"leno-review-api","Environment":"Development"}}&#xD;
{"Timestamp":"2026-07-27T07:17:44.8822668+08:00","Level":"Information","MessageTemplate":"Application started. Press Ctrl+C to shut down.","Properties":{"SourceContext":"Microsoft.Hosting.Lifetime","Application":"leno-review-api","Environment":"Development"}}&#xD;
{"Timestamp":"2026-07-27T07:17:44.8823663+08:00","Level":"Information","MessageTemplate":"Hosting environment: {EnvName}","Properties":{"EnvName":"Development","SourceContext":"Microsoft.Hosting.Lifetime","Application":"leno-review-api","Environment":"Development"}}&#xD;
{"Timestamp":"2026-07-27T07:17:44.8824226+08:00","Level":"Information","MessageTemplate":"Content root path: {ContentRoot}","Properties":{"ContentRoot":"E:\\Leno\\src\\Services\\Identity\\Leno.Identity.Api","SourceContext":"Microsoft.Hosting.Lifetime","Application":"leno-review-api","Environment":"Development"}}&#xD;
{"Timestamp":"2026-07-27T07:17:44.8900345+08:00","Level":"Information","MessageTemplate":"Application started. Press Ctrl+C to shut down.","Properties":{"SourceContext":"Microsoft.Hosting.Lifetime","Application":"leno-review-api","Environment":"Development"}}&#xD;
{"Timestamp":"2026-07-27T07:17:44.8900349+08:00","Level":"Information","MessageTemplate":"Application started. Press Ctrl+C to shut down.","Properties":{"SourceContext":"Microsoft.Hosting.Lifetime","Application":"leno-review-api","Environment":"Development"}}&#xD;
{"Timestamp":"2026-07-27T07:17:44.8900348+08:00","Level":"Information","MessageTemplate":"Application started. Press Ctrl+C to shut down.","Properties":{"SourceContext":"Microsoft.Hosting.Lifetime","Application":"leno-review-api","Environment":"Development"}}&#xD;
{"Timestamp":"2026-07-27T07:17:44.8901110+08:00","Level":"Information","MessageTemplate":"Hosting environment: {EnvName}","Properties":{"EnvName":"Development","SourceContext":"Microsoft.Hosting.Lifetime","Application":"leno-review-api","Environment":"Development"}}&#xD;
{"Timestamp":"2026-07-27T07:17:44.8901353+08:00","Level":"Information","MessageTemplate":"Hosting environment: {EnvName}","Properties":{"EnvName":"Development","SourceContext":"Microsoft.Hosting.Lifetime","Application":"leno-review-api","Environment":"Development"}}&#xD;
{"Timestamp":"2026-07-27T07:17:44.8901576+08:00","Level":"Information","MessageTemplate":"Hosting environment: {EnvName}","Properties":{"EnvName":"Development","SourceContext":"Microsoft.Hosting.Lifetime","Application":"leno-review-api","Environment":"Development"}}&#xD;
{"Timestamp":"2026-07-27T07:17:44.8901724+08:00","Level":"Information","MessageTemplate":"Content root path: {ContentRoot}","Properties":{"ContentRoot":"E:\\Leno\\src\\Services\\Review\\Leno.Review.Api","SourceContext":"Microsoft.Hosting.Lifetime","Application":"leno-review-api","Environment":"Development"}}&#xD;
{"Timestamp":"2026-07-27T07:17:44.8902004+08:00","Level":"Information","MessageTemplate":"Content root path: {ContentRoot}","Properties":{"ContentRoot":"E:\\Leno\\src\\Services\\Membership\\Leno.Membership.Api","SourceContext":"Microsoft.Hosting.Lifetime","Application":"leno-review-api","Environment":"Development"}}&#xD;
{"Timestamp":"2026-07-27T07:17:44.8902101+08:00","Level":"Information","MessageTemplate":"Content root path: {ContentRoot}","Properties":{"ContentRoot":"E:\\Leno\\src\\Services\\Points\\Leno.Points.Api","SourceContext":"Microsoft.Hosting.Lifetime","Application":"leno-review-api","Environment":"Development"}}&#xD;
{"Timestamp":"2026-07-27T07:17:44.9173969+08:00","Level":"Information","MessageTemplate":"Request starting {Protocol} {Method} {Scheme}://{Host}{PathBase}{Path}{QueryString} - {ContentType} {ContentLength}","TraceId":"b5feea1b434c0f18cf1c388595f1189d","SpanId":"953b1d8c4578fd87","Properties":{"Protocol":"HTTP/1.1","Method":"GET","ContentType":null,"ContentLength":null,"Scheme":"http","Host":"localhost","PathBase":"","Path":"/api/membership-packages","QueryString":"","EventId":{"Id":1},"SourceContext":"Microsoft.AspNetCore.Hosting.Diagnostics","RequestId":"0HNNBDGCN5SRD","RequestPath":"/api/membership-packages","Application":"leno-review-api","Environment":"Development","TraceId":"b5feea1b434c0f18cf1c388595f1189d","SpanId":"953b1d8c4578fd87"}}&#xD;
{"Timestamp":"2026-07-27T07:17:44.9174108+08:00","Level":"Information","MessageTemplate":"Request starting {Protocol} {Method} {Scheme}://{Host}{PathBase}{Path}{QueryString} - {ContentType} {ContentLength}","TraceId":"0c7557ce16955d6f1e9d20dc26128689","SpanId":"5b288426df5c45a2","Properties":{"Protocol":"HTTP/1.1","Method":"GET","ContentType":null,"ContentLength":null,"Scheme":"http","Host":"localhost","PathBase":"","Path":"/api/products/7d9181bb-11c2-4a3c-8277-e49db1e39710/reviews","QueryString":"?page=1&amp;pageSize=20","EventId":{"Id":1},"SourceContext":"Microsoft.AspNetCore.Hosting.Diagnostics","RequestId":"0HNNBDGCN5SRF","RequestPath":"/api/products/7d9181bb-11c2-4a3c-8277-e49db1e39710/reviews","Application":"leno-review-api","Environment":"Development","TraceId":"0c7557ce16955d6f1e9d20dc26128689","SpanId":"5b288426df5c45a2"}}&#xD;
{"Timestamp":"2026-07-27T07:17:44.9173993+08:00","Level":"Information","MessageTemplate":"Request starting {Protocol} {Method} {Scheme}://{Host}{PathBase}{Path}{QueryString} - {ContentType} {ContentLength}","TraceId":"3952bf16d445d7ffc47e0e4ca3c3e89a","SpanId":"83c85c9557c67adb","Properties":{"Protocol":"HTTP/1.1","Method":"POST","ContentType":"application/json; charset=utf-8","ContentLength":66,"Scheme":"http","Host":"localhost","PathBase":"","Path":"/api/auth/login","QueryString":"","EventId":{"Id":1},"SourceContext":"Microsoft.AspNetCore.Hosting.Diagnostics","RequestId":"0HNNBDGCN5SRE","RequestPath":"/api/auth/login","Application":"leno-review-api","Environment":"Development","TraceId":"3952bf16d445d7ffc47e0e4ca3c3e89a","SpanId":"83c85c9557c67adb"}}&#xD;
{"Timestamp":"2026-07-27T07:17:44.9258338+08:00","Level":"Information","MessageTemplate":"Request starting {Protocol} {Method} {Scheme}://{Host}{PathBase}{Path}{QueryString} - {ContentType} {ContentLength}","TraceId":"2b77663b14f12f0d8f48c66479f1c831","SpanId":"3b60b94df5526fdc","Properties":{"Protocol":"HTTP/1.1","Method":"POST","ContentType":"application/json; charset=utf-8","ContentLength":111,"Scheme":"http","Host":"localhost","PathBase":"","Path":"/internal/v1/points/freeze","QueryString":"","EventId":{"Id":1},"SourceContext":"Microsoft.AspNetCore.Hosting.Diagnostics","RequestId":"0HNNBDGCN5SRG","RequestPath":"/internal/v1/points/freeze","Application":"leno-review-api","Environment":"Development","TraceId":"2b77663b14f12f0d8f48c66479f1c831","SpanId":"3b60b94df5526fdc"}}&#xD;
{"Timestamp":"2026-07-27T07:17:44.9486501+08:00","Level":"Information","MessageTemplate":"Executing endpoint '{EndpointName}'","TraceId":"2b77663b14f12f0d8f48c66479f1c831","SpanId":"3b60b94df5526fdc","Properties":{"EndpointName":"Leno.Points.Api.Controllers.InternalPointsController.FreezeAsync (Leno.Points.Api)","EventId":{"Name":"ExecutingEndpoint"},"SourceContext":"Microsoft.AspNetCore.Routing.EndpointMiddleware","RequestId":"0HNNBDGCN5SRG","RequestPath":"/internal/v1/points/freeze","Application":"leno-review-api","Environment":"Development","TraceId":"2b77663b14f12f0d8f48c66479f1c831","SpanId":"3b60b94df5526fdc"}}&#xD;
{"Timestamp":"2026-07-27T07:17:44.9486443+08:00","Level":"Information","MessageTemplate":"Executing endpoint '{EndpointName}'","TraceId":"0c7557ce16955d6f1e9d20dc26128689","SpanId":"5b288426df5c45a2","Properties":{"EndpointName":"Leno.Review.Api.Controllers.ProductReviewsController.GetReviewsBySpuAsync (Leno.Review.Api)","EventId":{"Name":"ExecutingEndpoint"},"SourceContext":"Microsoft.AspNetCore.Routing.EndpointMiddleware","RequestId":"0HNNBDGCN5SRF","RequestPath":"/api/products/7d9181bb-11c2-4a3c-8277-e49db1e39710/reviews","Application":"leno-review-api","Environment":"Development","TraceId":"0c7557ce16955d6f1e9d20dc26128689","SpanId":"5b288426df5c45a2"}}&#xD;
{"Timestamp":"2026-07-27T07:17:44.9486486+08:00","Level":"Information","MessageTemplate":"Executing endpoint '{EndpointName}'","TraceId":"3952bf16d445d7ffc47e0e4ca3c3e89a","SpanId":"83c85c9557c67adb","Properties":{"EndpointName":"Leno.Identity.Api.Controllers.AuthController.LoginAsync (Leno.Identity.Api)","EventId":{"Name":"ExecutingEndpoint"},"SourceContext":"Microsoft.AspNetCore.Routing.EndpointMiddleware","RequestId":"0HNNBDGCN5SRE","RequestPath":"/api/auth/login","Application":"leno-review-api","Environment":"Development","TraceId":"3952bf16d445d7ffc47e0e4ca3c3e89a","SpanId":"83c85c9557c67adb"}}&#xD;
{"Timestamp":"2026-07-27T07:17:44.9499437+08:00","Level":"Information","MessageTemplate":"Executing endpoint '{EndpointName}'","TraceId":"b5feea1b434c0f18cf1c388595f1189d","SpanId":"953b1d8c4578fd87","Properties":{"EndpointName":"Leno.Membership.Api.Controllers.MembershipPackagesController.ListAsync (Leno.Membership.Api)","EventId":{"Name":"ExecutingEndpoint"},"SourceContext":"Microsoft.AspNetCore.Routing.EndpointMiddleware","RequestId":"0HNNBDGCN5SRD","RequestPath":"/api/membership-packages","Application":"leno-review-api","Environment":"Development","TraceId":"b5feea1b434c0f18cf1c388595f1189d","SpanId":"953b1d8c4578fd87"}}&#xD;
{"Timestamp":"2026-07-27T07:17:44.9662754+08:00","Level":"Information","MessageTemplate":"Route matched with {RouteData}. Executing controller action with signature {MethodInfo} on controller {Controller} ({AssemblyName}).","TraceId":"b5feea1b434c0f18cf1c388595f1189d","SpanId":"953b1d8c4578fd87","Properties":{"RouteData":"{action = \"List\", controller = \"MembershipPackages\"}","MethodInfo":"System.Threading.Tasks.Task`1[Microsoft.AspNetCore.Mvc.IActionResult] ListAsync(System.Threading.CancellationToken)","Controller":"Leno.Membership.Api.Controllers.MembershipPackagesController","AssemblyName":"Leno.Membership.Api","EventId":{"Id":102,"Name":"ControllerActionExecuting"},"SourceContext":"Microsoft.AspNetCore.Mvc.Infrastructure.ControllerActionInvoker","ActionId":"7d34b50c-f9ca-4b48-a845-5714b479c40e","ActionName":"Leno.Membership.Api.Controllers.MembershipPackagesController.ListAsync (Leno.Membership.Api)","RequestId":"0HNNBDGCN5SRD","RequestPath":"/api/membership-packages","Application":"leno-review-api","Environment":"Development","TraceId":"b5feea1b434c0f18cf1c388595f1189d","SpanId":"953b1d8c4578fd87"}}&#xD;
{"Timestamp":"2026-07-27T07:17:44.9662767+08:00","Level":"Information","MessageTemplate":"Route matched with {RouteData}. Executing controller action with signature {MethodInfo} on controller {Controller} ({AssemblyName}).","TraceId":"0c7557ce16955d6f1e9d20dc26128689","SpanId":"5b288426df5c45a2","Properties":{"RouteData":"{action = \"GetReviewsBySpu\", controller = \"ProductReviews\"}","MethodInfo":"System.Threading.Tasks.Task`1[Microsoft.AspNetCore.Mvc.IActionResult] GetReviewsBySpuAsync(System.Guid, Int32, Int32, System.Threading.CancellationToken)","Controller":"Leno.Review.Api.Controllers.ProductReviewsController","AssemblyName":"Leno.Review.Api","EventId":{"Id":102,"Name":"ControllerActionExecuting"},"SourceContext":"Microsoft.AspNetCore.Mvc.Infrastructure.ControllerActionInvoker","ActionId":"abc0b9fb-dcb1-4d21-aec5-c4ccef279c3d","ActionName":"Leno.Review.Api.Controllers.ProductReviewsController.GetReviewsBySpuAsync (Leno.Review.Api)","RequestId":"0HNNBDGCN5SRF","RequestPath":"/api/products/7d9181bb-11c2-4a3c-8277-e49db1e39710/reviews","Application":"leno-review-api","Environment":"Development","TraceId":"0c7557ce16955d6f1e9d20dc26128689","SpanId":"5b288426df5c45a2"}}&#xD;
{"Timestamp":"2026-07-27T07:17:44.9662771+08:00","Level":"Information","MessageTemplate":"Route matched with {RouteData}. Executing controller action with signature {MethodInfo} on controller {Controller} ({AssemblyName}).","TraceId":"2b77663b14f12f0d8f48c66479f1c831","SpanId":"3b60b94df5526fdc","Properties":{"RouteData":"{action = \"Freeze\", controller = \"InternalPoints\"}","MethodInfo":"System.Threading.Tasks.Task`1[Microsoft.AspNetCore.Mvc.IActionResult] FreezeAsync(Leno.Points.Api.Controllers.FreezePointsRequestDto, System.Threading.CancellationToken)","Controller":"Leno.Points.Api.Controllers.InternalPointsController","AssemblyName":"Leno.Points.Api","EventId":{"Id":102,"Name":"ControllerActionExecuting"},"SourceContext":"Microsoft.AspNetCore.Mvc.Infrastructure.ControllerActionInvoker","ActionId":"7671d66d-8121-479c-a627-caf80d358488","ActionName":"Leno.Points.Api.Controllers.InternalPointsController.FreezeAsync (Leno.Points.Api)","RequestId":"0HNNBDGCN5SRG","RequestPath":"/internal/v1/points/freeze","Application":"leno-review-api","Environment":"Development","TraceId":"2b77663b14f12f0d8f48c66479f1c831","SpanId":"3b60b94df5526fdc"}}&#xD;
{"Timestamp":"2026-07-27T07:17:44.9662773+08:00","Level":"Information","MessageTemplate":"Route matched with {RouteData}. Executing controller action with signature {MethodInfo} on controller {Controller} ({AssemblyName}).","TraceId":"3952bf16d445d7ffc47e0e4ca3c3e89a","SpanId":"83c85c9557c67adb","Properties":{"RouteData":"{action = \"Login\", controller = \"Auth\"}","MethodInfo":"System.Threading.Tasks.Task`1[Microsoft.AspNetCore.Mvc.IActionResult] LoginAsync(Leno.Identity.Application.DTOs.LoginDto, System.Threading.CancellationToken)","Controller":"Leno.Identity.Api.Controllers.AuthController","AssemblyName":"Leno.Identity.Api","EventId":{"Id":102,"Name":"ControllerActionExecuting"},"SourceContext":"Microsoft.AspNetCore.Mvc.Infrastructure.ControllerActionInvoker","ActionId":"a82ab60d-f49d-437e-990f-9a5147891f14","ActionName":"Leno.Identity.Api.Controllers.AuthController.LoginAsync (Leno.Identity.Api)","RequestId":"0HNNBDGCN5SRE","RequestPath":"/api/auth/login","Application":"leno-review-api","Environment":"Development","TraceId":"3952bf16d445d7ffc47e0e4ca3c3e89a","SpanId":"83c85c9557c67adb"}}&#xD;
{"Timestamp":"2026-07-27T07:17:44.9768545+08:00","Level":"Information","MessageTemplate":"Executing action method {ActionName} - Validation state: {ValidationState}","TraceId":"b5feea1b434c0f18cf1c388595f1189d","SpanId":"953b1d8c4578fd87","Properties":{"ActionName":"Leno.Membership.Api.Controllers.MembershipPackagesController.ListAsync (Leno.Membership.Api)","ValidationState":"Valid","EventId":{"Id":101,"Name":"ActionMethodExecuting"},"SourceContext":"Microsoft.AspNetCore.Mvc.Infrastructure.ControllerActionInvoker","ActionId":"7d34b50c-f9ca-4b48-a845-5714b479c40e","RequestId":"0HNNBDGCN5SRD","RequestPath":"/api/membership-packages","Application":"leno-review-api","Environment":"Development","TraceId":"b5feea1b434c0f18cf1c388595f1189d","SpanId":"953b1d8c4578fd87"}}&#xD;
{"Timestamp":"2026-07-27T07:17:44.9768548+08:00","Level":"Information","MessageTemplate":"Executing action method {ActionName} - Validation state: {ValidationState}","TraceId":"0c7557ce16955d6f1e9d20dc26128689","SpanId":"5b288426df5c45a2","Properties":{"ActionName":"Leno.Review.Api.Controllers.ProductReviewsController.GetReviewsBySpuAsync (Leno.Review.Api)","ValidationState":"Valid","EventId":{"Id":101,"Name":"ActionMethodExecuting"},"SourceContext":"Microsoft.AspNetCore.Mvc.Infrastructure.ControllerActionInvoker","ActionId":"abc0b9fb-dcb1-4d21-aec5-c4ccef279c3d","RequestId":"0HNNBDGCN5SRF","RequestPath":"/api/products/7d9181bb-11c2-4a3c-8277-e49db1e39710/reviews","Application":"leno-review-api","Environment":"Development","TraceId":"0c7557ce16955d6f1e9d20dc26128689","SpanId":"5b288426df5c45a2"}}&#xD;
{"Timestamp":"2026-07-27T07:17:44.9811396+08:00","Level":"Information","MessageTemplate":"Executed action method {ActionName}, returned result {ActionResult} in {ElapsedMilliseconds}ms.","TraceId":"0c7557ce16955d6f1e9d20dc26128689","SpanId":"5b288426df5c45a2","Properties":{"ActionName":"Leno.Review.Api.Controllers.ProductReviewsController.GetReviewsBySpuAsync (Leno.Review.Api)","ActionResult":"Microsoft.AspNetCore.Mvc.OkObjectResult","ElapsedMilliseconds":1.4735,"EventId":{"Id":103,"Name":"ActionMethodExecuted"},"SourceContext":"Microsoft.AspNetCore.Mvc.Infrastructure.ControllerActionInvoker","ActionId":"abc0b9fb-dcb1-4d21-aec5-c4ccef279c3d","RequestId":"0HNNBDGCN5SRF","RequestPath":"/api/products/7d9181bb-11c2-4a3c-8277-e49db1e39710/reviews","Application":"leno-review-api","Environment":"Development","TraceId":"0c7557ce16955d6f1e9d20dc26128689","SpanId":"5b288426df5c45a2"}}&#xD;
{"Timestamp":"2026-07-27T07:17:44.9811396+08:00","Level":"Information","MessageTemplate":"Executed action method {ActionName}, returned result {ActionResult} in {ElapsedMilliseconds}ms.","TraceId":"b5feea1b434c0f18cf1c388595f1189d","SpanId":"953b1d8c4578fd87","Properties":{"ActionName":"Leno.Membership.Api.Controllers.MembershipPackagesController.ListAsync (Leno.Membership.Api)","ActionResult":"Microsoft.AspNetCore.Mvc.OkObjectResult","ElapsedMilliseconds":1.4929,"EventId":{"Id":103,"Name":"ActionMethodExecuted"},"SourceContext":"Microsoft.AspNetCore.Mvc.Infrastructure.ControllerActionInvoker","ActionId":"7d34b50c-f9ca-4b48-a845-5714b479c40e","RequestId":"0HNNBDGCN5SRD","RequestPath":"/api/membership-packages","Application":"leno-review-api","Environment":"Development","TraceId":"b5feea1b434c0f18cf1c388595f1189d","SpanId":"953b1d8c4578fd87"}}&#xD;
{"Timestamp":"2026-07-27T07:17:44.9844184+08:00","Level":"Information","MessageTemplate":"Executing action method {ActionName} - Validation state: {ValidationState}","TraceId":"2b77663b14f12f0d8f48c66479f1c831","SpanId":"3b60b94df5526fdc","Properties":{"ActionName":"Leno.Points.Api.Controllers.InternalPointsController.FreezeAsync (Leno.Points.Api)","ValidationState":"Valid","EventId":{"Id":101,"Name":"ActionMethodExecuting"},"SourceContext":"Microsoft.AspNetCore.Mvc.Infrastructure.ControllerActionInvoker","ActionId":"7671d66d-8121-479c-a627-caf80d358488","RequestId":"0HNNBDGCN5SRG","RequestPath":"/internal/v1/points/freeze","Application":"leno-review-api","Environment":"Development","TraceId":"2b77663b14f12f0d8f48c66479f1c831","SpanId":"3b60b94df5526fdc"}}&#xD;
{"Timestamp":"2026-07-27T07:17:44.9845561+08:00","Level":"Information","MessageTemplate":"Executing action method {ActionName} - Validation state: {ValidationState}","TraceId":"3952bf16d445d7ffc47e0e4ca3c3e89a","SpanId":"83c85c9557c67adb","Properties":{"ActionName":"Leno.Identity.Api.Controllers.AuthController.LoginAsync (Leno.Identity.Api)","ValidationState":"Valid","EventId":{"Id":101,"Name":"ActionMethodExecuting"},"SourceContext":"Microsoft.AspNetCore.Mvc.Infrastructure.ControllerActionInvoker","ActionId":"a82ab60d-f49d-437e-990f-9a5147891f14","RequestId":"0HNNBDGCN5SRE","RequestPath":"/api/auth/login","Application":"leno-review-api","Environment":"Development","TraceId":"3952bf16d445d7ffc47e0e4ca3c3e89a","SpanId":"83c85c9557c67adb"}}&#xD;
{"Timestamp":"2026-07-27T07:17:44.9853134+08:00","Level":"Information","MessageTemplate":"Executed action method {ActionName}, returned result {ActionResult} in {ElapsedMilliseconds}ms.","TraceId":"2b77663b14f12f0d8f48c66479f1c831","SpanId":"3b60b94df5526fdc","Properties":{"ActionName":"Leno.Points.Api.Controllers.InternalPointsController.FreezeAsync (Leno.Points.Api)","ActionResult":"Microsoft.AspNetCore.Mvc.OkObjectResult","ElapsedMilliseconds":0.7421,"EventId":{"Id":103,"Name":"ActionMethodExecuted"},"SourceContext":"Microsoft.AspNetCore.Mvc.Infrastructure.ControllerActionInvoker","ActionId":"7671d66d-8121-479c-a627-caf80d358488","RequestId":"0HNNBDGCN5SRG","RequestPath":"/internal/v1/points/freeze","Application":"leno-review-api","Environment":"Development","TraceId":"2b77663b14f12f0d8f48c66479f1c831","SpanId":"3b60b94df5526fdc"}}&#xD;
{"Timestamp":"2026-07-27T07:17:44.9853293+08:00","Level":"Information","MessageTemplate":"Executed action method {ActionName}, returned result {ActionResult} in {ElapsedMilliseconds}ms.","TraceId":"3952bf16d445d7ffc47e0e4ca3c3e89a","SpanId":"83c85c9557c67adb","Properties":{"ActionName":"Leno.Identity.Api.Controllers.AuthController.LoginAsync (Leno.Identity.Api)","ActionResult":"Microsoft.AspNetCore.Mvc.OkObjectResult","ElapsedMilliseconds":0.66,"EventId":{"Id":103,"Name":"ActionMethodExecuted"},"SourceContext":"Microsoft.AspNetCore.Mvc.Infrastructure.ControllerActionInvoker","ActionId":"a82ab60d-f49d-437e-990f-9a5147891f14","RequestId":"0HNNBDGCN5SRE","RequestPath":"/api/auth/login","Application":"leno-review-api","Environment":"Development","TraceId":"3952bf16d445d7ffc47e0e4ca3c3e89a","SpanId":"83c85c9557c67adb"}}&#xD;
{"Timestamp":"2026-07-27T07:17:44.9853507+08:00","Level":"Information","MessageTemplate":"Executing {ObjectResultType}, writing value of type '{Type}'.","TraceId":"b5feea1b434c0f18cf1c388595f1189d","SpanId":"953b1d8c4578fd87","Properties":{"ObjectResultType":"OkObjectResult","Type":"Leno.SharedContracts.Responses.ApiResponse`1[[System.Collections.Generic.List`1[[Leno.Membership.Application.DTOs.MembershipPackageDto, Leno.Membership.Application, Version=1.0.0.0, Culture=neutral, PublicKeyToken=null]], System.Private.CoreLib, Version=10.0.0.0, Culture=neutral, PublicKeyToken=7cec85d7bea7798e]]","EventId":{"Id":1,"Name":"ObjectResultExecuting"},"SourceContext":"Microsoft.AspNetCore.Mvc.Infrastructure.ObjectResultExecutor","ActionId":"7d34b50c-f9ca-4b48-a845-5714b479c40e","ActionName":"Leno.Membership.Api.Controllers.MembershipPackagesController.ListAsync (Leno.Membership.Api)","RequestId":"0HNNBDGCN5SRD","RequestPath":"/api/membership-packages","Application":"leno-review-api","Environment":"Development","TraceId":"b5feea1b434c0f18cf1c388595f1189d","SpanId":"953b1d8c4578fd87"}}&#xD;
{"Timestamp":"2026-07-27T07:17:44.9853572+08:00","Level":"Information","MessageTemplate":"Executing {ObjectResultType}, writing value of type '{Type}'.","TraceId":"0c7557ce16955d6f1e9d20dc26128689","SpanId":"5b288426df5c45a2","Properties":{"ObjectResultType":"OkObjectResult","Type":"Leno.SharedContracts.Responses.ApiResponse`1[[Leno.Review.Application.DTOs.ReviewListResultDto, Leno.Review.Application, Version=1.0.0.0, Culture=neutral, PublicKeyToken=null]]","EventId":{"Id":1,"Name":"ObjectResultExecuting"},"SourceContext":"Microsoft.AspNetCore.Mvc.Infrastructure.ObjectResultExecutor","ActionId":"abc0b9fb-dcb1-4d21-aec5-c4ccef279c3d","ActionName":"Leno.Review.Api.Controllers.ProductReviewsController.GetReviewsBySpuAsync (Leno.Review.Api)","RequestId":"0HNNBDGCN5SRF","RequestPath":"/api/products/7d9181bb-11c2-4a3c-8277-e49db1e39710/reviews","Application":"leno-review-api","Environment":"Development","TraceId":"0c7557ce16955d6f1e9d20dc26128689","SpanId":"5b288426df5c45a2"}}&#xD;
{"Timestamp":"2026-07-27T07:17:44.9860838+08:00","Level":"Information","MessageTemplate":"Executing {ObjectResultType}, writing value of type '{Type}'.","TraceId":"2b77663b14f12f0d8f48c66479f1c831","SpanId":"3b60b94df5526fdc","Properties":{"ObjectResultType":"OkObjectResult","Type":"Leno.SharedContracts.Responses.ApiResponse`1[[Leno.Points.Application.DTOs.FreezeResultDto, Leno.Points.Application, Version=1.0.0.0, Culture=neutral, PublicKeyToken=null]]","EventId":{"Id":1,"Name":"ObjectResultExecuting"},"SourceContext":"Microsoft.AspNetCore.Mvc.Infrastructure.ObjectResultExecutor","ActionId":"7671d66d-8121-479c-a627-caf80d358488","ActionName":"Leno.Points.Api.Controllers.InternalPointsController.FreezeAsync (Leno.Points.Api)","RequestId":"0HNNBDGCN5SRG","RequestPath":"/internal/v1/points/freeze","Application":"leno-review-api","Environment":"Development","TraceId":"2b77663b14f12f0d8f48c66479f1c831","SpanId":"3b60b94df5526fdc"}}&#xD;
{"Timestamp":"2026-07-27T07:17:44.9860838+08:00","Level":"Information","MessageTemplate":"Executing {ObjectResultType}, writing value of type '{Type}'.","TraceId":"3952bf16d445d7ffc47e0e4ca3c3e89a","SpanId":"83c85c9557c67adb","Properties":{"ObjectResultType":"OkObjectResult","Type":"Leno.SharedContracts.Responses.ApiResponse`1[[Leno.Identity.Application.DTOs.TokenDto, Leno.Identity.Application, Version=1.0.0.0, Culture=neutral, PublicKeyToken=null]]","EventId":{"Id":1,"Name":"ObjectResultExecuting"},"SourceContext":"Microsoft.AspNetCore.Mvc.Infrastructure.ObjectResultExecutor","ActionId":"a82ab60d-f49d-437e-990f-9a5147891f14","ActionName":"Leno.Identity.Api.Controllers.AuthController.LoginAsync (Leno.Identity.Api)","RequestId":"0HNNBDGCN5SRE","RequestPath":"/api/auth/login","Application":"leno-review-api","Environment":"Development","TraceId":"3952bf16d445d7ffc47e0e4ca3c3e89a","SpanId":"83c85c9557c67adb"}}&#xD;
{"Timestamp":"2026-07-27T07:17:44.9961366+08:00","Level":"Information","MessageTemplate":"Executed action {ActionName} in {ElapsedMilliseconds}ms","TraceId":"2b77663b14f12f0d8f48c66479f1c831","SpanId":"3b60b94df5526fdc","Properties":{"ActionName":"Leno.Points.Api.Controllers.InternalPointsController.FreezeAsync (Leno.Points.Api)","ElapsedMilliseconds":26.4746,"EventId":{"Id":105,"Name":"ActionExecuted"},"SourceContext":"Microsoft.AspNetCore.Mvc.Infrastructure.ControllerActionInvoker","RequestId":"0HNNBDGCN5SRG","RequestPath":"/internal/v1/points/freeze","Application":"leno-review-api","Environment":"Development","TraceId":"2b77663b14f12f0d8f48c66479f1c831","SpanId":"3b60b94df5526fdc"}}&#xD;
{"Timestamp":"2026-07-27T07:17:44.9961338+08:00","Level":"Information","MessageTemplate":"Executed action {ActionName} in {ElapsedMilliseconds}ms","TraceId":"3952bf16d445d7ffc47e0e4ca3c3e89a","SpanId":"83c85c9557c67adb","Properties":{"ActionName":"Leno.Identity.Api.Controllers.AuthController.LoginAsync (Leno.Identity.Api)","ElapsedMilliseconds":26.4721,"EventId":{"Id":105,"Name":"ActionExecuted"},"SourceContext":"Microsoft.AspNetCore.Mvc.Infrastructure.ControllerActionInvoker","RequestId":"0HNNBDGCN5SRE","RequestPath":"/api/auth/login","Application":"leno-review-api","Environment":"Development","TraceId":"3952bf16d445d7ffc47e0e4ca3c3e89a","SpanId":"83c85c9557c67adb"}}&#xD;
{"Timestamp":"2026-07-27T07:17:44.9963522+08:00","Level":"Information","MessageTemplate":"Executed endpoint '{EndpointName}'","TraceId":"2b77663b14f12f0d8f48c66479f1c831","SpanId":"3b60b94df5526fdc","Properties":{"EndpointName":"Leno.Points.Api.Controllers.InternalPointsController.FreezeAsync (Leno.Points.Api)","EventId":{"Id":1,"Name":"ExecutedEndpoint"},"SourceContext":"Microsoft.AspNetCore.Routing.EndpointMiddleware","RequestId":"0HNNBDGCN5SRG","RequestPath":"/internal/v1/points/freeze","Application":"leno-review-api","Environment":"Development","TraceId":"2b77663b14f12f0d8f48c66479f1c831","SpanId":"3b60b94df5526fdc"}}&#xD;
{"Timestamp":"2026-07-27T07:17:44.9963542+08:00","Level":"Information","MessageTemplate":"Executed endpoint '{EndpointName}'","TraceId":"3952bf16d445d7ffc47e0e4ca3c3e89a","SpanId":"83c85c9557c67adb","Properties":{"EndpointName":"Leno.Identity.Api.Controllers.AuthController.LoginAsync (Leno.Identity.Api)","EventId":{"Id":1,"Name":"ExecutedEndpoint"},"SourceContext":"Microsoft.AspNetCore.Routing.EndpointMiddleware","RequestId":"0HNNBDGCN5SRE","RequestPath":"/api/auth/login","Application":"leno-review-api","Environment":"Development","TraceId":"3952bf16d445d7ffc47e0e4ca3c3e89a","SpanId":"83c85c9557c67adb"}}&#xD;
{"Timestamp":"2026-07-27T07:17:44.9987925+08:00","Level":"Information","MessageTemplate":"Request finished {Protocol} {Method} {Scheme}://{Host}{PathBase}{Path}{QueryString} - {StatusCode} {ContentLength} {ContentType} {ElapsedMilliseconds}ms","TraceId":"3952bf16d445d7ffc47e0e4ca3c3e89a","SpanId":"83c85c9557c67adb","Properties":{"ElapsedMilliseconds":88.6919,"StatusCode":200,"ContentType":"application/json; charset=utf-8","ContentLength":null,"Protocol":"HTTP/1.1","Method":"POST","Scheme":"http","Host":"localhost","PathBase":"","Path":"/api/auth/login","QueryString":"","EventId":{"Id":2},"SourceContext":"Microsoft.AspNetCore.Hosting.Diagnostics","RequestId":"0HNNBDGCN5SRE","RequestPath":"/api/auth/login","Application":"leno-review-api","Environment":"Development","TraceId":"3952bf16d445d7ffc47e0e4ca3c3e89a","SpanId":"83c85c9557c67adb"}}&#xD;
{"Timestamp":"2026-07-27T07:17:44.9987877+08:00","Level":"Information","MessageTemplate":"Request finished {Protocol} {Method} {Scheme}://{Host}{PathBase}{Path}{QueryString} - {StatusCode} {ContentLength} {ContentType} {ElapsedMilliseconds}ms","TraceId":"2b77663b14f12f0d8f48c66479f1c831","SpanId":"3b60b94df5526fdc","Properties":{"ElapsedMilliseconds":72.7596,"StatusCode":200,"ContentType":"application/json; charset=utf-8","ContentLength":null,"Protocol":"HTTP/1.1","Method":"POST","Scheme":"http","Host":"localhost","PathBase":"","Path":"/internal/v1/points/freeze","QueryString":"","EventId":{"Id":2},"SourceContext":"Microsoft.AspNetCore.Hosting.Diagnostics","RequestId":"0HNNBDGCN5SRG","RequestPath":"/internal/v1/points/freeze","Application":"leno-review-api","Environment":"Development","TraceId":"2b77663b14f12f0d8f48c66479f1c831","SpanId":"3b60b94df5526fdc"}}&#xD;
{"Timestamp":"2026-07-27T07:17:45.0073752+08:00","Level":"Information","MessageTemplate":"Executed action {ActionName} in {ElapsedMilliseconds}ms","TraceId":"b5feea1b434c0f18cf1c388595f1189d","SpanId":"953b1d8c4578fd87","Properties":{"ActionName":"Leno.Membership.Api.Controllers.MembershipPackagesController.ListAsync (Leno.Membership.Api)","ElapsedMilliseconds":40.7228,"EventId":{"Id":105,"Name":"ActionExecuted"},"SourceContext":"Microsoft.AspNetCore.Mvc.Infrastructure.ControllerActionInvoker","RequestId":"0HNNBDGCN5SRD","RequestPath":"/api/membership-packages","Application":"leno-review-api","Environment":"Development","TraceId":"b5feea1b434c0f18cf1c388595f1189d","SpanId":"953b1d8c4578fd87"}}&#xD;
{"Timestamp":"2026-07-27T07:17:45.0074998+08:00","Level":"Information","MessageTemplate":"Executed endpoint '{EndpointName}'","TraceId":"b5feea1b434c0f18cf1c388595f1189d","SpanId":"953b1d8c4578fd87","Properties":{"EndpointName":"Leno.Membership.Api.Controllers.MembershipPackagesController.ListAsync (Leno.Membership.Api)","EventId":{"Id":1,"Name":"ExecutedEndpoint"},"SourceContext":"Microsoft.AspNetCore.Routing.EndpointMiddleware","RequestId":"0HNNBDGCN5SRD","RequestPath":"/api/membership-packages","Application":"leno-review-api","Environment":"Development","TraceId":"b5feea1b434c0f18cf1c388595f1189d","SpanId":"953b1d8c4578fd87"}}&#xD;
{"Timestamp":"2026-07-27T07:17:45.0077462+08:00","Level":"Information","MessageTemplate":"Request finished {Protocol} {Method} {Scheme}://{Host}{PathBase}{Path}{QueryString} - {StatusCode} {ContentLength} {ContentType} {ElapsedMilliseconds}ms","TraceId":"b5feea1b434c0f18cf1c388595f1189d","SpanId":"953b1d8c4578fd87","Properties":{"ElapsedMilliseconds":97.9268,"StatusCode":200,"ContentType":"application/json; charset=utf-8","ContentLength":null,"Protocol":"HTTP/1.1","Method":"GET","Scheme":"http","Host":"localhost","PathBase":"","Path":"/api/membership-packages","QueryString":"","EventId":{"Id":2},"SourceContext":"Microsoft.AspNetCore.Hosting.Diagnostics","RequestId":"0HNNBDGCN5SRD","RequestPath":"/api/membership-packages","Application":"leno-review-api","Environment":"Development","TraceId":"b5feea1b434c0f18cf1c388595f1189d","SpanId":"953b1d8c4578fd87"}}&#xD;
{"Timestamp":"2026-07-27T07:17:45.0124825+08:00","Level":"Information","MessageTemplate":"Executed action {ActionName} in {ElapsedMilliseconds}ms","TraceId":"0c7557ce16955d6f1e9d20dc26128689","SpanId":"5b288426df5c45a2","Properties":{"ActionName":"Leno.Review.Api.Controllers.ProductReviewsController.GetReviewsBySpuAsync (Leno.Review.Api)","ElapsedMilliseconds":45.8455,"EventId":{"Id":105,"Name":"ActionExecuted"},"SourceContext":"Microsoft.AspNetCore.Mvc.Infrastructure.ControllerActionInvoker","RequestId":"0HNNBDGCN5SRF","RequestPath":"/api/products/7d9181bb-11c2-4a3c-8277-e49db1e39710/reviews","Application":"leno-review-api","Environment":"Development","TraceId":"0c7557ce16955d6f1e9d20dc26128689","SpanId":"5b288426df5c45a2"}}&#xD;
{"Timestamp":"2026-07-27T07:17:45.0126575+08:00","Level":"Information","MessageTemplate":"Executed endpoint '{EndpointName}'","TraceId":"0c7557ce16955d6f1e9d20dc26128689","SpanId":"5b288426df5c45a2","Properties":{"EndpointName":"Leno.Review.Api.Controllers.ProductReviewsController.GetReviewsBySpuAsync (Leno.Review.Api)","EventId":{"Id":1,"Name":"ExecutedEndpoint"},"SourceContext":"Microsoft.AspNetCore.Routing.EndpointMiddleware","RequestId":"0HNNBDGCN5SRF","RequestPath":"/api/products/7d9181bb-11c2-4a3c-8277-e49db1e39710/reviews","Application":"leno-review-api","Environment":"Development","TraceId":"0c7557ce16955d6f1e9d20dc26128689","SpanId":"5b288426df5c45a2"}}&#xD;
{"Timestamp":"2026-07-27T07:17:45.0129049+08:00","Level":"Information","MessageTemplate":"Request finished {Protocol} {Method} {Scheme}://{Host}{PathBase}{Path}{QueryString} - {StatusCode} {ContentLength} {ContentType} {ElapsedMilliseconds}ms","TraceId":"0c7557ce16955d6f1e9d20dc26128689","SpanId":"5b288426df5c45a2","Properties":{"ElapsedMilliseconds":103.0309,"StatusCode":200,"ContentType":"application/json; charset=utf-8","ContentLength":null,"Protocol":"HTTP/1.1","Method":"GET","Scheme":"http","Host":"localhost","PathBase":"","Path":"/api/products/7d9181bb-11c2-4a3c-8277-e49db1e39710/reviews","QueryString":"?page=1&amp;pageSize=20","EventId":{"Id":2},"SourceContext":"Microsoft.AspNetCore.Hosting.Diagnostics","RequestId":"0HNNBDGCN5SRF","RequestPath":"/api/products/7d9181bb-11c2-4a3c-8277-e49db1e39710/reviews","Application":"leno-review-api","Environment":"Development","TraceId":"0c7557ce16955d6f1e9d20dc26128689","SpanId":"5b288426df5c45a2"}}&#xD;
{"Timestamp":"2026-07-27T07:17:45.0259222+08:00","Level":"Information","MessageTemplate":"Request starting {Protocol} {Method} {Scheme}://{Host}{PathBase}{Path}{QueryString} - {ContentType} {ContentLength}","TraceId":"e5d6eb73a522a4f860a04f0d90d4394b","SpanId":"b33f85691e23e788","Properties":{"Protocol":"HTTP/1.1","Method":"POST","ContentType":"application/json; charset=utf-8","ContentLength":111,"Scheme":"http","Host":"localhost","PathBase":"","Path":"/internal/v1/points/freeze","QueryString":"","EventId":{"Id":1},"SourceContext":"Microsoft.AspNetCore.Hosting.Diagnostics","RequestId":"0HNNBDGCN5SRH","RequestPath":"/internal/v1/points/freeze","Application":"leno-review-api","Environment":"Development","TraceId":"e5d6eb73a522a4f860a04f0d90d4394b","SpanId":"b33f85691e23e788"}}&#xD;
{"Timestamp":"2026-07-27T07:17:45.0273548+08:00","Level":"Information","MessageTemplate":"Request starting {Protocol} {Method} {Scheme}://{Host}{PathBase}{Path}{QueryString} - {ContentType} {ContentLength}","TraceId":"84237838cf2b7eb6804954f92c4ab9a3","SpanId":"a71ecbd6ed47efdb","Properties":{"Protocol":"HTTP/1.1","Method":"GET","ContentType":null,"ContentLength":null,"Scheme":"http","Host":"localhost","PathBase":"","Path":"/api/membershippackages","QueryString":"","EventId":{"Id":1},"SourceContext":"Microsoft.AspNetCore.Hosting.Diagnostics","RequestId":"0HNNBDGCN5SRI","RequestPath":"/api/membershippackages","Application":"leno-review-api","Environment":"Development","TraceId":"84237838cf2b7eb6804954f92c4ab9a3","SpanId":"a71ecbd6ed47efdb"}}&#xD;
{"Timestamp":"2026-07-27T07:17:45.0274367+08:00","Level":"Warning","MessageTemplate":"�ڲ���Ȩʧ�� Path={Path}","TraceId":"e5d6eb73a522a4f860a04f0d90d4394b","SpanId":"b33f85691e23e788","Properties":{"Path":"/internal/v1/points/freeze","SourceContext":"Leno.Infrastructure.Middleware.InternalApiKeyMiddleware","RequestId":"0HNNBDGCN5SRH","RequestPath":"/internal/v1/points/freeze","Application":"leno-review-api","Environment":"Development","TraceId":"e5d6eb73a522a4f860a04f0d90d4394b","SpanId":"b33f85691e23e788"}}&#xD;
{"Timestamp":"2026-07-27T07:17:45.0290934+08:00","Level":"Information","MessageTemplate":"Request finished {Protocol} {Method} {Scheme}://{Host}{PathBase}{Path}{QueryString} - {StatusCode} {ContentLength} {ContentType} {ElapsedMilliseconds}ms","TraceId":"84237838cf2b7eb6804954f92c4ab9a3","SpanId":"a71ecbd6ed47efdb","Properties":{"ElapsedMilliseconds":1.8076,"StatusCode":404,"ContentType":null,"ContentLength":null,"Protocol":"HTTP/1.1","Method":"GET","Scheme":"http","Host":"localhost","PathBase":"","Path":"/api/membershippackages","QueryString":"","EventId":{"Id":2},"SourceContext":"Microsoft.AspNetCore.Hosting.Diagnostics","RequestId":"0HNNBDGCN5SRI","RequestPath":"/api/membershippackages","Application":"leno-review-api","Environment":"Development","TraceId":"84237838cf2b7eb6804954f92c4ab9a3","SpanId":"a71ecbd6ed47efdb"}}&#xD;
{"Timestamp":"2026-07-27T07:17:45.0295461+08:00","Level":"Information","MessageTemplate":"Request reached the end of the middleware pipeline without being handled by application code. Request path: {Method} {Scheme}://{Host}{PathBase}{Path}, Response status code: {StatusCode}","TraceId":"84237838cf2b7eb6804954f92c4ab9a3","SpanId":"a71ecbd6ed47efdb","Properties":{"Method":"GET","Scheme":"http","Host":"localhost","PathBase":"","Path":"/api/membershippackages","StatusCode":404,"EventId":{"Id":16},"SourceContext":"Microsoft.AspNetCore.Hosting.Diagnostics","RequestId":"0HNNBDGCN5SRI","RequestPath":"/api/membershippackages","Application":"leno-review-api","Environment":"Development","TraceId":"84237838cf2b7eb6804954f92c4ab9a3","SpanId":"a71ecbd6ed47efdb"}}&#xD;
{"Timestamp":"2026-07-27T07:17:45.0305510+08:00","Level":"Information","MessageTemplate":"Request finished {Protocol} {Method} {Scheme}://{Host}{PathBase}{Path}{QueryString} - {StatusCode} {ContentLength} {ContentType} {ElapsedMilliseconds}ms","TraceId":"e5d6eb73a522a4f860a04f0d90d4394b","SpanId":"b33f85691e23e788","Properties":{"ElapsedMilliseconds":4.7267,"StatusCode":401,"ContentType":"application/json; charset=utf-8","ContentLength":null,"Protocol":"HTTP/1.1","Method":"POST","Scheme":"http","Host":"localhost","PathBase":"","Path":"/internal/v1/points/freeze","QueryString":"","EventId":{"Id":2},"SourceContext":"Microsoft.AspNetCore.Hosting.Diagnostics","RequestId":"0HNNBDGCN5SRH","RequestPath":"/internal/v1/points/freeze","Application":"leno-review-api","Environment":"Development","TraceId":"e5d6eb73a522a4f860a04f0d90d4394b","SpanId":"b33f85691e23e788"}}&#xD;
{"Timestamp":"2026-07-27T07:17:45.0308814+08:00","Level":"Information","MessageTemplate":"Request starting {Protocol} {Method} {Scheme}://{Host}{PathBase}{Path}{QueryString} - {ContentType} {ContentLength}","TraceId":"cdfc5a4872b4849da7ddbb1340f37e60","SpanId":"728dcdd453b6007d","Properties":{"Protocol":"HTTP/1.1","Method":"POST","ContentType":"application/json; charset=utf-8","ContentLength":111,"Scheme":"http","Host":"localhost","PathBase":"","Path":"/internal/v1/points/freeze","QueryString":"","EventId":{"Id":1},"SourceContext":"Microsoft.AspNetCore.Hosting.Diagnostics","RequestId":"0HNNBDGCN5SRJ","RequestPath":"/internal/v1/points/freeze","Application":"leno-review-api","Environment":"Development","TraceId":"cdfc5a4872b4849da7ddbb1340f37e60","SpanId":"728dcdd453b6007d"}}&#xD;
{"Timestamp":"2026-07-27T07:17:45.0310296+08:00","Level":"Warning","MessageTemplate":"�ڲ���Ȩʧ�� Path={Path}","TraceId":"cdfc5a4872b4849da7ddbb1340f37e60","SpanId":"728dcdd453b6007d","Properties":{"Path":"/internal/v1/points/freeze","SourceContext":"Leno.Infrastructure.Middleware.InternalApiKeyMiddleware","RequestId":"0HNNBDGCN5SRJ","RequestPath":"/internal/v1/points/freeze","Application":"leno-review-api","Environment":"Development","TraceId":"cdfc5a4872b4849da7ddbb1340f37e60","SpanId":"728dcdd453b6007d"}}&#xD;
{"Timestamp":"2026-07-27T07:17:45.0312907+08:00","Level":"Information","MessageTemplate":"Request finished {Protocol} {Method} {Scheme}://{Host}{PathBase}{Path}{QueryString} - {StatusCode} {ContentLength} {ContentType} {ElapsedMilliseconds}ms","TraceId":"cdfc5a4872b4849da7ddbb1340f37e60","SpanId":"728dcdd453b6007d","Properties":{"ElapsedMilliseconds":0.4921,"StatusCode":401,"ContentType":"application/json; charset=utf-8","ContentLength":null,"Protocol":"HTTP/1.1","Method":"POST","Scheme":"http","Host":"localhost","PathBase":"","Path":"/internal/v1/points/freeze","QueryString":"","EventId":{"Id":2},"SourceContext":"Microsoft.AspNetCore.Hosting.Diagnostics","RequestId":"0HNNBDGCN5SRJ","RequestPath":"/internal/v1/points/freeze","Application":"leno-review-api","Environment":"Development","TraceId":"cdfc5a4872b4849da7ddbb1340f37e60","SpanId":"728dcdd453b6007d"}}&#xD;
{"Timestamp":"2026-07-27T07:17:45.0404146+08:00","Level":"Information","MessageTemplate":"Application is shutting down...","Properties":{"SourceContext":"Microsoft.Hosting.Lifetime","Application":"leno-review-api","Environment":"Development"}}&#xD;
{"Timestamp":"2026-07-27T07:17:45.0404120+08:00","Level":"Information","MessageTemplate":"Application is shutting down...","Properties":{"SourceContext":"Microsoft.Hosting.Lifetime","Application":"leno-review-api","Environment":"Development"}}&#xD;
{"Timestamp":"2026-07-27T07:17:45.0404133+08:00","Level":"Information","MessageTemplate":"Application is shutting down...","Properties":{"SourceContext":"Microsoft.Hosting.Lifetime","Application":"leno-review-api","Environment":"Development"}}&#xD;
{"Timestamp":"2026-07-27T07:17:45.0404144+08:00","Level":"Information","MessageTemplate":"Application is shutting down...","Properties":{"SourceContext":"Microsoft.Hosting.Lifetime","Application":"leno-review-api","Environment":"Development"}}&#xD;
{"Timestamp":"2026-07-27T07:17:45.0425159+08:00","Level":"Information","MessageTemplate":"ConsulConfigWatcher �˳�","Properties":{"SourceContext":"Leno.Infrastructure.Configuration.ConsulConfigWatcher","Application":"leno-review-api","Environment":"Development"}}&#xD;
{"Timestamp":"2026-07-27T07:17:49.1475741+08:00","Level":"Warning","MessageTemplate":"Failed to deregister service {ServiceId} from Consul","Exception":"System.Net.Http.HttpRequestException: ����Ŀ�����������ܾ����޷����ӡ� (localhost:8500)\r\n ---&gt; System.Net.Sockets.SocketException (10061): ����Ŀ�����������ܾ����޷����ӡ�\r\n   at System.Net.Sockets.Socket.AwaitableSocketAsyncEventArgs.ThrowException(SocketError error, CancellationToken cancellationToken)\r\n   at System.Net.Sockets.Socket.AwaitableSocketAsyncEventArgs.System.Threading.Tasks.Sources.IValueTaskSource.GetResult(Int16 token)\r\n   at System.Net.Http.HttpConnectionPool.ConnectToTcpHostAsync(String host, Int32 port, HttpRequestMessage initialRequest, Boolean async, CancellationToken cancellationToken)\r\n   --- End of inner exception stack trace ---\r\n   at System.Net.Http.HttpConnectionPool.ConnectToTcpHostAsync(String host, Int32 port, HttpRequestMessage initialRequest, Boolean async, CancellationToken cancellationToken)\r\n   at System.Net.Http.HttpConnectionPool.ConnectAsync(HttpRequestMessage request, Boolean async, CancellationToken cancellationToken)\r\n   at System.Net.Http.HttpConnectionPool.CreateHttp11ConnectionAsync(HttpRequestMessage request, Boolean async, CancellationToken cancellationToken)\r\n   at System.Net.Http.HttpConnectionPool.InjectNewHttp11ConnectionAsync(QueueItem queueItem)\r\n   at System.Threading.Tasks.TaskCompletionSourceWithCancellation`1.WaitWithCancellationAsync(CancellationToken cancellationToken)\r\n   at System.Net.Http.HttpConnectionWaiter`1.WaitForConnectionWithTelemetryAsync(HttpRequestMessage request, HttpConnectionPool pool, Boolean async, CancellationToken requestCancellationToken)\r\n   at System.Net.Http.HttpConnectionPool.SendWithVersionDetectionAndRetryAsync(HttpRequestMessage request, Boolean async, Boolean doRequestAuth, CancellationToken cancellationToken)\r\n   at System.Net.Http.Metrics.MetricsHandler.SendAsyncWithMetrics(HttpRequestMessage request, Boolean async, CancellationToken cancellationToken)\r\n   at System.Net.Http.DiagnosticsHandler.SendAsyncCore(HttpRequestMessage request, Boolean async, CancellationToken cancellationToken)\r\n   at System.Net.Http.RedirectHandler.SendAsync(HttpRequestMessage request, Boolean async, CancellationToken cancellationToken)\r\n   at System.Net.Http.HttpClient.&lt;SendAsync&gt;g__Core|83_0(HttpRequestMessage request, HttpCompletionOption completionOption, CancellationTokenSource cts, Boolean disposeCts, CancellationTokenSource pendingRequestsCts, CancellationToken originalCancellationToken)\r\n   at Consul.PutNothingRequest.Execute(CancellationToken ct) in D:\\a\\consuldotnet\\consuldotnet\\Consul\\Client_PutRequests.cs:line 144\r\n   at Leno.Infrastructure.ServiceDiscovery.ConsulServiceRegistrationHostedService.StopAsync(CancellationToken cancellationToken) in E:\\Leno\\src\\BuildingBlocks\\Leno.Infrastructure\\ServiceDiscovery\\ConsulServiceRegistrationExtensions.cs:line 92","Properties":{"ServiceId":"leno-identity-api-DESKTOP-8HKHSKP-8083","SourceContext":"Leno.Infrastructure.ServiceDiscovery.ConsulServiceRegistrationHostedService","Application":"leno-review-api","Environment":"Development"}}&#xD;
{"Timestamp":"2026-07-27T07:17:49.1475831+08:00","Level":"Warning","MessageTemplate":"Failed to deregister service {ServiceId} from Consul","Exception":"System.Net.Http.HttpRequestException: ����Ŀ�����������ܾ����޷����ӡ� (localhost:8500)\r\n ---&gt; System.Net.Sockets.SocketException (10061): ����Ŀ�����������ܾ����޷����ӡ�\r\n   at System.Net.Sockets.Socket.AwaitableSocketAsyncEventArgs.ThrowException(SocketError error, CancellationToken cancellationToken)\r\n   at System.Net.Sockets.Socket.AwaitableSocketAsyncEventArgs.System.Threading.Tasks.Sources.IValueTaskSource.GetResult(Int16 token)\r\n   at System.Net.Http.HttpConnectionPool.ConnectToTcpHostAsync(String host, Int32 port, HttpRequestMessage initialRequest, Boolean async, CancellationToken cancellationToken)\r\n   --- End of inner exception stack trace ---\r\n   at System.Net.Http.HttpConnectionPool.ConnectToTcpHostAsync(String host, Int32 port, HttpRequestMessage initialRequest, Boolean async, CancellationToken cancellationToken)\r\n   at System.Net.Http.HttpConnectionPool.ConnectAsync(HttpRequestMessage request, Boolean async, CancellationToken cancellationToken)\r\n   at System.Net.Http.HttpConnectionPool.CreateHttp11ConnectionAsync(HttpRequestMessage request, Boolean async, CancellationToken cancellationToken)\r\n   at System.Net.Http.HttpConnectionPool.InjectNewHttp11ConnectionAsync(QueueItem queueItem)\r\n   at System.Threading.Tasks.TaskCompletionSourceWithCancellation`1.WaitWithCancellationAsync(CancellationToken cancellationToken)\r\n   at System.Net.Http.HttpConnectionWaiter`1.WaitForConnectionWithTelemetryAsync(HttpRequestMessage request, HttpConnectionPool pool, Boolean async, CancellationToken requestCancellationToken)\r\n   at System.Net.Http.HttpConnectionPool.SendWithVersionDetectionAndRetryAsync(HttpRequestMessage request, Boolean async, Boolean doRequestAuth, CancellationToken cancellationToken)\r\n   at System.Net.Http.Metrics.MetricsHandler.SendAsyncWithMetrics(HttpRequestMessage request, Boolean async, CancellationToken cancellationToken)\r\n   at System.Net.Http.DiagnosticsHandler.SendAsyncCore(HttpRequestMessage request, Boolean async, CancellationToken cancellationToken)\r\n   at System.Net.Http.RedirectHandler.SendAsync(HttpRequestMessage request, Boolean async, CancellationToken cancellationToken)\r\n   at System.Net.Http.HttpClient.&lt;SendAsync&gt;g__Core|83_0(HttpRequestMessage request, HttpCompletionOption completionOption, CancellationTokenSource cts, Boolean disposeCts, CancellationTokenSource pendingRequestsCts, CancellationToken originalCancellationToken)\r\n   at Consul.PutNothingRequest.Execute(CancellationToken ct) in D:\\a\\consuldotnet\\consuldotnet\\Consul\\Client_PutRequests.cs:line 144\r\n   at Leno.Infrastructure.ServiceDiscovery.ConsulServiceRegistrationHostedService.StopAsync(CancellationToken cancellationToken) in E:\\Leno\\src\\BuildingBlocks\\Leno.Infrastructure\\ServiceDiscovery\\ConsulServiceRegistrationExtensions.cs:line 92","Properties":{"ServiceId":"leno-review-api-DESKTOP-8HKHSKP-8080","SourceContext":"Leno.Infrastructure.ServiceDiscovery.ConsulServiceRegistrationHostedService","Application":"leno-review-api","Environment":"Development"}}&#xD;
{"Timestamp":"2026-07-27T07:17:49.1475768+08:00","Level":"Warning","MessageTemplate":"Failed to deregister service {ServiceId} from Consul","Exception":"System.Net.Http.HttpRequestException: ����Ŀ�����������ܾ����޷����ӡ� (localhost:8500)\r\n ---&gt; System.Net.Sockets.SocketException (10061): ����Ŀ�����������ܾ����޷����ӡ�\r\n   at System.Net.Sockets.Socket.AwaitableSocketAsyncEventArgs.ThrowException(SocketError error, CancellationToken cancellationToken)\r\n   at System.Net.Sockets.Socket.AwaitableSocketAsyncEventArgs.System.Threading.Tasks.Sources.IValueTaskSource.GetResult(Int16 token)\r\n   at System.Net.Http.HttpConnectionPool.ConnectToTcpHostAsync(String host, Int32 port, HttpRequestMessage initialRequest, Boolean async, CancellationToken cancellationToken)\r\n   --- End of inner exception stack trace ---\r\n   at System.Net.Http.HttpConnectionPool.ConnectToTcpHostAsync(String host, Int32 port, HttpRequestMessage initialRequest, Boolean async, CancellationToken cancellationToken)\r\n   at System.Net.Http.HttpConnectionPool.ConnectAsync(HttpRequestMessage request, Boolean async, CancellationToken cancellationToken)\r\n   at System.Net.Http.HttpConnectionPool.CreateHttp11ConnectionAsync(HttpRequestMessage request, Boolean async, CancellationToken cancellationToken)\r\n   at System.Net.Http.HttpConnectionPool.InjectNewHttp11ConnectionAsync(QueueItem queueItem)\r\n   at System.Threading.Tasks.TaskCompletionSourceWithCancellation`1.WaitWithCancellationAsync(CancellationToken cancellationToken)\r\n   at System.Net.Http.HttpConnectionWaiter`1.WaitForConnectionWithTelemetryAsync(HttpRequestMessage request, HttpConnectionPool pool, Boolean async, CancellationToken requestCancellationToken)\r\n   at System.Net.Http.HttpConnectionPool.SendWithVersionDetectionAndRetryAsync(HttpRequestMessage request, Boolean async, Boolean doRequestAuth, CancellationToken cancellationToken)\r\n   at System.Net.Http.Metrics.MetricsHandler.SendAsyncWithMetrics(HttpRequestMessage request, Boolean async, CancellationToken cancellationToken)\r\n   at System.Net.Http.DiagnosticsHandler.SendAsyncCore(HttpRequestMessage request, Boolean async, CancellationToken cancellationToken)\r\n   at System.Net.Http.RedirectHandler.SendAsync(HttpRequestMessage request, Boolean async, CancellationToken cancellationToken)\r\n   at System.Net.Http.HttpClient.&lt;SendAsync&gt;g__Core|83_0(HttpRequestMessage request, HttpCompletionOption completionOption, CancellationTokenSource cts, Boolean disposeCts, CancellationTokenSource pendingRequestsCts, CancellationToken originalCancellationToken)\r\n   at Consul.PutNothingRequest.Execute(CancellationToken ct) in D:\\a\\consuldotnet\\consuldotnet\\Consul\\Client_PutRequests.cs:line 144\r\n   at Leno.Infrastructure.ServiceDiscovery.ConsulServiceRegistrationHostedService.StopAsync(CancellationToken cancellationToken) in E:\\Leno\\src\\BuildingBlocks\\Leno.Infrastructure\\ServiceDiscovery\\ConsulServiceRegistrationExtensions.cs:line 92","Properties":{"ServiceId":"leno-points-api-DESKTOP-8HKHSKP-8080","SourceContext":"Leno.Infrastructure.ServiceDiscovery.ConsulServiceRegistrationHostedService","Application":"leno-review-api","Environment":"Development"}}&#xD;
{"Timestamp":"2026-07-27T07:17:49.1475796+08:00","Level":"Warning","MessageTemplate":"Failed to deregister service {ServiceId} from Consul","Exception":"System.Net.Http.HttpRequestException: ����Ŀ�����������ܾ����޷����ӡ� (localhost:8500)\r\n ---&gt; System.Net.Sockets.SocketException (10061): ����Ŀ�����������ܾ����޷����ӡ�\r\n   at System.Net.Sockets.Socket.AwaitableSocketAsyncEventArgs.ThrowException(SocketError error, CancellationToken cancellationToken)\r\n   at System.Net.Sockets.Socket.AwaitableSocketAsyncEventArgs.System.Threading.Tasks.Sources.IValueTaskSource.GetResult(Int16 token)\r\n   at System.Net.Http.HttpConnectionPool.ConnectToTcpHostAsync(String host, Int32 port, HttpRequestMessage initialRequest, Boolean async, CancellationToken cancellationToken)\r\n   --- End of inner exception stack trace ---\r\n   at System.Net.Http.HttpConnectionPool.ConnectToTcpHostAsync(String host, Int32 port, HttpRequestMessage initialRequest, Boolean async, CancellationToken cancellationToken)\r\n   at System.Net.Http.HttpConnectionPool.ConnectAsync(HttpRequestMessage request, Boolean async, CancellationToken cancellationToken)\r\n   at System.Net.Http.HttpConnectionPool.CreateHttp11ConnectionAsync(HttpRequestMessage request, Boolean async, CancellationToken cancellationToken)\r\n   at System.Net.Http.HttpConnectionPool.InjectNewHttp11ConnectionAsync(QueueItem queueItem)\r\n   at System.Threading.Tasks.TaskCompletionSourceWithCancellation`1.WaitWithCancellationAsync(CancellationToken cancellationToken)\r\n   at System.Net.Http.HttpConnectionWaiter`1.WaitForConnectionWithTelemetryAsync(HttpRequestMessage request, HttpConnectionPool pool, Boolean async, CancellationToken requestCancellationToken)\r\n   at System.Net.Http.HttpConnectionPool.SendWithVersionDetectionAndRetryAsync(HttpRequestMessage request, Boolean async, Boolean doRequestAuth, CancellationToken cancellationToken)\r\n   at System.Net.Http.Metrics.MetricsHandler.SendAsyncWithMetrics(HttpRequestMessage request, Boolean async, CancellationToken cancellationToken)\r\n   at System.Net.Http.DiagnosticsHandler.SendAsyncCore(HttpRequestMessage request, Boolean async, CancellationToken cancellationToken)\r\n   at System.Net.Http.RedirectHandler.SendAsync(HttpRequestMessage request, Boolean async, CancellationToken cancellationToken)\r\n   at System.Net.Http.HttpClient.&lt;SendAsync&gt;g__Core|83_0(HttpRequestMessage request, HttpCompletionOption completionOption, CancellationTokenSource cts, Boolean disposeCts, CancellationTokenSource pendingRequestsCts, CancellationToken originalCancellationToken)\r\n   at Consul.PutNothingRequest.Execute(CancellationToken ct) in D:\\a\\consuldotnet\\consuldotnet\\Consul\\Client_PutRequests.cs:line 144\r\n   at Leno.Infrastructure.ServiceDiscovery.ConsulServiceRegistrationHostedService.StopAsync(CancellationToken cancellationToken) in E:\\Leno\\src\\BuildingBlocks\\Leno.Infrastructure\\ServiceDiscovery\\ConsulServiceRegistrationExtensions.cs:line 92","Properties":{"ServiceId":"leno-review-api-DESKTOP-8HKHSKP-8080","SourceContext":"Leno.Infrastructure.ServiceDiscovery.ConsulServiceRegistrationHostedService","Application":"leno-review-api","Environment":"Development"}}&#xD;
{"Timestamp":"2026-07-27T07:17:49.1475825+08:00","Level":"Warning","MessageTemplate":"Failed to deregister service {ServiceId} from Consul","Exception":"System.Net.Http.HttpRequestException: ����Ŀ�����������ܾ����޷����ӡ� (localhost:8500)\r\n ---&gt; System.Net.Sockets.SocketException (10061): ����Ŀ�����������ܾ����޷����ӡ�\r\n   at System.Net.Sockets.Socket.AwaitableSocketAsyncEventArgs.ThrowException(SocketError error, CancellationToken cancellationToken)\r\n   at System.Net.Sockets.Socket.AwaitableSocketAsyncEventArgs.System.Threading.Tasks.Sources.IValueTaskSource.GetResult(Int16 token)\r\n   at System.Net.Http.HttpConnectionPool.ConnectToTcpHostAsync(String host, Int32 port, HttpRequestMessage initialRequest, Boolean async, CancellationToken cancellationToken)\r\n   --- End of inner exception stack trace ---\r\n   at System.Net.Http.HttpConnectionPool.ConnectToTcpHostAsync(String host, Int32 port, HttpRequestMessage initialRequest, Boolean async, CancellationToken cancellationToken)\r\n   at System.Net.Http.HttpConnectionPool.ConnectAsync(HttpRequestMessage request, Boolean async, CancellationToken cancellationToken)\r\n   at System.Net.Http.HttpConnectionPool.CreateHttp11ConnectionAsync(HttpRequestMessage request, Boolean async, CancellationToken cancellationToken)\r\n   at System.Net.Http.HttpConnectionPool.InjectNewHttp11ConnectionAsync(QueueItem queueItem)\r\n   at System.Threading.Tasks.TaskCompletionSourceWithCancellation`1.WaitWithCancellationAsync(CancellationToken cancellationToken)\r\n   at System.Net.Http.HttpConnectionWaiter`1.WaitForConnectionWithTelemetryAsync(HttpRequestMessage request, HttpConnectionPool pool, Boolean async, CancellationToken requestCancellationToken)\r\n   at System.Net.Http.HttpConnectionPool.SendWithVersionDetectionAndRetryAsync(HttpRequestMessage request, Boolean async, Boolean doRequestAuth, CancellationToken cancellationToken)\r\n   at System.Net.Http.Metrics.MetricsHandler.SendAsyncWithMetrics(HttpRequestMessage request, Boolean async, CancellationToken cancellationToken)\r\n   at System.Net.Http.DiagnosticsHandler.SendAsyncCore(HttpRequestMessage request, Boolean async, CancellationToken cancellationToken)\r\n   at System.Net.Http.RedirectHandler.SendAsync(HttpRequestMessage request, Boolean async, CancellationToken cancellationToken)\r\n   at System.Net.Http.HttpClient.&lt;SendAsync&gt;g__Core|83_0(HttpRequestMessage request, HttpCompletionOption completionOption, CancellationTokenSource cts, Boolean disposeCts, CancellationTokenSource pendingRequestsCts, CancellationToken originalCancellationToken)\r\n   at Consul.PutNothingRequest.Execute(CancellationToken ct) in D:\\a\\consuldotnet\\consuldotnet\\Consul\\Client_PutRequests.cs:line 144\r\n   at Leno.Infrastructure.ServiceDiscovery.ConsulServiceRegistrationHostedService.StopAsync(CancellationToken cancellationToken) in E:\\Leno\\src\\BuildingBlocks\\Leno.Infrastructure\\ServiceDiscovery\\ConsulServiceRegistrationExtensions.cs:line 92","Properties":{"ServiceId":"leno-points-api-DESKTOP-8HKHSKP-8080","SourceContext":"Leno.Infrastructure.ServiceDiscovery.ConsulServiceRegistrationHostedService","Application":"leno-review-api","Environment":"Development"}}&#xD;
{"Timestamp":"2026-07-27T07:17:49.9569120+08:00","Level":"Warning","MessageTemplate":"Failed to deregister service {ServiceId} from Consul","Exception":"System.Net.Http.HttpRequestException: ����Ŀ�����������ܾ����޷����ӡ� (localhost:8500)\r\n ---&gt; System.Net.Sockets.SocketException (10061): ����Ŀ�����������ܾ����޷����ӡ�\r\n   at System.Net.Sockets.Socket.AwaitableSocketAsyncEventArgs.ThrowException(SocketError error, CancellationToken cancellationToken)\r\n   at System.Net.Sockets.Socket.AwaitableSocketAsyncEventArgs.System.Threading.Tasks.Sources.IValueTaskSource.GetResult(Int16 token)\r\n   at System.Net.Http.HttpConnectionPool.ConnectToTcpHostAsync(String host, Int32 port, HttpRequestMessage initialRequest, Boolean async, CancellationToken cancellationToken)\r\n   --- End of inner exception stack trace ---\r\n   at System.Net.Http.HttpConnectionPool.ConnectToTcpHostAsync(String host, Int32 port, HttpRequestMessage initialRequest, Boolean async, CancellationToken cancellationToken)\r\n   at System.Net.Http.HttpConnectionPool.ConnectAsync(HttpRequestMessage request, Boolean async, CancellationToken cancellationToken)\r\n   at System.Net.Http.HttpConnectionPool.CreateHttp11ConnectionAsync(HttpRequestMessage request, Boolean async, CancellationToken cancellationToken)\r\n   at System.Net.Http.HttpConnectionPool.InjectNewHttp11ConnectionAsync(QueueItem queueItem)\r\n   at System.Threading.Tasks.TaskCompletionSourceWithCancellation`1.WaitWithCancellationAsync(CancellationToken cancellationToken)\r\n   at System.Net.Http.HttpConnectionWaiter`1.WaitForConnectionWithTelemetryAsync(HttpRequestMessage request, HttpConnectionPool pool, Boolean async, CancellationToken requestCancellationToken)\r\n   at System.Net.Http.HttpConnectionPool.SendWithVersionDetectionAndRetryAsync(HttpRequestMessage request, Boolean async, Boolean doRequestAuth, CancellationToken cancellationToken)\r\n   at System.Net.Http.Metrics.MetricsHandler.SendAsyncWithMetrics(HttpRequestMessage request, Boolean async, CancellationToken cancellationToken)\r\n   at System.Net.Http.DiagnosticsHandler.SendAsyncCore(HttpRequestMessage request, Boolean async, CancellationToken cancellationToken)\r\n   at System.Net.Http.RedirectHandler.SendAsync(HttpRequestMessage request, Boolean async, CancellationToken cancellationToken)\r\n   at System.Net.Http.HttpClient.&lt;SendAsync&gt;g__Core|83_0(HttpRequestMessage request, HttpCompletionOption completionOption, CancellationTokenSource cts, Boolean disposeCts, CancellationTokenSource pendingRequestsCts, CancellationToken originalCancellationToken)\r\n   at Consul.PutNothingRequest.Execute(CancellationToken ct) in D:\\a\\consuldotnet\\consuldotnet\\Consul\\Client_PutRequests.cs:line 144\r\n   at Leno.Infrastructure.ServiceDiscovery.ConsulServiceRegistrationHostedService.StopAsync(CancellationToken cancellationToken) in E:\\Leno\\src\\BuildingBlocks\\Leno.Infrastructure\\ServiceDiscovery\\ConsulServiceRegistrationExtensions.cs:line 92","Properties":{"ServiceId":"leno-membership-api-DESKTOP-8HKHSKP-8080","SourceContext":"Leno.Infrastructure.ServiceDiscovery.ConsulServiceRegistrationHostedService","Application":"leno-review-api","Environment":"Development"}}&#xD;
{"Timestamp":"2026-07-27T07:17:49.9569121+08:00","Level":"Warning","MessageTemplate":"Failed to deregister service {ServiceId} from Consul","Exception":"System.Net.Http.HttpRequestException: ����Ŀ�����������ܾ����޷����ӡ� (localhost:8500)\r\n ---&gt; System.Net.Sockets.SocketException (10061): ����Ŀ�����������ܾ����޷����ӡ�\r\n   at System.Net.Sockets.Socket.AwaitableSocketAsyncEventArgs.ThrowException(SocketError error, CancellationToken cancellationToken)\r\n   at System.Net.Sockets.Socket.AwaitableSocketAsyncEventArgs.System.Threading.Tasks.Sources.IValueTaskSource.GetResult(Int16 token)\r\n   at System.Net.Http.HttpConnectionPool.ConnectToTcpHostAsync(String host, Int32 port, HttpRequestMessage initialRequest, Boolean async, CancellationToken cancellationToken)\r\n   --- End of inner exception stack trace ---\r\n   at System.Net.Http.HttpConnectionPool.ConnectToTcpHostAsync(String host, Int32 port, HttpRequestMessage initialRequest, Boolean async, CancellationToken cancellationToken)\r\n   at System.Net.Http.HttpConnectionPool.ConnectAsync(HttpRequestMessage request, Boolean async, CancellationToken cancellationToken)\r\n   at System.Net.Http.HttpConnectionPool.CreateHttp11ConnectionAsync(HttpRequestMessage request, Boolean async, CancellationToken cancellationToken)\r\n   at System.Net.Http.HttpConnectionPool.InjectNewHttp11ConnectionAsync(QueueItem queueItem)\r\n   at System.Threading.Tasks.TaskCompletionSourceWithCancellation`1.WaitWithCancellationAsync(CancellationToken cancellationToken)\r\n   at System.Net.Http.HttpConnectionWaiter`1.WaitForConnectionWithTelemetryAsync(HttpRequestMessage request, HttpConnectionPool pool, Boolean async, CancellationToken requestCancellationToken)\r\n   at System.Net.Http.HttpConnectionPool.SendWithVersionDetectionAndRetryAsync(HttpRequestMessage request, Boolean async, Boolean doRequestAuth, CancellationToken cancellationToken)\r\n   at System.Net.Http.Metrics.MetricsHandler.SendAsyncWithMetrics(HttpRequestMessage request, Boolean async, CancellationToken cancellationToken)\r\n   at System.Net.Http.DiagnosticsHandler.SendAsyncCore(HttpRequestMessage request, Boolean async, CancellationToken cancellationToken)\r\n   at System.Net.Http.RedirectHandler.SendAsync(HttpRequestMessage request, Boolean async, CancellationToken cancellationToken)\r\n   at System.Net.Http.HttpClient.&lt;SendAsync&gt;g__Core|83_0(HttpRequestMessage request, HttpCompletionOption completionOption, CancellationTokenSource cts, Boolean disposeCts, CancellationTokenSource pendingRequestsCts, CancellationToken originalCancellationToken)\r\n   at Consul.PutNothingRequest.Execute(CancellationToken ct) in D:\\a\\consuldotnet\\consuldotnet\\Consul\\Client_PutRequests.cs:line 144\r\n   at Leno.Infrastructure.ServiceDiscovery.ConsulServiceRegistrationHostedService.StopAsync(CancellationToken cancellationToken) in E:\\Leno\\src\\BuildingBlocks\\Leno.Infrastructure\\ServiceDiscovery\\ConsulServiceRegistrationExtensions.cs:line 92","Properties":{"ServiceId":"leno-membership-api-DESKTOP-8HKHSKP-8080","SourceContext":"Leno.Infrastructure.ServiceDiscovery.ConsulServiceRegistrationHostedService","Application":"leno-review-api","Environment":"Development"}}&#xD;
{"Timestamp":"2026-07-27T07:17:53.0626515+08:00","Level":"Warning","MessageTemplate":"Failed to deregister service {ServiceId} from Consul","Exception":"System.Net.Http.HttpRequestException: ����Ŀ�����������ܾ����޷����ӡ� (localhost:8500)\r\n ---&gt; System.Net.Sockets.SocketException (10061): ����Ŀ�����������ܾ����޷����ӡ�\r\n   at System.Net.Sockets.Socket.AwaitableSocketAsyncEventArgs.ThrowException(SocketError error, CancellationToken cancellationToken)\r\n   at System.Net.Sockets.Socket.AwaitableSocketAsyncEventArgs.System.Threading.Tasks.Sources.IValueTaskSource.GetResult(Int16 token)\r\n   at System.Net.Http.HttpConnectionPool.ConnectToTcpHostAsync(String host, Int32 port, HttpRequestMessage initialRequest, Boolean async, CancellationToken cancellationToken)\r\n   --- End of inner exception stack trace ---\r\n   at System.Net.Http.HttpConnectionPool.ConnectToTcpHostAsync(String host, Int32 port, HttpRequestMessage initialRequest, Boolean async, CancellationToken cancellationToken)\r\n   at System.Net.Http.HttpConnectionPool.ConnectAsync(HttpRequestMessage request, Boolean async, CancellationToken cancellationToken)\r\n   at System.Net.Http.HttpConnectionPool.CreateHttp11ConnectionAsync(HttpRequestMessage request, Boolean async, CancellationToken cancellationToken)\r\n   at System.Net.Http.HttpConnectionPool.InjectNewHttp11ConnectionAsync(QueueItem queueItem)\r\n   at System.Threading.Tasks.TaskCompletionSourceWithCancellation`1.WaitWithCancellationAsync(CancellationToken cancellationToken)\r\n   at System.Net.Http.HttpConnectionWaiter`1.WaitForConnectionWithTelemetryAsync(HttpRequestMessage request, HttpConnectionPool pool, Boolean async, CancellationToken requestCancellationToken)\r\n   at System.Net.Http.HttpConnectionPool.SendWithVersionDetectionAndRetryAsync(HttpRequestMessage request, Boolean async, Boolean doRequestAuth, CancellationToken cancellationToken)\r\n   at System.Net.Http.Metrics.MetricsHandler.SendAsyncWithMetrics(HttpRequestMessage request, Boolean async, CancellationToken cancellationToken)\r\n   at System.Net.Http.DiagnosticsHandler.SendAsyncCore(HttpRequestMessage request, Boolean async, CancellationToken cancellationToken)\r\n   at System.Net.Http.RedirectHandler.SendAsync(HttpRequestMessage request, Boolean async, CancellationToken cancellationToken)\r\n   at System.Net.Http.HttpClient.&lt;SendAsync&gt;g__Core|83_0(HttpRequestMessage request, HttpCompletionOption completionOption, CancellationTokenSource cts, Boolean disposeCts, CancellationTokenSource pendingRequestsCts, CancellationToken originalCancellationToken)\r\n   at Consul.PutNothingRequest.Execute(CancellationToken ct) in D:\\a\\consuldotnet\\consuldotnet\\Consul\\Client_PutRequests.cs:line 144\r\n   at Leno.Infrastructure.ServiceDiscovery.ConsulServiceRegistrationHostedService.StopAsync(CancellationToken cancellationToken) in E:\\Leno\\src\\BuildingBlocks\\Leno.Infrastructure\\ServiceDiscovery\\ConsulServiceRegistrationExtensions.cs:line 92","Properties":{"ServiceId":"leno-identity-api-DESKTOP-8HKHSKP-8083","SourceContext":"Leno.Infrastructure.ServiceDiscovery.ConsulServiceRegistrationHostedService","Application":"leno-review-api","Environment":"Development"}}&#xD;
[xUnit.net 00:00:22.20]   Finished:    Leno.Integration.Tests&#xD;
</StdOut>
    </Output>
  </ResultSummary>
</TestRun>